2025-03-07 10:46:48,122 - INFO - Already Login
2025-03-07 10:47:02,118 - INFO - 0
2025-03-07 10:47:02,199 - INFO - in
2025-03-07 10:47:02,219 - INFO - in
2025-03-07 10:47:02,249 - INFO - in
2025-03-07 10:47:02,261 - INFO - in
2025-03-07 10:47:02,280 - INFO - in
2025-03-07 10:47:02,302 - INFO - in
2025-03-07 10:47:02,329 - INFO - in
2025-03-07 10:47:02,354 - INFO - in
2025-03-07 10:47:02,393 - INFO - in
2025-03-07 10:47:02,593 - INFO - in
2025-03-07 10:47:02,667 - INFO - in
2025-03-07 10:47:02,707 - INFO - in
2025-03-07 10:47:02,727 - INFO - in
2025-03-07 10:47:02,743 - INFO - in
2025-03-07 10:47:02,768 - INFO - in
2025-03-07 10:47:02,789 - INFO - in
2025-03-07 10:47:02,813 - INFO - in
2025-03-07 10:47:02,847 - INFO - in
2025-03-07 10:47:02,886 - INFO - in
2025-03-07 10:47:02,916 - INFO - in
2025-03-07 10:47:02,961 - INFO - in
2025-03-07 10:47:03,050 - INFO - in
2025-03-07 10:47:03,128 - INFO - in
2025-03-07 10:47:03,156 - INFO - in
2025-03-07 10:47:03,190 - INFO - Data saved to landingpage/data/craglist.csv
2025-03-07 10:47:03,290 - INFO - in
2025-03-07 10:47:03,389 - INFO - 1
2025-03-07 10:47:03,448 - INFO - Data saved to landingpage/data/craglist.csv
2025-03-07 10:47:03,558 - INFO - in
2025-03-07 10:47:03,599 - INFO - Data saved to landingpage/data/craglist.csv
2025-03-07 10:47:03,742 - INFO - in
2025-03-07 10:47:04,036 - INFO - in
2025-03-07 10:47:04,218 - INFO - in
2025-03-07 10:47:04,239 - INFO - Data saved to landingpage/data/craglist.csv
2025-03-07 10:47:04,347 - INFO - in
2025-03-07 10:47:04,873 - INFO - in
2025-03-07 10:47:05,061 - INFO - in
2025-03-07 10:47:05,099 - INFO - in
2025-03-07 10:47:05,119 - INFO - in
2025-03-07 10:47:05,136 - INFO - in
2025-03-07 10:47:05,147 - INFO - Data saved to landingpage/data/craglist.csv
2025-03-07 10:47:05,155 - INFO - in
2025-03-07 10:47:05,184 - INFO - in
2025-03-07 10:47:05,213 - INFO - in
2025-03-07 10:47:05,232 - INFO - in
2025-03-07 10:47:05,253 - INFO - in
2025-03-07 10:47:05,273 - INFO - in
2025-03-07 10:47:05,297 - INFO - in
2025-03-07 10:47:05,320 - INFO - in
2025-03-07 10:47:05,360 - INFO - in
2025-03-07 10:47:05,522 - INFO - in
2025-03-07 10:47:05,547 - INFO - in
2025-03-07 10:47:05,559 - INFO - Data saved to landingpage/data/craglist.csv
2025-03-07 10:47:05,561 - INFO - in
2025-03-07 10:47:05,576 - INFO - in
2025-03-07 10:47:05,600 - INFO - in
2025-03-07 10:47:05,619 - INFO - in
2025-03-07 10:47:05,640 - INFO - in
2025-03-07 10:47:05,922 - INFO - in
2025-03-07 10:47:05,943 - INFO - in
2025-03-07 10:47:05,958 - INFO - in
2025-03-07 10:47:05,973 - INFO - in
2025-03-07 10:47:05,976 - INFO - Data saved to landingpage/data/craglist.csv
2025-03-07 10:47:05,987 - INFO - in
2025-03-07 10:47:06,015 - INFO - in
2025-03-07 10:47:06,034 - INFO - in
2025-03-07 10:47:06,070 - INFO - in
2025-03-07 10:47:06,090 - INFO - in
2025-03-07 10:47:06,121 - INFO - in
2025-03-07 10:47:06,188 - INFO - in
2025-03-07 10:47:06,205 - INFO - in
2025-03-07 10:47:06,239 - INFO - in
2025-03-07 10:47:06,280 - INFO - in
2025-03-07 10:47:06,305 - INFO - in
2025-03-07 10:47:06,334 - INFO - Data saved to landingpage/data/craglist.csv
2025-03-07 10:47:06,351 - INFO - in
2025-03-07 10:47:06,371 - INFO - in
2025-03-07 10:47:06,398 - INFO - in
2025-03-07 10:47:06,447 - INFO - in
2025-03-07 10:47:06,489 - INFO - in
2025-03-07 10:47:06,503 - INFO - in
2025-03-07 10:47:06,518 - INFO - in
2025-03-07 10:47:06,530 - INFO - Data saved to landingpage/data/craglist.csv
2025-03-07 10:47:06,545 - INFO - in
2025-03-07 10:47:06,605 - INFO - 2
2025-03-07 10:47:06,687 - INFO - in
2025-03-07 10:47:06,706 - INFO - in
2025-03-07 10:47:06,718 - INFO - in
2025-03-07 10:47:06,734 - INFO - Data saved to landingpage/data/craglist.csv
2025-03-07 10:47:06,736 - INFO - in
2025-03-07 10:47:06,761 - INFO - in
2025-03-07 10:47:06,800 - INFO - in
2025-03-07 10:47:06,817 - INFO - in
2025-03-07 10:47:06,845 - INFO - in
2025-03-07 10:47:06,869 - INFO - in
2025-03-07 10:47:06,888 - INFO - in
2025-03-07 10:47:06,938 - INFO - in
2025-03-07 10:47:06,949 - INFO - Data saved to landingpage/data/craglist.csv
2025-03-07 10:47:06,965 - INFO - in
2025-03-07 10:47:06,987 - INFO - in
2025-03-07 10:47:07,004 - INFO - in
2025-03-07 10:47:07,018 - INFO - in
2025-03-07 10:47:07,035 - INFO - in
2025-03-07 10:47:07,084 - INFO - in
2025-03-07 10:47:07,118 - INFO - Data saved to landingpage/data/craglist.csv
2025-03-07 10:47:07,122 - INFO - in
2025-03-07 10:47:07,143 - INFO - in
2025-03-07 10:47:07,165 - INFO - in
2025-03-07 10:47:07,181 - INFO - in
2025-03-07 10:47:07,198 - INFO - in
2025-03-07 10:47:07,216 - INFO - in
2025-03-07 10:47:07,232 - INFO - in
2025-03-07 10:47:07,247 - INFO - in
2025-03-07 10:47:07,259 - INFO - in
2025-03-07 10:47:07,264 - INFO - Data saved to landingpage/data/craglist.csv
2025-03-07 10:47:07,270 - INFO - in
2025-03-07 10:47:07,282 - INFO - in
2025-03-07 10:47:07,292 - INFO - in
2025-03-07 10:47:07,314 - INFO - in
2025-03-07 10:47:07,332 - INFO - in
2025-03-07 10:47:07,349 - INFO - in
2025-03-07 10:47:07,359 - INFO - in
2025-03-07 10:47:07,370 - INFO - in
2025-03-07 10:47:07,379 - INFO - in
2025-03-07 10:47:07,390 - INFO - in
2025-03-07 10:47:07,400 - INFO - in
2025-03-07 10:47:07,404 - INFO - Data saved to landingpage/data/craglist.csv
2025-03-07 10:47:07,412 - INFO - in
2025-03-07 10:47:07,430 - INFO - in
2025-03-07 10:47:07,448 - INFO - in
2025-03-07 10:47:07,466 - INFO - in
2025-03-07 10:47:07,476 - INFO - in
2025-03-07 10:47:07,494 - INFO - in
2025-03-07 10:47:07,505 - INFO - in
2025-03-07 10:47:07,516 - INFO - in
2025-03-07 10:47:07,525 - INFO - in
2025-03-07 10:47:07,535 - INFO - Data saved to landingpage/data/craglist.csv
2025-03-07 10:47:07,538 - INFO - in
2025-03-07 10:47:07,549 - INFO - in
2025-03-07 10:47:07,559 - INFO - in
2025-03-07 10:47:07,573 - INFO - in
2025-03-07 10:47:07,597 - INFO - in
2025-03-07 10:47:07,621 - INFO - in
2025-03-07 10:47:07,639 - INFO - in
2025-03-07 10:47:07,653 - INFO - in
2025-03-07 10:47:07,665 - INFO - in
2025-03-07 10:47:07,680 - INFO - Data saved to landingpage/data/craglist.csv
2025-03-07 10:47:07,681 - INFO - in
2025-03-07 10:47:07,696 - INFO - in
2025-03-07 10:47:07,723 - INFO - in
2025-03-07 10:47:07,742 - INFO - in
2025-03-07 10:47:07,756 - INFO - in
2025-03-07 10:47:07,770 - INFO - in
2025-03-07 10:47:07,781 - INFO - in
2025-03-07 10:47:07,791 - INFO - in
2025-03-07 10:47:07,801 - INFO - in
2025-03-07 10:47:07,812 - INFO - in
2025-03-07 10:47:07,824 - INFO - in
2025-03-07 10:47:07,827 - INFO - Data saved to landingpage/data/craglist.csv
2025-03-07 10:47:07,834 - INFO - in
2025-03-07 10:47:07,848 - INFO - in
2025-03-07 10:47:07,861 - INFO - in
2025-03-07 10:47:07,878 - INFO - in
2025-03-07 10:47:07,893 - INFO - in
2025-03-07 10:47:07,904 - INFO - in
2025-03-07 10:47:07,933 - INFO - 3
2025-03-07 10:47:07,940 - INFO - Data saved to landingpage/data/craglist.csv
2025-03-07 10:47:08,111 - INFO - Data saved to landingpage/data/craglist.csv
2025-03-07 10:47:08,214 - INFO - in
2025-03-07 10:47:08,303 - INFO - in
2025-03-07 10:47:08,321 - INFO - in
2025-03-07 10:47:08,325 - INFO - Data saved to landingpage/data/craglist.csv
2025-03-07 10:47:08,389 - INFO - in
2025-03-07 10:47:08,440 - INFO - in
2025-03-07 10:47:08,486 - INFO - in
2025-03-07 10:47:08,516 - INFO - in
2025-03-07 10:47:08,557 - INFO - in
2025-03-07 10:47:08,564 - INFO - Data saved to landingpage/data/craglist.csv
2025-03-07 10:47:08,592 - INFO - in
2025-03-07 10:47:08,629 - INFO - in
2025-03-07 10:47:08,655 - INFO - in
2025-03-07 10:47:08,678 - INFO - in
2025-03-07 10:47:08,696 - INFO - in
2025-03-07 10:47:08,731 - INFO - in
2025-03-07 10:47:08,753 - INFO - Data saved to landingpage/data/craglist.csv
2025-03-07 10:47:08,757 - INFO - in
2025-03-07 10:47:08,778 - INFO - in
2025-03-07 10:47:08,816 - INFO - in
2025-03-07 10:47:08,875 - INFO - in
2025-03-07 10:47:08,952 - INFO - in
2025-03-07 10:47:09,018 - INFO - in
2025-03-07 10:47:09,034 - INFO - Data saved to landingpage/data/craglist.csv
2025-03-07 10:47:09,042 - INFO - in
2025-03-07 10:47:09,067 - INFO - in
2025-03-07 10:47:09,089 - INFO - in
2025-03-07 10:47:09,128 - INFO - in
2025-03-07 10:47:09,174 - INFO - in
2025-03-07 10:47:09,337 - INFO - in
2025-03-07 10:47:09,371 - INFO - in
2025-03-07 10:47:09,546 - INFO - in
2025-03-07 10:47:09,726 - INFO - Data saved to landingpage/data/craglist.csv
2025-03-07 10:47:09,777 - INFO - in
2025-03-07 10:47:09,815 - INFO - in
2025-03-07 10:47:10,086 - INFO - in
2025-03-07 10:47:10,252 - INFO - in
2025-03-07 10:47:10,286 - INFO - in
2025-03-07 10:47:10,539 - INFO - in
2025-03-07 10:47:10,629 - INFO - in
2025-03-07 10:47:10,671 - INFO - in
2025-03-07 10:47:10,695 - INFO - Data saved to landingpage/data/craglist.csv
2025-03-07 10:47:10,941 - INFO - in
2025-03-07 10:47:10,988 - INFO - in
2025-03-07 10:47:11,016 - INFO - in
2025-03-07 10:47:11,054 - INFO - in
2025-03-07 10:47:11,101 - INFO - in
2025-03-07 10:47:11,126 - INFO - in
2025-03-07 10:47:11,151 - INFO - in
2025-03-07 10:47:11,210 - INFO - Data saved to landingpage/data/craglist.csv
2025-03-07 10:47:11,210 - INFO - in
2025-03-07 10:47:11,244 - INFO - in
2025-03-07 10:47:11,277 - INFO - in
2025-03-07 10:47:11,298 - INFO - in
2025-03-07 10:47:11,316 - INFO - in
2025-03-07 10:47:11,333 - INFO - in
2025-03-07 10:47:11,357 - INFO - in
2025-03-07 10:47:11,374 - INFO - in
2025-03-07 10:47:11,383 - INFO - Data saved to landingpage/data/craglist.csv
2025-03-07 10:47:11,392 - INFO - in
2025-03-07 10:47:11,409 - INFO - in
2025-03-07 10:47:11,423 - INFO - in
2025-03-07 10:47:11,435 - INFO - in
2025-03-07 10:47:11,450 - INFO - in
2025-03-07 10:47:11,467 - INFO - in
2025-03-07 10:47:11,506 - INFO - in
2025-03-07 10:47:11,525 - INFO - in
2025-03-07 10:47:11,543 - INFO - in
2025-03-07 10:47:11,549 - INFO - Data saved to landingpage/data/craglist.csv
2025-03-07 10:47:11,556 - INFO - in
2025-03-07 10:47:11,579 - INFO - in
2025-03-07 10:47:11,597 - INFO - in
2025-03-07 10:47:11,629 - INFO - in
2025-03-07 10:47:11,670 - INFO - in
2025-03-07 10:47:11,721 - INFO - in
2025-03-07 10:47:11,764 - INFO - in
2025-03-07 10:47:11,785 - INFO - in
2025-03-07 10:47:11,789 - INFO - Data saved to landingpage/data/craglist.csv
2025-03-07 10:47:11,813 - INFO - in
2025-03-07 10:47:11,839 - INFO - in
2025-03-07 10:47:11,904 - INFO - in
2025-03-07 10:47:11,962 - INFO - in
2025-03-07 10:47:12,028 - INFO - in
2025-03-07 10:47:12,179 - INFO - in
2025-03-07 10:47:12,217 - INFO - in
2025-03-07 10:47:12,280 - INFO - in
2025-03-07 10:47:12,406 - INFO - Data saved to landingpage/data/craglist.csv
2025-03-07 10:47:12,514 - INFO - in
2025-03-07 10:47:12,787 - INFO - in
2025-03-07 10:47:13,274 - INFO - in
2025-03-07 10:47:13,604 - INFO - in
2025-03-07 10:47:13,745 - INFO - in
2025-03-07 10:47:13,772 - INFO - in
2025-03-07 10:47:13,798 - INFO - in
2025-03-07 10:47:13,830 - INFO - in
2025-03-07 10:47:13,928 - INFO - Data saved to landingpage/data/craglist.csv
2025-03-07 10:47:13,961 - INFO - in
2025-03-07 10:47:14,050 - INFO - in
2025-03-07 10:47:14,073 - INFO - in
2025-03-07 10:47:14,096 - INFO - in
2025-03-07 10:47:14,128 - INFO - in
2025-03-07 10:47:14,162 - INFO - in
2025-03-07 10:47:14,202 - INFO - in
2025-03-07 10:47:14,248 - INFO - 4
2025-03-07 10:47:14,276 - INFO - Data saved to landingpage/data/craglist.csv
2025-03-07 10:47:14,338 - INFO - in
2025-03-07 10:47:14,387 - INFO - in
2025-03-07 10:47:14,483 - INFO - in
2025-03-07 10:47:14,502 - INFO - in
2025-03-07 10:47:14,518 - INFO - in
2025-03-07 10:47:14,572 - INFO - in
2025-03-07 10:47:14,607 - INFO - Data saved to landingpage/data/craglist.csv
2025-03-07 10:47:14,617 - INFO - in
2025-03-07 10:47:14,664 - INFO - in
2025-03-07 10:47:14,686 - INFO - in
2025-03-07 10:47:14,715 - INFO - in
2025-03-07 10:47:14,739 - INFO - in
2025-03-07 10:47:14,754 - INFO - Data saved to landingpage/data/craglist.csv
2025-03-07 10:47:14,755 - INFO - in
2025-03-07 10:47:14,787 - INFO - in
2025-03-07 10:47:14,803 - INFO - in
2025-03-07 10:47:14,822 - INFO - in
2025-03-07 10:47:14,872 - INFO - in
2025-03-07 10:47:14,899 - INFO - in
2025-03-07 10:47:14,913 - INFO - Data saved to landingpage/data/craglist.csv
2025-03-07 10:47:14,933 - INFO - in
2025-03-07 10:47:14,953 - INFO - in
2025-03-07 10:47:14,980 - INFO - in
2025-03-07 10:47:15,003 - INFO - in
2025-03-07 10:47:15,020 - INFO - in
2025-03-07 10:47:15,035 - INFO - in
2025-03-07 10:47:15,055 - INFO - in
2025-03-07 10:47:15,062 - INFO - Data saved to landingpage/data/craglist.csv
2025-03-07 10:47:15,080 - INFO - in
2025-03-07 10:47:15,120 - INFO - in
2025-03-07 10:47:15,145 - INFO - in
2025-03-07 10:47:15,161 - INFO - in
2025-03-07 10:47:15,175 - INFO - in
2025-03-07 10:47:15,188 - INFO - in
2025-03-07 10:47:15,200 - INFO - in
2025-03-07 10:47:15,209 - INFO - in
2025-03-07 10:47:15,220 - INFO - in
2025-03-07 10:47:15,221 - INFO - Data saved to landingpage/data/craglist.csv
2025-03-07 10:47:15,233 - INFO - in
2025-03-07 10:47:15,251 - INFO - in
2025-03-07 10:47:15,267 - INFO - in
2025-03-07 10:47:15,280 - INFO - in
2025-03-07 10:47:15,299 - INFO - in
2025-03-07 10:47:15,313 - INFO - in
2025-03-07 10:47:15,327 - INFO - in
2025-03-07 10:47:15,338 - INFO - in
2025-03-07 10:47:15,352 - INFO - in
2025-03-07 10:47:15,365 - INFO - in
2025-03-07 10:47:15,373 - INFO - Data saved to landingpage/data/craglist.csv
2025-03-07 10:47:15,390 - INFO - in
2025-03-07 10:47:15,410 - INFO - in
2025-03-07 10:47:15,435 - INFO - in
2025-03-07 10:47:15,456 - INFO - in
2025-03-07 10:47:15,470 - INFO - in
2025-03-07 10:47:15,482 - INFO - in
2025-03-07 10:47:15,499 - INFO - in
2025-03-07 10:47:15,581 - INFO - in
2025-03-07 10:47:15,600 - INFO - Data saved to landingpage/data/craglist.csv
2025-03-07 10:47:15,728 - INFO - in
2025-03-07 10:47:15,747 - INFO - in
2025-03-07 10:47:15,765 - INFO - in
2025-03-07 10:47:15,775 - INFO - Data saved to landingpage/data/craglist.csv
2025-03-07 10:47:15,782 - INFO - in
2025-03-07 10:47:15,795 - INFO - in
2025-03-07 10:47:15,815 - INFO - in
2025-03-07 10:47:15,837 - INFO - in
2025-03-07 10:47:15,856 - INFO - in
2025-03-07 10:47:15,872 - INFO - in
2025-03-07 10:47:15,886 - INFO - in
2025-03-07 10:47:15,897 - INFO - Data saved to landingpage/data/craglist.csv
2025-03-07 10:47:15,904 - INFO - in
2025-03-07 10:47:15,928 - INFO - in
2025-03-07 10:47:15,949 - INFO - in
2025-03-07 10:47:15,987 - INFO - in
2025-03-07 10:47:16,015 - INFO - in
2025-03-07 10:47:16,115 - INFO - in
2025-03-07 10:47:16,147 - INFO - in
2025-03-07 10:47:16,158 - INFO - in
2025-03-07 10:47:16,167 - INFO - Data saved to landingpage/data/craglist.csv
2025-03-07 10:47:16,170 - INFO - in
2025-03-07 10:47:16,183 - INFO - in
2025-03-07 10:47:16,194 - INFO - in
2025-03-07 10:47:16,212 - INFO - in
2025-03-07 10:47:16,224 - INFO - in
2025-03-07 10:47:16,244 - INFO - in
2025-03-07 10:47:16,255 - INFO - in
2025-03-07 10:47:16,268 - INFO - in
2025-03-07 10:47:16,278 - INFO - in
2025-03-07 10:47:16,290 - INFO - in
2025-03-07 10:47:16,293 - INFO - Data saved to landingpage/data/craglist.csv
2025-03-07 10:47:16,304 - INFO - in
2025-03-07 10:47:16,322 - INFO - in
2025-03-07 10:47:16,338 - INFO - in
2025-03-07 10:47:16,368 - INFO - in
2025-03-07 10:47:16,388 - INFO - in
2025-03-07 10:47:16,407 - INFO - in
2025-03-07 10:47:16,423 - INFO - in
2025-03-07 10:47:16,440 - INFO - in
2025-03-07 10:47:16,451 - INFO - in
2025-03-07 10:47:16,467 - INFO - in
2025-03-07 10:47:16,488 - INFO - in
2025-03-07 10:47:16,497 - INFO - Data saved to landingpage/data/craglist.csv
2025-03-07 10:47:16,539 - INFO - 5
2025-03-07 10:47:16,611 - INFO - in
2025-03-07 10:47:16,673 - INFO - in
2025-03-07 10:47:16,679 - INFO - Data saved to landingpage/data/craglist.csv
2025-03-07 10:47:16,692 - INFO - in
2025-03-07 10:47:16,718 - INFO - in
2025-03-07 10:47:16,738 - INFO - in
2025-03-07 10:47:16,752 - INFO - in
2025-03-07 10:47:16,767 - INFO - in
2025-03-07 10:47:16,779 - INFO - in
2025-03-07 10:47:16,792 - INFO - in
2025-03-07 10:47:16,803 - INFO - in
2025-03-07 10:47:16,822 - INFO - in
2025-03-07 10:47:16,833 - INFO - Data saved to landingpage/data/craglist.csv
2025-03-07 10:47:16,871 - INFO - in
2025-03-07 10:47:16,886 - INFO - in
2025-03-07 10:47:16,899 - INFO - in
2025-03-07 10:47:16,912 - INFO - in
2025-03-07 10:47:16,945 - INFO - in
2025-03-07 10:47:16,956 - INFO - in
2025-03-07 10:47:16,960 - INFO - Data saved to landingpage/data/craglist.csv
2025-03-07 10:47:16,975 - INFO - in
2025-03-07 10:47:16,984 - INFO - in
2025-03-07 10:47:16,994 - INFO - in
2025-03-07 10:47:17,004 - INFO - in
2025-03-07 10:47:17,015 - INFO - in
2025-03-07 10:47:17,027 - INFO - in
2025-03-07 10:47:17,039 - INFO - in
2025-03-07 10:47:17,056 - INFO - in
2025-03-07 10:47:17,068 - INFO - Data saved to landingpage/data/craglist.csv
2025-03-07 10:47:17,069 - INFO - in
2025-03-07 10:47:17,079 - INFO - in
2025-03-07 10:47:17,102 - INFO - in
2025-03-07 10:47:17,122 - INFO - in
2025-03-07 10:47:17,134 - INFO - in
2025-03-07 10:47:17,145 - INFO - in
2025-03-07 10:47:17,156 - INFO - in
2025-03-07 10:47:17,166 - INFO - in
2025-03-07 10:47:17,176 - INFO - in
2025-03-07 10:47:17,179 - INFO - Data saved to landingpage/data/craglist.csv
2025-03-07 10:47:17,189 - INFO - in
2025-03-07 10:47:17,201 - INFO - in
2025-03-07 10:47:17,222 - INFO - in
2025-03-07 10:47:17,247 - INFO - in
2025-03-07 10:47:17,257 - INFO - in
2025-03-07 10:47:17,281 - INFO - in
2025-03-07 10:47:17,293 - INFO - in
2025-03-07 10:47:17,304 - INFO - in
2025-03-07 10:47:17,304 - INFO - Data saved to landingpage/data/craglist.csv
2025-03-07 10:47:17,338 - INFO - in
2025-03-07 10:47:17,370 - INFO - in
2025-03-07 10:47:17,403 - INFO - in
2025-03-07 10:47:17,416 - INFO - in
2025-03-07 10:47:17,435 - INFO - in
2025-03-07 10:47:17,452 - INFO - in
2025-03-07 10:47:17,463 - INFO - in
2025-03-07 10:47:17,475 - INFO - in
2025-03-07 10:47:17,488 - INFO - in
2025-03-07 10:47:17,488 - INFO - Data saved to landingpage/data/craglist.csv
2025-03-07 10:47:17,499 - INFO - in
2025-03-07 10:47:17,511 - INFO - in
2025-03-07 10:47:17,526 - INFO - in
2025-03-07 10:47:17,556 - INFO - in
2025-03-07 10:47:17,582 - INFO - in
2025-03-07 10:47:17,595 - INFO - in
2025-03-07 10:47:17,607 - INFO - in
2025-03-07 10:47:17,610 - INFO - Data saved to landingpage/data/craglist.csv
2025-03-07 10:47:17,618 - INFO - in
2025-03-07 10:47:17,633 - INFO - in
2025-03-07 10:47:17,643 - INFO - in
2025-03-07 10:47:17,652 - INFO - in
2025-03-07 10:47:17,665 - INFO - in
2025-03-07 10:47:17,675 - INFO - in
2025-03-07 10:47:17,686 - INFO - in
2025-03-07 10:47:17,690 - INFO - Data saved to landingpage/data/craglist.csv
2025-03-07 10:47:17,696 - INFO - in
2025-03-07 10:47:17,718 - INFO - in
2025-03-07 10:47:17,739 - INFO - in
2025-03-07 10:47:17,752 - INFO - in
2025-03-07 10:47:17,764 - INFO - in
2025-03-07 10:47:17,775 - INFO - in
2025-03-07 10:47:17,786 - INFO - in
2025-03-07 10:47:17,798 - INFO - in
2025-03-07 10:47:17,809 - INFO - in
2025-03-07 10:47:17,812 - INFO - Data saved to landingpage/data/craglist.csv
2025-03-07 10:47:17,820 - INFO - in
2025-03-07 10:47:17,831 - INFO - in
2025-03-07 10:47:17,844 - INFO - in
2025-03-07 10:47:17,856 - INFO - in
2025-03-07 10:47:17,866 - INFO - in
2025-03-07 10:47:17,878 - INFO - in
2025-03-07 10:47:17,889 - INFO - in
2025-03-07 10:47:17,899 - INFO - in
2025-03-07 10:47:17,911 - INFO - Data saved to landingpage/data/craglist.csv
2025-03-07 10:47:17,911 - INFO - in
2025-03-07 10:47:17,922 - INFO - in
2025-03-07 10:47:17,935 - INFO - in
2025-03-07 10:47:17,947 - INFO - in
2025-03-07 10:47:17,959 - INFO - in
2025-03-07 10:47:17,971 - INFO - in
2025-03-07 10:47:17,981 - INFO - in
2025-03-07 10:47:17,990 - INFO - in
2025-03-07 10:47:18,014 - INFO - 6
2025-03-07 10:47:18,027 - INFO - Data saved to landingpage/data/craglist.csv
2025-03-07 10:47:18,065 - INFO - in
2025-03-07 10:47:18,077 - INFO - in
2025-03-07 10:47:18,089 - INFO - in
2025-03-07 10:47:18,106 - INFO - in
2025-03-07 10:47:18,119 - INFO - in
2025-03-07 10:47:18,133 - INFO - in
2025-03-07 10:47:18,148 - INFO - in
2025-03-07 10:47:18,159 - INFO - Data saved to landingpage/data/craglist.csv
2025-03-07 10:47:18,165 - INFO - in
2025-03-07 10:47:18,180 - INFO - in
2025-03-07 10:47:18,210 - INFO - in
2025-03-07 10:47:18,225 - INFO - in
2025-03-07 10:47:18,248 - INFO - in
2025-03-07 10:47:18,270 - INFO - in
2025-03-07 10:47:18,284 - INFO - in
2025-03-07 10:47:18,295 - INFO - Data saved to landingpage/data/craglist.csv
2025-03-07 10:47:18,302 - INFO - in
2025-03-07 10:47:18,324 - INFO - in
2025-03-07 10:47:18,337 - INFO - in
2025-03-07 10:47:18,352 - INFO - in
2025-03-07 10:47:18,370 - INFO - in
2025-03-07 10:47:18,403 - INFO - in
2025-03-07 10:47:18,406 - INFO - Data saved to landingpage/data/craglist.csv
2025-03-07 10:47:18,416 - INFO - in
2025-03-07 10:47:18,430 - INFO - in
2025-03-07 10:47:18,445 - INFO - in
2025-03-07 10:47:18,459 - INFO - in
2025-03-07 10:47:18,486 - INFO - in
2025-03-07 10:47:18,500 - INFO - in
2025-03-07 10:47:18,514 - INFO - in
2025-03-07 10:47:18,527 - INFO - in
2025-03-07 10:47:18,531 - INFO - Data saved to landingpage/data/craglist.csv
2025-03-07 10:47:18,538 - INFO - in
2025-03-07 10:47:18,550 - INFO - in
2025-03-07 10:47:18,562 - INFO - in
2025-03-07 10:47:18,573 - INFO - in
2025-03-07 10:47:18,591 - INFO - in
2025-03-07 10:47:18,611 - INFO - in
2025-03-07 10:47:18,615 - INFO - Data saved to landingpage/data/craglist.csv
2025-03-07 10:47:18,622 - INFO - in
2025-03-07 10:47:18,642 - INFO - in
2025-03-07 10:47:18,659 - INFO - in
2025-03-07 10:47:18,673 - INFO - in
2025-03-07 10:47:18,721 - INFO - in
2025-03-07 10:47:18,772 - INFO - in
2025-03-07 10:47:18,792 - INFO - in
2025-03-07 10:47:18,810 - INFO - Data saved to landingpage/data/craglist.csv
2025-03-07 10:47:18,818 - INFO - in
2025-03-07 10:47:18,834 - INFO - in
2025-03-07 10:47:18,847 - INFO - in
2025-03-07 10:47:18,861 - INFO - in
2025-03-07 10:47:18,877 - INFO - in
2025-03-07 10:47:18,892 - INFO - in
2025-03-07 10:47:18,904 - INFO - in
2025-03-07 10:47:18,917 - INFO - in
2025-03-07 10:47:18,932 - INFO - in
2025-03-07 10:47:18,945 - INFO - in
2025-03-07 10:47:18,957 - INFO - in
2025-03-07 10:47:18,961 - INFO - Data saved to landingpage/data/craglist.csv
2025-03-07 10:47:18,971 - INFO - in
2025-03-07 10:47:19,039 - INFO - in
2025-03-07 10:47:19,105 - INFO - Data saved to landingpage/data/craglist.csv
2025-03-07 10:47:19,158 - INFO - in
2025-03-07 10:47:19,159 - INFO - Data saved to landingpage/data/craglist.csv
2025-03-07 10:47:19,188 - INFO - in
2025-03-07 10:47:19,203 - INFO - in
2025-03-07 10:47:19,217 - INFO - in
2025-03-07 10:47:19,229 - INFO - in
2025-03-07 10:47:19,238 - INFO - in
2025-03-07 10:47:19,251 - INFO - in
2025-03-07 10:47:19,265 - INFO - in
2025-03-07 10:47:19,279 - INFO - in
2025-03-07 10:47:19,291 - INFO - in
2025-03-07 10:47:19,317 - INFO - in
2025-03-07 10:47:19,332 - INFO - in
2025-03-07 10:47:19,344 - INFO - in
2025-03-07 10:47:19,358 - INFO - in
2025-03-07 10:47:19,371 - INFO - in
2025-03-07 10:47:19,395 - INFO - in
2025-03-07 10:47:19,435 - INFO - in
2025-03-07 10:47:19,479 - INFO - in
2025-03-07 10:47:19,495 - INFO - in
2025-03-07 10:47:19,515 - INFO - in
2025-03-07 10:47:19,527 - INFO - in
2025-03-07 10:47:19,540 - INFO - in
2025-03-07 10:47:19,551 - INFO - in
2025-03-07 10:47:19,563 - INFO - in
2025-03-07 10:47:19,584 - INFO - in
2025-03-07 10:47:19,621 - INFO - 7
2025-03-07 10:47:19,677 - INFO - in
2025-03-07 10:47:19,687 - INFO - in
2025-03-07 10:47:19,698 - INFO - in
2025-03-07 10:47:19,706 - INFO - in
2025-03-07 10:47:19,717 - INFO - in
2025-03-07 10:47:19,724 - INFO - in
2025-03-07 10:47:19,734 - INFO - in
2025-03-07 10:47:19,744 - INFO - in
2025-03-07 10:47:19,753 - INFO - in
2025-03-07 10:47:19,766 - INFO - in
2025-03-07 10:47:19,778 - INFO - in
2025-03-07 10:47:19,827 - INFO - in
2025-03-07 10:47:19,963 - INFO - in
2025-03-07 10:47:19,997 - INFO - in
2025-03-07 10:47:20,006 - INFO - in
2025-03-07 10:47:20,016 - INFO - in
2025-03-07 10:47:20,026 - INFO - in
2025-03-07 10:47:20,036 - INFO - in
2025-03-07 10:47:20,046 - INFO - in
2025-03-07 10:47:20,054 - INFO - in
2025-03-07 10:47:20,064 - INFO - in
2025-03-07 10:47:20,072 - INFO - in
2025-03-07 10:47:20,080 - INFO - in
2025-03-07 10:47:20,089 - INFO - in
2025-03-07 10:47:20,099 - INFO - in
2025-03-07 10:47:20,108 - INFO - in
2025-03-07 10:47:20,118 - INFO - in
2025-03-07 10:47:20,127 - INFO - in
2025-03-07 10:47:20,142 - INFO - in
2025-03-07 10:47:20,154 - INFO - in
2025-03-07 10:47:20,165 - INFO - in
2025-03-07 10:47:20,184 - INFO - in
2025-03-07 10:47:20,198 - INFO - in
2025-03-07 10:47:20,219 - INFO - in
2025-03-07 10:47:20,246 - INFO - in
2025-03-07 10:47:20,261 - INFO - in
2025-03-07 10:47:20,272 - INFO - in
2025-03-07 10:47:20,285 - INFO - in
2025-03-07 10:47:20,294 - INFO - in
2025-03-07 10:47:20,305 - INFO - in
2025-03-07 10:47:20,316 - INFO - in
2025-03-07 10:47:20,326 - INFO - in
2025-03-07 10:47:20,337 - INFO - in
2025-03-07 10:47:20,359 - INFO - in
2025-03-07 10:47:20,369 - INFO - in
2025-03-07 10:47:20,380 - INFO - in
2025-03-07 10:47:20,392 - INFO - in
2025-03-07 10:47:20,404 - INFO - in
2025-03-07 10:47:20,416 - INFO - in
2025-03-07 10:47:20,430 - INFO - in
2025-03-07 10:47:20,442 - INFO - in
2025-03-07 10:47:20,454 - INFO - in
2025-03-07 10:47:20,465 - INFO - in
2025-03-07 10:47:20,475 - INFO - in
2025-03-07 10:47:20,485 - INFO - in
2025-03-07 10:47:20,494 - INFO - in
2025-03-07 10:47:20,504 - INFO - in
2025-03-07 10:47:20,519 - INFO - in
2025-03-07 10:47:20,536 - INFO - in
2025-03-07 10:47:20,545 - INFO - in
2025-03-07 10:47:20,554 - INFO - in
2025-03-07 10:47:20,564 - INFO - in
2025-03-07 10:47:20,583 - INFO - in
2025-03-07 10:47:20,594 - INFO - in
2025-03-07 10:47:20,603 - INFO - in
2025-03-07 10:47:20,614 - INFO - in
2025-03-07 10:47:20,627 - INFO - in
2025-03-07 10:47:20,638 - INFO - in
2025-03-07 10:47:20,650 - INFO - in
2025-03-07 10:47:20,670 - INFO - in
2025-03-07 10:47:20,696 - INFO - in
2025-03-07 10:47:20,726 - INFO - in
2025-03-07 10:47:20,737 - INFO - in
2025-03-07 10:47:20,761 - INFO - 8
2025-03-07 10:47:20,914 - INFO - in
2025-03-07 10:47:20,932 - INFO - in
2025-03-07 10:47:20,972 - INFO - in
2025-03-07 10:47:21,001 - INFO - in
2025-03-07 10:47:21,178 - INFO - in
2025-03-07 10:47:21,315 - INFO - in
2025-03-07 10:47:21,352 - INFO - in
2025-03-07 10:47:21,365 - INFO - in
2025-03-07 10:47:21,376 - INFO - in
2025-03-07 10:47:21,389 - INFO - in
2025-03-07 10:47:21,403 - INFO - in
2025-03-07 10:47:21,422 - INFO - in
2025-03-07 10:47:21,463 - INFO - in
2025-03-07 10:47:21,497 - INFO - in
2025-03-07 10:47:21,552 - INFO - in
2025-03-07 10:47:21,582 - INFO - in
2025-03-07 10:47:21,603 - INFO - in
2025-03-07 10:47:21,619 - INFO - in
2025-03-07 10:47:21,633 - INFO - in
2025-03-07 10:47:21,650 - INFO - in
2025-03-07 10:47:21,669 - INFO - in
2025-03-07 10:47:21,686 - INFO - in
2025-03-07 10:47:21,700 - INFO - in
2025-03-07 10:47:21,718 - INFO - in
2025-03-07 10:47:21,735 - INFO - in
2025-03-07 10:47:21,747 - INFO - in
2025-03-07 10:47:21,764 - INFO - in
2025-03-07 10:47:21,775 - INFO - in
2025-03-07 10:47:21,785 - INFO - in
2025-03-07 10:47:21,796 - INFO - in
2025-03-07 10:47:21,807 - INFO - in
2025-03-07 10:47:21,818 - INFO - in
2025-03-07 10:47:21,833 - INFO - in
2025-03-07 10:47:21,855 - INFO - in
2025-03-07 10:47:21,881 - INFO - in
2025-03-07 10:47:21,902 - INFO - in
2025-03-07 10:47:21,924 - INFO - in
2025-03-07 10:47:21,943 - INFO - in
2025-03-07 10:47:21,955 - INFO - in
2025-03-07 10:47:21,972 - INFO - in
2025-03-07 10:47:21,984 - INFO - in
2025-03-07 10:47:22,000 - INFO - in
2025-03-07 10:47:22,012 - INFO - in
2025-03-07 10:47:22,022 - INFO - in
2025-03-07 10:47:22,032 - INFO - in
2025-03-07 10:47:22,042 - INFO - in
2025-03-07 10:47:22,053 - INFO - in
2025-03-07 10:47:22,065 - INFO - in
2025-03-07 10:47:22,076 - INFO - in
2025-03-07 10:47:22,087 - INFO - in
2025-03-07 10:47:22,097 - INFO - in
2025-03-07 10:47:22,107 - INFO - in
2025-03-07 10:47:22,116 - INFO - in
2025-03-07 10:47:22,125 - INFO - in
2025-03-07 10:47:22,133 - INFO - in
2025-03-07 10:47:22,145 - INFO - in
2025-03-07 10:47:22,163 - INFO - in
2025-03-07 10:47:22,176 - INFO - in
2025-03-07 10:47:22,187 - INFO - in
2025-03-07 10:47:22,208 - INFO - in
2025-03-07 10:47:22,227 - INFO - in
2025-03-07 10:47:22,237 - INFO - in
2025-03-07 10:47:22,249 - INFO - in
2025-03-07 10:47:22,259 - INFO - in
2025-03-07 10:47:22,269 - INFO - in
2025-03-07 10:47:22,280 - INFO - in
2025-03-07 10:47:22,289 - INFO - in
2025-03-07 10:47:22,299 - INFO - in
2025-03-07 10:47:22,309 - INFO - in
2025-03-07 10:47:22,318 - INFO - in
2025-03-07 10:47:22,328 - INFO - in
2025-03-07 10:47:22,338 - INFO - in
2025-03-07 10:47:22,349 - INFO - in
2025-03-07 10:47:22,372 - INFO - in
2025-03-07 10:47:22,395 - INFO - in
2025-03-07 10:47:22,407 - INFO - in
2025-03-07 10:47:22,417 - INFO - in
2025-03-07 10:47:22,430 - INFO - in
2025-03-07 10:47:22,439 - INFO - in
2025-03-07 10:47:22,449 - INFO - in
2025-03-07 10:47:22,462 - INFO - in
2025-03-07 10:47:22,471 - INFO - in
2025-03-07 10:47:22,483 - INFO - in
2025-03-07 10:47:22,499 - INFO - in
2025-03-07 10:47:22,510 - INFO - in
2025-03-07 10:47:22,520 - INFO - in
2025-03-07 10:47:22,532 - INFO - in
2025-03-07 10:47:22,542 - INFO - in
2025-03-07 10:47:22,551 - INFO - in
2025-03-07 10:47:22,569 - INFO - in
2025-03-07 10:47:22,596 - INFO - 9
2025-03-07 10:47:22,638 - INFO - in
2025-03-07 10:47:22,649 - INFO - in
2025-03-07 10:47:22,658 - INFO - in
2025-03-07 10:47:22,669 - INFO - in
2025-03-07 10:47:22,686 - INFO - in
2025-03-07 10:47:22,762 - INFO - in
2025-03-07 10:47:22,892 - INFO - in
2025-03-07 10:47:22,923 - INFO - in
2025-03-07 10:47:22,947 - INFO - in
2025-03-07 10:47:22,957 - INFO - in
2025-03-07 10:47:22,969 - INFO - in
2025-03-07 10:47:22,979 - INFO - in
2025-03-07 10:47:22,990 - INFO - in
2025-03-07 10:47:23,000 - INFO - in
2025-03-07 10:47:23,014 - INFO - in
2025-03-07 10:47:23,022 - INFO - in
2025-03-07 10:47:23,037 - INFO - in
2025-03-07 10:47:23,059 - INFO - in
2025-03-07 10:47:23,096 - INFO - in
2025-03-07 10:47:23,119 - INFO - in
2025-03-07 10:47:23,130 - INFO - in
2025-03-07 10:47:23,142 - INFO - in
2025-03-07 10:47:23,152 - INFO - in
2025-03-07 10:47:23,161 - INFO - in
2025-03-07 10:47:23,170 - INFO - in
2025-03-07 10:47:23,180 - INFO - in
2025-03-07 10:47:23,190 - INFO - in
2025-03-07 10:47:23,200 - INFO - in
2025-03-07 10:47:23,210 - INFO - in
2025-03-07 10:47:23,219 - INFO - in
2025-03-07 10:47:23,229 - INFO - in
2025-03-07 10:47:23,238 - INFO - in
2025-03-07 10:47:23,248 - INFO - in
2025-03-07 10:47:23,257 - INFO - in
2025-03-07 10:47:23,267 - INFO - in
2025-03-07 10:47:23,284 - INFO - in
2025-03-07 10:47:23,293 - INFO - in
2025-03-07 10:47:23,307 - INFO - in
2025-03-07 10:47:23,316 - INFO - in
2025-03-07 10:47:23,357 - INFO - in
2025-03-07 10:47:23,368 - INFO - in
2025-03-07 10:47:23,378 - INFO - in
2025-03-07 10:47:23,389 - INFO - in
2025-03-07 10:47:23,399 - INFO - in
2025-03-07 10:47:23,409 - INFO - in
2025-03-07 10:47:23,418 - INFO - in
2025-03-07 10:47:23,427 - INFO - in
2025-03-07 10:47:23,435 - INFO - in
2025-03-07 10:47:23,444 - INFO - in
2025-03-07 10:47:23,454 - INFO - in
2025-03-07 10:47:23,463 - INFO - in
2025-03-07 10:47:23,472 - INFO - in
2025-03-07 10:47:23,484 - INFO - in
2025-03-07 10:47:23,494 - INFO - in
2025-03-07 10:47:23,503 - INFO - in
2025-03-07 10:47:23,513 - INFO - in
2025-03-07 10:47:23,522 - INFO - in
2025-03-07 10:47:23,531 - INFO - in
2025-03-07 10:47:23,539 - INFO - in
2025-03-07 10:47:23,547 - INFO - in
2025-03-07 10:47:23,555 - INFO - in
2025-03-07 10:47:23,563 - INFO - in
2025-03-07 10:47:23,571 - INFO - in
2025-03-07 10:47:23,578 - INFO - in
2025-03-07 10:47:23,586 - INFO - in
2025-03-07 10:47:23,596 - INFO - in
2025-03-07 10:47:23,605 - INFO - in
2025-03-07 10:47:28,017 - INFO - Data saved to landingpage/data/craglist.csv
2025-03-07 10:47:28,154 - INFO - Data saved to landingpage/data/craglist.csv
2025-03-07 10:47:28,260 - INFO - Data saved to landingpage/data/craglist.csv
2025-03-07 10:47:28,392 - INFO - Data saved to landingpage/data/craglist.csv
2025-03-07 10:47:28,626 - INFO - Data saved to landingpage/data/craglist.csv
2025-03-07 10:47:28,760 - INFO - Data saved to landingpage/data/craglist.csv
2025-03-07 10:47:28,889 - INFO - Data saved to landingpage/data/craglist.csv
2025-03-07 10:47:29,032 - INFO - Data saved to landingpage/data/craglist.csv
2025-03-07 10:47:29,178 - INFO - Data saved to landingpage/data/craglist.csv
2025-03-07 10:47:29,290 - INFO - Data saved to landingpage/data/craglist.csv
2025-03-07 10:47:29,404 - INFO - Data saved to landingpage/data/craglist.csv
2025-03-07 10:47:29,553 - INFO - Data saved to landingpage/data/craglist.csv
2025-03-07 10:47:29,664 - INFO - Data saved to landingpage/data/craglist.csv
2025-03-07 10:47:29,801 - INFO - Data saved to landingpage/data/craglist.csv
2025-03-07 10:47:29,904 - INFO - Data saved to landingpage/data/craglist.csv
2025-03-07 10:47:30,010 - INFO - Data saved to landingpage/data/craglist.csv
2025-03-07 10:47:30,146 - INFO - Data saved to landingpage/data/craglist.csv
2025-03-07 10:47:30,280 - INFO - Data saved to landingpage/data/craglist.csv
2025-03-07 10:47:30,401 - INFO - Data saved to landingpage/data/craglist.csv
2025-03-07 10:47:30,517 - INFO - Data saved to landingpage/data/craglist.csv
2025-03-07 10:47:30,628 - INFO - Data saved to landingpage/data/craglist.csv
2025-03-07 10:47:30,744 - INFO - Data saved to landingpage/data/craglist.csv
2025-03-07 10:47:30,886 - INFO - Data saved to landingpage/data/craglist.csv
2025-03-07 10:47:31,005 - INFO - Data saved to landingpage/data/craglist.csv
2025-03-07 10:47:31,240 - INFO - Data saved to landingpage/data/craglist.csv
2025-03-07 10:47:31,416 - INFO - Data saved to landingpage/data/craglist.csv
2025-03-07 10:47:31,497 - INFO - Data saved to landingpage/data/craglist.csv
2025-03-07 10:47:31,597 - INFO - Data saved to landingpage/data/craglist.csv
2025-03-07 10:47:31,709 - INFO - Data saved to landingpage/data/craglist.csv
2025-03-07 10:47:31,853 - INFO - Data saved to landingpage/data/craglist.csv
2025-03-07 10:47:31,970 - INFO - Data saved to landingpage/data/craglist.csv
2025-03-07 10:47:32,108 - INFO - Data saved to landingpage/data/craglist.csv
2025-03-07 10:47:32,256 - INFO - Data saved to landingpage/data/craglist.csv
2025-03-07 10:47:32,424 - INFO - Data saved to landingpage/data/craglist.csv
2025-03-07 10:47:32,570 - INFO - Data saved to landingpage/data/craglist.csv
2025-03-07 10:47:32,995 - INFO - Data saved to landingpage/data/craglist.csv
2025-03-07 10:47:33,253 - INFO - Data saved to landingpage/data/craglist.csv
2025-03-07 10:47:33,390 - INFO - Data saved to landingpage/data/craglist.csv
2025-03-07 10:47:33,497 - INFO - Data saved to landingpage/data/craglist.csv
2025-03-07 10:47:33,617 - INFO - Data saved to landingpage/data/craglist.csv
2025-03-07 10:47:33,775 - INFO - Data saved to landingpage/data/craglist.csv
2025-03-07 10:47:33,880 - INFO - Data saved to landingpage/data/craglist.csv
2025-03-07 10:47:33,984 - INFO - Data saved to landingpage/data/craglist.csv
2025-03-07 10:47:34,097 - INFO - Data saved to landingpage/data/craglist.csv
2025-03-07 10:47:34,200 - INFO - Data saved to landingpage/data/craglist.csv
2025-03-07 10:47:34,308 - INFO - Data saved to landingpage/data/craglist.csv
2025-03-07 10:47:34,407 - INFO - Data saved to landingpage/data/craglist.csv
2025-03-07 10:47:34,544 - INFO - Data saved to landingpage/data/craglist.csv
2025-03-07 10:47:34,682 - INFO - Data saved to landingpage/data/craglist.csv
2025-03-07 10:47:34,810 - INFO - Data saved to landingpage/data/craglist.csv
2025-03-07 10:47:34,919 - INFO - Data saved to landingpage/data/craglist.csv
2025-03-07 10:47:35,038 - INFO - Data saved to landingpage/data/craglist.csv
2025-03-07 10:47:35,161 - INFO - Data saved to landingpage/data/craglist.csv
2025-03-07 10:47:35,263 - INFO - Data saved to landingpage/data/craglist.csv
2025-03-07 10:47:35,375 - INFO - Data saved to landingpage/data/craglist.csv
2025-03-07 10:47:35,473 - INFO - Data saved to landingpage/data/craglist.csv
2025-03-07 10:47:35,580 - INFO - Data saved to landingpage/data/craglist.csv
2025-03-07 10:47:35,714 - INFO - Data saved to landingpage/data/craglist.csv
2025-03-07 10:47:35,867 - INFO - Data saved to landingpage/data/craglist.csv
2025-03-07 10:47:36,032 - INFO - Data saved to landingpage/data/craglist.csv
2025-03-07 10:47:45,479 - INFO - Data saved to landingpage/data/5miles_data.csv
2025-03-07 10:47:45,517 - INFO - Data saved to landingpage/data/5miles_data.csv
2025-03-07 10:47:45,529 - INFO - Data saved to landingpage/data/5miles_data.csv
2025-03-07 10:47:45,539 - INFO - Data saved to landingpage/data/5miles_data.csv
2025-03-07 10:47:45,549 - INFO - Data saved to landingpage/data/5miles_data.csv
2025-03-07 10:47:45,558 - INFO - Data saved to landingpage/data/5miles_data.csv
2025-03-07 10:47:45,568 - INFO - Data saved to landingpage/data/5miles_data.csv
2025-03-07 10:47:45,578 - INFO - Data saved to landingpage/data/5miles_data.csv
2025-03-07 10:47:45,586 - INFO - Data saved to landingpage/data/5miles_data.csv
2025-03-07 10:47:45,597 - INFO - Data saved to landingpage/data/5miles_data.csv
2025-03-07 10:47:45,607 - INFO - Data saved to landingpage/data/5miles_data.csv
2025-03-07 10:47:45,618 - INFO - Data saved to landingpage/data/5miles_data.csv
2025-03-07 10:47:45,635 - INFO - Data saved to landingpage/data/5miles_data.csv
2025-03-07 10:47:45,645 - INFO - Data saved to landingpage/data/5miles_data.csv
2025-03-07 10:47:45,654 - INFO - Data saved to landingpage/data/5miles_data.csv
2025-03-07 10:47:45,688 - INFO - Data saved to landingpage/data/5miles_data.csv
2025-03-07 10:47:45,702 - INFO - Data saved to landingpage/data/5miles_data.csv
2025-03-07 10:47:45,714 - INFO - Data saved to landingpage/data/5miles_data.csv
2025-03-07 10:47:45,724 - INFO - Data saved to landingpage/data/5miles_data.csv
2025-03-07 10:47:45,734 - INFO - Data saved to landingpage/data/5miles_data.csv
2025-03-07 10:47:45,745 - INFO - Data saved to landingpage/data/5miles_data.csv
2025-03-07 10:47:45,754 - INFO - Data saved to landingpage/data/5miles_data.csv
2025-03-07 10:47:45,764 - INFO - Data saved to landingpage/data/5miles_data.csv
2025-03-07 10:47:45,771 - INFO - Data saved to landingpage/data/5miles_data.csv
2025-03-07 10:47:45,781 - INFO - Data saved to landingpage/data/5miles_data.csv
2025-03-07 10:47:45,790 - INFO - Data saved to landingpage/data/5miles_data.csv
2025-03-07 10:47:45,798 - INFO - Data saved to landingpage/data/5miles_data.csv
2025-03-07 10:47:45,805 - INFO - Data saved to landingpage/data/5miles_data.csv
2025-03-07 10:47:45,813 - INFO - Data saved to landingpage/data/5miles_data.csv
2025-03-07 10:47:45,821 - INFO - Data saved to landingpage/data/5miles_data.csv
2025-03-07 10:47:51,336 - INFO - Data saved to landingpage/data/5miles_data.csv
2025-03-07 10:47:51,347 - INFO - Data saved to landingpage/data/5miles_data.csv
2025-03-07 10:47:51,359 - INFO - Data saved to landingpage/data/5miles_data.csv
2025-03-07 10:47:51,371 - INFO - Data saved to landingpage/data/5miles_data.csv
2025-03-07 10:47:51,382 - INFO - Data saved to landingpage/data/5miles_data.csv
2025-03-07 10:47:51,394 - INFO - Data saved to landingpage/data/5miles_data.csv
2025-03-07 10:47:51,404 - INFO - Data saved to landingpage/data/5miles_data.csv
2025-03-07 10:47:51,415 - INFO - Data saved to landingpage/data/5miles_data.csv
2025-03-07 10:47:51,432 - INFO - Data saved to landingpage/data/5miles_data.csv
2025-03-07 10:47:51,441 - INFO - Data saved to landingpage/data/5miles_data.csv
2025-03-07 10:47:51,450 - INFO - Data saved to landingpage/data/5miles_data.csv
2025-03-07 10:47:51,459 - INFO - Data saved to landingpage/data/5miles_data.csv
2025-03-07 10:47:51,468 - INFO - Data saved to landingpage/data/5miles_data.csv
2025-03-07 10:47:51,477 - INFO - Data saved to landingpage/data/5miles_data.csv
2025-03-07 10:47:51,486 - INFO - Data saved to landingpage/data/5miles_data.csv
2025-03-07 10:47:51,496 - INFO - Data saved to landingpage/data/5miles_data.csv
2025-03-07 10:47:51,507 - INFO - Data saved to landingpage/data/5miles_data.csv
2025-03-07 10:47:51,516 - INFO - Data saved to landingpage/data/5miles_data.csv
2025-03-07 10:47:51,525 - INFO - Data saved to landingpage/data/5miles_data.csv
2025-03-07 10:47:51,541 - INFO - Data saved to landingpage/data/5miles_data.csv
2025-03-07 10:47:51,554 - INFO - Data saved to landingpage/data/5miles_data.csv
2025-03-07 10:47:51,568 - INFO - Data saved to landingpage/data/5miles_data.csv
2025-03-07 10:47:56,413 - INFO - Data saved to landingpage/data/5miles_data.csv
2025-03-07 10:47:56,429 - INFO - Data saved to landingpage/data/5miles_data.csv
2025-03-07 10:47:56,449 - INFO - Data saved to landingpage/data/5miles_data.csv
2025-03-07 10:47:56,468 - INFO - Data saved to landingpage/data/5miles_data.csv
2025-03-07 10:47:56,485 - INFO - Data saved to landingpage/data/5miles_data.csv
2025-03-07 10:47:56,501 - INFO - Data saved to landingpage/data/5miles_data.csv
2025-03-07 10:47:56,515 - INFO - Data saved to landingpage/data/5miles_data.csv
2025-03-07 10:47:56,531 - INFO - Data saved to landingpage/data/5miles_data.csv
2025-03-07 10:47:56,551 - INFO - Data saved to landingpage/data/5miles_data.csv
2025-03-07 10:47:56,567 - INFO - Data saved to landingpage/data/5miles_data.csv
2025-03-07 10:47:56,586 - INFO - Data saved to landingpage/data/5miles_data.csv
2025-03-07 10:47:56,604 - INFO - Data saved to landingpage/data/5miles_data.csv
2025-03-07 10:47:56,621 - INFO - Data saved to landingpage/data/5miles_data.csv
2025-03-07 10:47:56,639 - INFO - Data saved to landingpage/data/5miles_data.csv
2025-03-07 10:47:56,657 - INFO - Data saved to landingpage/data/5miles_data.csv
2025-03-07 10:47:56,678 - INFO - Data saved to landingpage/data/5miles_data.csv
2025-03-07 10:47:56,694 - INFO - Data saved to landingpage/data/5miles_data.csv
2025-03-07 10:47:56,710 - INFO - Data saved to landingpage/data/5miles_data.csv
2025-03-07 10:47:56,724 - INFO - Data saved to landingpage/data/5miles_data.csv
2025-03-07 10:47:56,737 - INFO - Data saved to landingpage/data/5miles_data.csv
2025-03-07 10:47:59,518 - INFO - Data saved to landingpage/data/5miles_data.csv
2025-03-07 10:48:01,854 - INFO - Data saved to landingpage/data/OfferUp_data.csv
2025-03-07 10:48:02,666 - INFO - Data saved to landingpage/data/5miles_data.csv
2025-03-07 10:48:02,680 - INFO - Data saved to landingpage/data/5miles_data.csv
2025-03-07 10:48:02,691 - INFO - Data saved to landingpage/data/5miles_data.csv
2025-03-07 10:48:03,517 - INFO - Data saved to landingpage/data/facebook_data.csv
2025-03-07 10:48:10,066 - INFO - Data saved to landingpage/data/5miles_data.csv
2025-03-07 10:48:10,075 - INFO - Data saved to landingpage/data/5miles_data.csv
2025-03-07 10:48:10,084 - INFO - Data saved to landingpage/data/5miles_data.csv
2025-03-07 10:48:10,096 - INFO - Data saved to landingpage/data/5miles_data.csv
2025-03-07 10:48:10,106 - INFO - Data saved to landingpage/data/5miles_data.csv
2025-03-07 10:48:10,119 - INFO - Data saved to landingpage/data/5miles_data.csv
2025-03-07 10:48:10,130 - INFO - Data saved to landingpage/data/5miles_data.csv
2025-03-07 10:48:10,141 - INFO - Data saved to landingpage/data/5miles_data.csv
2025-03-07 10:48:10,151 - INFO - Data saved to landingpage/data/5miles_data.csv
2025-03-07 10:48:10,162 - INFO - Data saved to landingpage/data/5miles_data.csv
2025-03-07 10:48:10,177 - INFO - Data saved to landingpage/data/5miles_data.csv
2025-03-07 10:48:10,190 - INFO - Data saved to landingpage/data/5miles_data.csv
2025-03-07 10:48:10,201 - INFO - Data saved to landingpage/data/5miles_data.csv
2025-03-07 10:48:10,213 - INFO - Data saved to landingpage/data/5miles_data.csv
2025-03-07 10:48:10,226 - INFO - Data saved to landingpage/data/5miles_data.csv
2025-03-07 10:48:10,239 - INFO - Data saved to landingpage/data/5miles_data.csv
2025-03-07 10:48:10,253 - INFO - Data saved to landingpage/data/5miles_data.csv
2025-03-07 10:48:10,265 - INFO - Data saved to landingpage/data/5miles_data.csv
2025-03-07 10:48:10,276 - INFO - Data saved to landingpage/data/5miles_data.csv
2025-03-07 10:48:10,286 - INFO - Data saved to landingpage/data/5miles_data.csv
2025-03-07 10:48:10,295 - INFO - Data saved to landingpage/data/5miles_data.csv
2025-03-07 10:48:10,304 - INFO - Data saved to landingpage/data/5miles_data.csv
2025-03-07 10:48:10,312 - INFO - Data saved to landingpage/data/5miles_data.csv
2025-03-07 10:48:10,319 - INFO - Data saved to landingpage/data/5miles_data.csv
2025-03-07 10:48:10,328 - INFO - Data saved to landingpage/data/5miles_data.csv
2025-03-07 10:48:10,336 - INFO - Data saved to landingpage/data/5miles_data.csv
2025-03-07 10:48:10,345 - INFO - Data saved to landingpage/data/5miles_data.csv
2025-03-07 10:48:10,354 - INFO - Data saved to landingpage/data/5miles_data.csv
2025-03-07 10:48:10,362 - INFO - Data saved to landingpage/data/5miles_data.csv
2025-03-07 10:48:10,371 - INFO - Data saved to landingpage/data/5miles_data.csv
2025-03-07 10:48:12,204 - INFO - Data saved to landingpage/data/facebook_data.csv
2025-03-07 10:48:13,251 - INFO - Data saved to landingpage/data/5miles_data.csv
2025-03-07 10:48:15,230 - INFO - Data saved to landingpage/data/OfferUp_data.csv
2025-03-07 10:48:16,215 - INFO - Data saved to landingpage/data/fanatics_data.csv
2025-03-07 10:48:16,257 - INFO - Data saved to landingpage/data/fanatics_data.csv
2025-03-07 10:48:16,266 - INFO - Data saved to landingpage/data/fanatics_data.csv
2025-03-07 10:48:16,274 - INFO - Data saved to landingpage/data/fanatics_data.csv
2025-03-07 10:48:16,284 - INFO - Data saved to landingpage/data/fanatics_data.csv
2025-03-07 10:48:16,291 - INFO - Data saved to landingpage/data/fanatics_data.csv
2025-03-07 10:48:16,301 - INFO - Data saved to landingpage/data/fanatics_data.csv
2025-03-07 10:48:16,309 - INFO - Data saved to landingpage/data/fanatics_data.csv
2025-03-07 10:48:16,318 - INFO - Data saved to landingpage/data/fanatics_data.csv
2025-03-07 10:48:16,327 - INFO - Data saved to landingpage/data/fanatics_data.csv
2025-03-07 10:48:16,334 - INFO - Data saved to landingpage/data/fanatics_data.csv
2025-03-07 10:48:16,342 - INFO - Data saved to landingpage/data/fanatics_data.csv
2025-03-07 10:48:16,350 - INFO - Data saved to landingpage/data/fanatics_data.csv
2025-03-07 10:48:16,359 - INFO - Data saved to landingpage/data/fanatics_data.csv
2025-03-07 10:48:16,371 - INFO - Data saved to landingpage/data/fanatics_data.csv
2025-03-07 10:48:16,385 - INFO - Data saved to landingpage/data/fanatics_data.csv
2025-03-07 10:48:16,399 - INFO - Data saved to landingpage/data/fanatics_data.csv
2025-03-07 10:48:16,411 - INFO - Data saved to landingpage/data/fanatics_data.csv
2025-03-07 10:48:16,421 - INFO - Data saved to landingpage/data/fanatics_data.csv
2025-03-07 10:48:16,432 - INFO - Data saved to landingpage/data/fanatics_data.csv
2025-03-07 10:48:16,441 - INFO - Data saved to landingpage/data/fanatics_data.csv
2025-03-07 10:48:16,452 - INFO - Data saved to landingpage/data/fanatics_data.csv
2025-03-07 10:48:16,461 - INFO - Data saved to landingpage/data/fanatics_data.csv
2025-03-07 10:48:16,469 - INFO - Data saved to landingpage/data/fanatics_data.csv
2025-03-07 10:48:16,476 - INFO - Data saved to landingpage/data/fanatics_data.csv
2025-03-07 10:48:16,484 - INFO - Data saved to landingpage/data/fanatics_data.csv
2025-03-07 10:48:16,491 - INFO - Data saved to landingpage/data/fanatics_data.csv
2025-03-07 10:48:16,504 - INFO - Data saved to landingpage/data/fanatics_data.csv
2025-03-07 10:48:16,519 - INFO - Data saved to landingpage/data/fanatics_data.csv
2025-03-07 10:48:16,527 - INFO - Data saved to landingpage/data/fanatics_data.csv
2025-03-07 10:48:16,535 - INFO - Data saved to landingpage/data/fanatics_data.csv
2025-03-07 10:48:16,546 - INFO - Data saved to landingpage/data/fanatics_data.csv
2025-03-07 10:48:16,553 - INFO - Data saved to landingpage/data/fanatics_data.csv
2025-03-07 10:48:16,562 - INFO - Data saved to landingpage/data/fanatics_data.csv
2025-03-07 10:48:16,570 - INFO - Data saved to landingpage/data/fanatics_data.csv
2025-03-07 10:48:16,578 - INFO - Data saved to landingpage/data/fanatics_data.csv
2025-03-07 10:48:16,585 - INFO - Data saved to landingpage/data/fanatics_data.csv
2025-03-07 10:48:16,593 - INFO - Data saved to landingpage/data/fanatics_data.csv
2025-03-07 10:48:16,601 - INFO - Data saved to landingpage/data/fanatics_data.csv
2025-03-07 10:48:16,610 - INFO - Data saved to landingpage/data/fanatics_data.csv
2025-03-07 10:48:16,617 - INFO - Data saved to landingpage/data/fanatics_data.csv
2025-03-07 10:48:16,626 - INFO - Data saved to landingpage/data/fanatics_data.csv
2025-03-07 10:48:16,636 - INFO - Data saved to landingpage/data/fanatics_data.csv
2025-03-07 10:48:16,645 - INFO - Data saved to landingpage/data/fanatics_data.csv
2025-03-07 10:48:16,653 - INFO - Data saved to landingpage/data/fanatics_data.csv
2025-03-07 10:48:16,660 - INFO - Data saved to landingpage/data/fanatics_data.csv
2025-03-07 10:48:16,668 - INFO - Data saved to landingpage/data/fanatics_data.csv
2025-03-07 10:48:16,675 - INFO - Data saved to landingpage/data/fanatics_data.csv
2025-03-07 10:48:16,682 - INFO - Data saved to landingpage/data/fanatics_data.csv
2025-03-07 10:48:16,689 - INFO - Data saved to landingpage/data/fanatics_data.csv
2025-03-07 10:48:16,698 - INFO - Data saved to landingpage/data/fanatics_data.csv
2025-03-07 10:48:16,705 - INFO - Data saved to landingpage/data/fanatics_data.csv
2025-03-07 10:48:16,713 - INFO - Data saved to landingpage/data/fanatics_data.csv
2025-03-07 10:48:16,720 - INFO - Data saved to landingpage/data/fanatics_data.csv
2025-03-07 10:48:16,728 - INFO - Data saved to landingpage/data/fanatics_data.csv
2025-03-07 10:48:16,735 - INFO - Data saved to landingpage/data/fanatics_data.csv
2025-03-07 10:48:16,737 - INFO - Data saved to landingpage/data/facebook_data.csv
2025-03-07 10:48:16,743 - INFO - Data saved to landingpage/data/fanatics_data.csv
2025-03-07 10:48:16,767 - INFO - Data saved to landingpage/data/fanatics_data.csv
2025-03-07 10:48:16,780 - INFO - Data saved to landingpage/data/fanatics_data.csv
2025-03-07 10:48:16,790 - INFO - Data saved to landingpage/data/fanatics_data.csv
2025-03-07 10:48:16,802 - INFO - Data saved to landingpage/data/fanatics_data.csv
2025-03-07 10:48:16,816 - INFO - Data saved to landingpage/data/fanatics_data.csv
2025-03-07 10:48:16,830 - INFO - Data saved to landingpage/data/fanatics_data.csv
2025-03-07 10:48:16,840 - INFO - Data saved to landingpage/data/fanatics_data.csv
2025-03-07 10:48:16,865 - INFO - Data saved to landingpage/data/fanatics_data.csv
2025-03-07 10:48:16,883 - INFO - Data saved to landingpage/data/fanatics_data.csv
2025-03-07 10:48:16,899 - INFO - Data saved to landingpage/data/fanatics_data.csv
2025-03-07 10:48:16,910 - INFO - Data saved to landingpage/data/fanatics_data.csv
2025-03-07 10:48:16,924 - INFO - Data saved to landingpage/data/fanatics_data.csv
2025-03-07 10:48:16,934 - INFO - Data saved to landingpage/data/fanatics_data.csv
2025-03-07 10:48:16,942 - INFO - Data saved to landingpage/data/fanatics_data.csv
2025-03-07 10:48:16,950 - INFO - Data saved to landingpage/data/fanatics_data.csv
2025-03-07 10:48:16,960 - INFO - Data saved to landingpage/data/fanatics_data.csv
2025-03-07 10:48:16,968 - INFO - Data saved to landingpage/data/fanatics_data.csv
2025-03-07 10:48:16,986 - INFO - Data saved to landingpage/data/fanatics_data.csv
2025-03-07 10:48:17,002 - INFO - Data saved to landingpage/data/fanatics_data.csv
2025-03-07 10:48:17,018 - INFO - Data saved to landingpage/data/fanatics_data.csv
2025-03-07 10:48:17,034 - INFO - Data saved to landingpage/data/fanatics_data.csv
2025-03-07 10:48:17,050 - INFO - Data saved to landingpage/data/fanatics_data.csv
2025-03-07 10:48:17,060 - INFO - Data saved to landingpage/data/fanatics_data.csv
2025-03-07 10:48:17,072 - INFO - Data saved to landingpage/data/fanatics_data.csv
2025-03-07 10:48:17,083 - INFO - Data saved to landingpage/data/fanatics_data.csv
2025-03-07 10:48:17,091 - INFO - Data saved to landingpage/data/fanatics_data.csv
2025-03-07 10:48:17,100 - INFO - Data saved to landingpage/data/fanatics_data.csv
2025-03-07 10:48:17,109 - INFO - Data saved to landingpage/data/fanatics_data.csv
2025-03-07 10:48:17,119 - INFO - Data saved to landingpage/data/fanatics_data.csv
2025-03-07 10:48:17,128 - INFO - Data saved to landingpage/data/fanatics_data.csv
2025-03-07 10:48:17,135 - INFO - Data saved to landingpage/data/fanatics_data.csv
2025-03-07 10:48:17,146 - INFO - Data saved to landingpage/data/fanatics_data.csv
2025-03-07 10:48:17,156 - INFO - Data saved to landingpage/data/fanatics_data.csv
2025-03-07 10:48:17,166 - INFO - Data saved to landingpage/data/fanatics_data.csv
2025-03-07 10:48:17,175 - INFO - Data saved to landingpage/data/fanatics_data.csv
2025-03-07 10:48:17,184 - INFO - Data saved to landingpage/data/fanatics_data.csv
2025-03-07 10:48:17,192 - INFO - Data saved to landingpage/data/fanatics_data.csv
2025-03-07 10:48:17,202 - INFO - Data saved to landingpage/data/fanatics_data.csv
2025-03-07 10:48:17,210 - INFO - Data saved to landingpage/data/fanatics_data.csv
2025-03-07 10:48:17,784 - INFO - Data saved to landingpage/data/5miles_data.csv
2025-03-07 10:48:17,792 - INFO - Data saved to landingpage/data/5miles_data.csv
2025-03-07 10:48:17,801 - INFO - Data saved to landingpage/data/5miles_data.csv
2025-03-07 10:48:17,810 - INFO - Data saved to landingpage/data/5miles_data.csv
2025-03-07 10:48:17,818 - INFO - Data saved to landingpage/data/5miles_data.csv
2025-03-07 10:48:17,826 - INFO - Data saved to landingpage/data/5miles_data.csv
2025-03-07 10:48:17,835 - INFO - Data saved to landingpage/data/5miles_data.csv
2025-03-07 10:48:17,846 - INFO - Data saved to landingpage/data/5miles_data.csv
2025-03-07 10:48:17,857 - INFO - Data saved to landingpage/data/5miles_data.csv
2025-03-07 10:48:17,866 - INFO - Data saved to landingpage/data/5miles_data.csv
2025-03-07 10:48:17,875 - INFO - Data saved to landingpage/data/5miles_data.csv
2025-03-07 10:48:17,883 - INFO - Data saved to landingpage/data/5miles_data.csv
2025-03-07 10:48:17,891 - INFO - Data saved to landingpage/data/5miles_data.csv
2025-03-07 10:48:17,898 - INFO - Data saved to landingpage/data/5miles_data.csv
2025-03-07 10:48:17,906 - INFO - Data saved to landingpage/data/5miles_data.csv
2025-03-07 10:48:17,916 - INFO - Data saved to landingpage/data/5miles_data.csv
2025-03-07 10:48:17,925 - INFO - Data saved to landingpage/data/5miles_data.csv
2025-03-07 10:48:17,936 - INFO - Data saved to landingpage/data/5miles_data.csv
2025-03-07 10:48:17,948 - INFO - Data saved to landingpage/data/5miles_data.csv
2025-03-07 10:48:17,959 - INFO - Data saved to landingpage/data/5miles_data.csv
2025-03-07 10:48:17,969 - INFO - Data saved to landingpage/data/5miles_data.csv
2025-03-07 10:48:17,981 - INFO - Data saved to landingpage/data/5miles_data.csv
2025-03-07 10:48:17,991 - INFO - Data saved to landingpage/data/5miles_data.csv
2025-03-07 10:48:18,000 - INFO - Data saved to landingpage/data/5miles_data.csv
2025-03-07 10:48:18,007 - INFO - Data saved to landingpage/data/5miles_data.csv
2025-03-07 10:48:18,016 - INFO - Data saved to landingpage/data/5miles_data.csv
2025-03-07 10:48:18,023 - INFO - Data saved to landingpage/data/5miles_data.csv
2025-03-07 10:48:18,032 - INFO - Data saved to landingpage/data/5miles_data.csv
2025-03-07 10:48:18,040 - INFO - Data saved to landingpage/data/5miles_data.csv
2025-03-07 10:48:18,048 - INFO - Data saved to landingpage/data/5miles_data.csv
2025-03-07 10:48:21,579 - INFO - Data saved to landingpage/data/facebook_data.csv
2025-03-07 10:48:21,816 - INFO - Data saved to landingpage/data/5miles_data.csv
2025-03-07 10:48:21,830 - INFO - Data saved to landingpage/data/5miles_data.csv
2025-03-07 10:48:21,846 - INFO - Data saved to landingpage/data/5miles_data.csv
2025-03-07 10:48:21,861 - INFO - Data saved to landingpage/data/5miles_data.csv
2025-03-07 10:48:21,882 - INFO - Data saved to landingpage/data/5miles_data.csv
2025-03-07 10:48:21,895 - INFO - Data saved to landingpage/data/5miles_data.csv
2025-03-07 10:48:21,906 - INFO - Data saved to landingpage/data/5miles_data.csv
2025-03-07 10:48:21,918 - INFO - Data saved to landingpage/data/5miles_data.csv
2025-03-07 10:48:21,931 - INFO - Data saved to landingpage/data/5miles_data.csv
2025-03-07 10:48:21,941 - INFO - Data saved to landingpage/data/5miles_data.csv
2025-03-07 10:48:21,953 - INFO - Data saved to landingpage/data/5miles_data.csv
2025-03-07 10:48:21,965 - INFO - Data saved to landingpage/data/5miles_data.csv
2025-03-07 10:48:21,978 - INFO - Data saved to landingpage/data/5miles_data.csv
2025-03-07 10:48:21,989 - INFO - Data saved to landingpage/data/5miles_data.csv
2025-03-07 10:48:22,000 - INFO - Data saved to landingpage/data/5miles_data.csv
2025-03-07 10:48:22,010 - INFO - Data saved to landingpage/data/5miles_data.csv
2025-03-07 10:48:22,021 - INFO - Data saved to landingpage/data/5miles_data.csv
2025-03-07 10:48:22,032 - INFO - Data saved to landingpage/data/5miles_data.csv
2025-03-07 10:48:22,042 - INFO - Data saved to landingpage/data/5miles_data.csv
2025-03-07 10:48:22,053 - INFO - Data saved to landingpage/data/5miles_data.csv
2025-03-07 10:48:22,065 - INFO - Data saved to landingpage/data/5miles_data.csv
2025-03-07 10:48:22,079 - INFO - Data saved to landingpage/data/5miles_data.csv
2025-03-07 10:48:22,089 - INFO - Data saved to landingpage/data/5miles_data.csv
2025-03-07 10:48:22,103 - INFO - Data saved to landingpage/data/5miles_data.csv
2025-03-07 10:48:22,115 - INFO - Data saved to landingpage/data/5miles_data.csv
2025-03-07 10:48:22,128 - INFO - Data saved to landingpage/data/5miles_data.csv
2025-03-07 10:48:22,141 - INFO - Data saved to landingpage/data/5miles_data.csv
2025-03-07 10:48:22,153 - INFO - Data saved to landingpage/data/5miles_data.csv
2025-03-07 10:48:22,165 - INFO - Data saved to landingpage/data/5miles_data.csv
2025-03-07 10:48:26,788 - INFO - Data saved to landingpage/data/5miles_data.csv
2025-03-07 10:48:26,799 - INFO - Data saved to landingpage/data/5miles_data.csv
2025-03-07 10:48:26,809 - INFO - Data saved to landingpage/data/5miles_data.csv
2025-03-07 10:48:26,817 - INFO - Data saved to landingpage/data/5miles_data.csv
2025-03-07 10:48:26,826 - INFO - Data saved to landingpage/data/5miles_data.csv
2025-03-07 10:48:26,833 - INFO - Data saved to landingpage/data/5miles_data.csv
2025-03-07 10:48:26,906 - INFO - Data saved to landingpage/data/facebook_data.csv
2025-03-07 10:48:31,378 - INFO - Data saved to landingpage/data/OfferUp_data.csv
2025-03-07 10:48:32,240 - INFO - Data saved to landingpage/data/facebook_data.csv
2025-03-07 10:48:37,178 - INFO - Data saved to landingpage/data/facebook_data.csv
2025-03-07 10:48:44,558 - INFO - Data saved to landingpage/data/facebook_data.csv
2025-03-07 10:48:46,666 - INFO - Data saved to landingpage/data/OfferUp_data.csv
2025-03-07 10:48:52,217 - INFO - Data saved to landingpage/data/facebook_data.csv
2025-03-07 10:48:56,480 - INFO - Data saved to landingpage/data/facebook_data.csv
2025-03-07 10:48:59,941 - INFO - Data saved to landingpage/data/OfferUp_data.csv
2025-03-07 10:49:00,025 - INFO - Data saved to landingpage/data/facebook_data.csv
2025-03-07 10:49:04,217 - INFO - Data saved to landingpage/data/facebook_data.csv
2025-03-07 10:49:08,385 - INFO - Data saved to landingpage/data/facebook_data.csv
2025-03-07 10:49:12,248 - INFO - Data saved to landingpage/data/facebook_data.csv
2025-03-07 10:49:13,680 - INFO - Data saved to landingpage/data/OfferUp_data.csv
2025-03-07 10:49:28,065 - INFO - Data saved to landingpage/data/OfferUp_data.csv
2025-03-07 10:49:34,468 - INFO - Data saved to landingpage/data/facebook_data.csv
2025-03-07 10:49:38,360 - INFO - Data saved to landingpage/data/OfferUp_data.csv
2025-03-07 10:49:39,715 - INFO - Data saved to landingpage/data/facebook_data.csv
2025-03-07 10:49:45,860 - INFO - Data saved to landingpage/data/facebook_data.csv
2025-03-07 10:49:48,849 - INFO - Data saved to landingpage/data/OfferUp_data.csv
2025-03-07 10:49:56,762 - INFO - Data saved to landingpage/data/facebook_data.csv
2025-03-07 10:50:02,689 - INFO - Data saved to landingpage/data/facebook_data.csv
2025-03-07 10:50:03,928 - INFO - Data saved to landingpage/data/OfferUp_data.csv
2025-03-07 10:50:07,494 - INFO - Data saved to landingpage/data/facebook_data.csv
2025-03-07 10:50:14,547 - INFO - Data saved to landingpage/data/facebook_data.csv
2025-03-07 10:50:18,938 - INFO - Data saved to landingpage/data/OfferUp_data.csv
2025-03-07 10:50:19,017 - INFO - Data saved to landingpage/data/facebook_data.csv
2025-03-07 10:50:23,838 - INFO - Data saved to landingpage/data/facebook_data.csv
2025-03-07 10:50:32,032 - INFO - Data saved to landingpage/data/facebook_data.csv
2025-03-07 10:50:33,043 - INFO - Data saved to landingpage/data/OfferUp_data.csv
2025-03-07 10:50:46,686 - INFO - Data saved to landingpage/data/OfferUp_data.csv
2025-03-07 10:50:47,403 - INFO - Data saved to landingpage/data/facebook_data.csv
2025-03-07 10:50:57,165 - INFO - Data saved to landingpage/data/OfferUp_data.csv
2025-03-07 10:50:59,126 - INFO - Data saved to landingpage/data/facebook_data.csv
2025-03-07 10:51:06,294 - INFO - Data saved to landingpage/data/facebook_data.csv
2025-03-07 10:51:11,388 - INFO - Data saved to landingpage/data/OfferUp_data.csv
2025-03-07 10:51:12,877 - INFO - Data saved to landingpage/data/facebook_data.csv
2025-03-07 10:51:17,766 - INFO - Data saved to landingpage/data/facebook_data.csv
2025-03-07 10:51:21,802 - INFO - Data saved to landingpage/data/OfferUp_data.csv
2025-03-07 10:51:22,642 - INFO - Data saved to landingpage/data/facebook_data.csv
2025-03-07 10:51:27,567 - INFO - Data saved to landingpage/data/facebook_data.csv
2025-03-07 10:51:32,357 - INFO - Data saved to landingpage/data/facebook_data.csv
2025-03-07 10:51:33,967 - INFO - Data saved to landingpage/data/OfferUp_data.csv
2025-03-07 10:51:36,548 - INFO - Data saved to landingpage/data/facebook_data.csv
2025-03-07 10:51:41,163 - INFO - Data saved to landingpage/data/facebook_data.csv
2025-03-07 10:51:42,858 - INFO - Data saved to landingpage/data/OfferUp_data.csv
2025-03-07 10:51:47,504 - INFO - Data saved to landingpage/data/facebook_data.csv
2025-03-07 10:51:52,326 - INFO - Data saved to landingpage/data/facebook_data.csv
2025-03-07 10:51:55,777 - INFO - Data saved to landingpage/data/OfferUp_data.csv
2025-03-07 10:51:57,083 - INFO - Data saved to landingpage/data/facebook_data.csv
2025-03-07 10:52:02,154 - INFO - Data saved to landingpage/data/facebook_data.csv
2025-03-07 10:52:06,491 - INFO - Data saved to landingpage/data/facebook_data.csv
2025-03-07 10:52:08,135 - INFO - Data saved to landingpage/data/OfferUp_data.csv
2025-03-07 10:52:15,552 - INFO - Data saved to landingpage/data/OfferUp_data.csv
2025-03-07 10:52:27,848 - INFO - Data saved to landingpage/data/OfferUp_data.csv
2025-03-07 10:52:41,807 - INFO - Data saved to landingpage/data/facebook_data.csv
2025-03-07 10:52:49,240 - INFO - Data saved to landingpage/data/facebook_data.csv
2025-03-07 10:52:55,224 - INFO - Data saved to landingpage/data/OfferUp_data.csv
2025-03-07 10:53:02,459 - INFO - Data saved to landingpage/data/facebook_data.csv
2025-03-07 10:53:08,110 - INFO - Data saved to landingpage/data/OfferUp_data.csv
2025-03-07 10:53:11,898 - INFO - Data saved to landingpage/data/facebook_data.csv
2025-03-07 10:53:17,281 - INFO - Data saved to landingpage/data/facebook_data.csv
2025-03-07 10:53:22,811 - INFO - Data saved to landingpage/data/facebook_data.csv
2025-03-07 10:53:28,146 - INFO - Data saved to landingpage/data/facebook_data.csv
2025-03-07 10:53:33,449 - INFO - Data saved to landingpage/data/facebook_data.csv
2025-03-07 10:53:37,565 - INFO - Data saved to landingpage/data/facebook_data.csv
2025-03-07 10:53:43,177 - INFO - Data saved to landingpage/data/facebook_data.csv
2025-03-07 10:53:52,970 - INFO - Data saved to landingpage/data/facebook_data.csv
2025-03-07 10:54:01,675 - INFO - Data saved to landingpage/data/facebook_data.csv
2025-03-07 10:54:14,734 - INFO - Data saved to landingpage/data/OfferUp_data.csv
2025-03-07 10:54:17,446 - INFO - Data saved to landingpage/data/facebook_data.csv
2025-03-07 10:54:22,901 - INFO - Data saved to landingpage/data/OfferUp_data.csv
2025-03-07 10:54:25,066 - INFO - Data saved to landingpage/data/facebook_data.csv
2025-03-07 10:54:50,203 - INFO - Data saved to landingpage/data/facebook_data.csv
2025-03-07 10:54:54,720 - INFO - Data saved to landingpage/data/facebook_data.csv
2025-03-07 10:54:59,285 - INFO - Data saved to landingpage/data/facebook_data.csv
2025-03-07 10:55:04,194 - INFO - Data saved to landingpage/data/facebook_data.csv
2025-03-07 10:55:33,619 - INFO - Data saved to landingpage/data/facebook_data.csv
2025-03-07 10:55:41,304 - INFO - Data saved to landingpage/data/facebook_data.csv
2025-03-07 10:55:45,483 - INFO - Data saved to landingpage/data/facebook_data.csv
2025-03-07 10:55:49,898 - INFO - Data saved to landingpage/data/facebook_data.csv
2025-03-07 10:55:54,552 - INFO - Data saved to landingpage/data/facebook_data.csv
2025-03-07 10:56:02,186 - INFO - Data saved to landingpage/data/facebook_data.csv
2025-03-07 10:56:07,739 - INFO - Data saved to landingpage/data/facebook_data.csv
2025-03-07 10:56:13,065 - INFO - Data saved to landingpage/data/OfferUp_data.csv
2025-03-07 10:56:26,798 - INFO - Data saved to landingpage/data/OfferUp_data.csv
2025-03-07 10:56:33,246 - INFO - Data saved to landingpage/data/facebook_data.csv
2025-03-07 10:56:37,262 - INFO - Data saved to landingpage/data/OfferUp_data.csv
2025-03-07 10:56:44,145 - INFO - Data saved to landingpage/data/facebook_data.csv
2025-03-07 10:56:50,130 - INFO - Data saved to landingpage/data/facebook_data.csv
2025-03-07 10:56:54,707 - INFO - Data saved to landingpage/data/facebook_data.csv
2025-03-07 10:56:55,946 - INFO - Data saved to landingpage/data/OfferUp_data.csv
2025-03-07 10:57:02,291 - INFO - Data saved to landingpage/data/facebook_data.csv
2025-03-07 10:57:06,905 - INFO - Data saved to landingpage/data/OfferUp_data.csv
2025-03-07 10:57:07,726 - INFO - Data saved to landingpage/data/facebook_data.csv
2025-03-07 10:57:12,495 - INFO - Data saved to landingpage/data/facebook_data.csv
2025-03-07 10:57:17,990 - INFO - Data saved to landingpage/data/OfferUp_data.csv
2025-03-07 10:57:19,830 - INFO - Data saved to landingpage/data/facebook_data.csv
2025-03-07 10:57:25,221 - INFO - Data saved to landingpage/data/facebook_data.csv
2025-03-07 10:57:30,501 - INFO - Data saved to landingpage/data/OfferUp_data.csv
2025-03-07 10:57:38,151 - INFO - Data saved to landingpage/data/facebook_data.csv
2025-03-07 10:57:42,413 - INFO - Data saved to landingpage/data/OfferUp_data.csv
2025-03-07 10:57:45,469 - INFO - Data saved to landingpage/data/facebook_data.csv
2025-03-07 10:57:49,115 - INFO - Data saved to landingpage/data/OfferUp_data.csv
2025-03-07 10:57:50,153 - INFO - Data saved to landingpage/data/facebook_data.csv
2025-03-07 10:57:55,156 - INFO - Data saved to landingpage/data/facebook_data.csv
2025-03-07 10:58:01,682 - INFO - Data saved to landingpage/data/OfferUp_data.csv
2025-03-07 10:58:01,736 - INFO - Data saved to landingpage/data/facebook_data.csv
2025-03-07 10:58:10,177 - INFO - Data saved to landingpage/data/facebook_data.csv
2025-03-07 10:58:14,607 - INFO - Data saved to landingpage/data/OfferUp_data.csv
2025-03-07 10:58:16,140 - INFO - Data saved to landingpage/data/facebook_data.csv
2025-03-07 10:58:23,002 - INFO - Data saved to landingpage/data/facebook_data.csv
2025-03-07 10:58:25,590 - INFO - Data saved to landingpage/data/OfferUp_data.csv
2025-03-07 10:58:28,470 - INFO - Data saved to landingpage/data/facebook_data.csv
2025-03-07 10:58:34,052 - INFO - Data saved to landingpage/data/facebook_data.csv
2025-03-07 10:58:40,059 - INFO - Data saved to landingpage/data/facebook_data.csv
2025-03-07 10:58:40,148 - INFO - Data saved to landingpage/data/OfferUp_data.csv
2025-03-07 10:58:45,745 - INFO - Data saved to landingpage/data/facebook_data.csv
2025-03-07 10:58:54,998 - INFO - Data saved to landingpage/data/facebook_data.csv
2025-03-07 10:58:55,625 - INFO - Data saved to landingpage/data/OfferUp_data.csv
2025-03-07 10:59:03,648 - INFO - Data saved to landingpage/data/facebook_data.csv
2025-03-07 10:59:09,511 - INFO - Data saved to landingpage/data/facebook_data.csv
2025-03-07 10:59:10,049 - INFO - Data saved to landingpage/data/OfferUp_data.csv
2025-03-07 10:59:25,836 - INFO - Data saved to landingpage/data/facebook_data.csv
2025-03-07 10:59:34,153 - INFO - Data saved to landingpage/data/OfferUp_data.csv
2025-03-07 10:59:43,566 - INFO - Data saved to landingpage/data/facebook_data.csv
2025-03-07 10:59:45,485 - INFO - Data saved to landingpage/data/OfferUp_data.csv
2025-03-07 10:59:52,413 - INFO - Data saved to landingpage/data/OfferUp_data.csv
2025-03-07 10:59:54,449 - INFO - Data saved to landingpage/data/facebook_data.csv
2025-03-07 11:00:04,624 - INFO - Data saved to landingpage/data/OfferUp_data.csv
2025-03-07 11:00:13,371 - INFO - Data saved to landingpage/data/facebook_data.csv
2025-03-07 11:00:15,107 - INFO - Data saved to landingpage/data/OfferUp_data.csv
2025-03-07 11:00:19,034 - INFO - Data saved to landingpage/data/facebook_data.csv
2025-03-07 11:00:25,089 - INFO - Data saved to landingpage/data/facebook_data.csv
2025-03-07 11:00:28,975 - INFO - Data saved to landingpage/data/OfferUp_data.csv
2025-03-07 11:00:30,163 - INFO - Data saved to landingpage/data/facebook_data.csv
2025-03-07 11:00:34,656 - INFO - Data saved to landingpage/data/facebook_data.csv
2025-03-07 11:00:37,087 - INFO - Data saved to landingpage/data/OfferUp_data.csv
2025-03-07 11:00:39,774 - INFO - Data saved to landingpage/data/facebook_data.csv
2025-03-07 11:00:43,920 - INFO - Data saved to landingpage/data/OfferUp_data.csv
2025-03-07 11:00:44,524 - INFO - Data saved to landingpage/data/facebook_data.csv
2025-03-07 11:00:50,233 - INFO - Data saved to landingpage/data/facebook_data.csv
2025-03-07 11:00:53,370 - INFO - Data saved to landingpage/data/OfferUp_data.csv
2025-03-07 11:00:55,998 - INFO - Data saved to landingpage/data/facebook_data.csv
2025-03-07 11:01:05,761 - INFO - Data saved to landingpage/data/facebook_data.csv
2025-03-07 11:01:08,132 - INFO - Data saved to landingpage/data/OfferUp_data.csv
2025-03-07 11:01:12,208 - INFO - Data saved to landingpage/data/facebook_data.csv
2025-03-07 11:01:18,067 - INFO - Data saved to landingpage/data/OfferUp_data.csv
2025-03-07 11:01:28,613 - INFO - Data saved to landingpage/data/OfferUp_data.csv
2025-03-07 11:01:35,533 - INFO - Data saved to landingpage/data/facebook_data.csv
2025-03-07 11:01:40,045 - INFO - Data saved to landingpage/data/OfferUp_data.csv
2025-03-07 11:01:41,565 - INFO - Data saved to landingpage/data/facebook_data.csv
2025-03-07 11:01:46,144 - INFO - Data saved to landingpage/data/facebook_data.csv
2025-03-07 11:01:50,878 - INFO - Data saved to landingpage/data/facebook_data.csv
2025-03-07 11:01:57,135 - INFO - Data saved to landingpage/data/OfferUp_data.csv
2025-03-07 11:02:08,905 - INFO - Data saved to landingpage/data/facebook_data.csv
2025-03-07 11:02:09,608 - INFO - Data saved to landingpage/data/OfferUp_data.csv
2025-03-07 11:02:17,378 - INFO - Data saved to landingpage/data/facebook_data.csv
2025-03-07 11:02:20,602 - INFO - Data saved to landingpage/data/OfferUp_data.csv
2025-03-07 11:02:22,048 - INFO - Data saved to landingpage/data/facebook_data.csv
2025-03-07 11:02:26,615 - INFO - Data saved to landingpage/data/facebook_data.csv
2025-03-07 11:02:30,058 - INFO - Data saved to landingpage/data/OfferUp_data.csv
2025-03-07 11:02:35,454 - INFO - Data saved to landingpage/data/facebook_data.csv
2025-03-07 11:02:40,343 - INFO - Data saved to landingpage/data/facebook_data.csv
2025-03-07 11:02:40,596 - INFO - Data saved to landingpage/data/OfferUp_data.csv
2025-03-07 11:02:49,659 - INFO - Data saved to landingpage/data/OfferUp_data.csv
2025-03-07 11:03:00,070 - INFO - Data saved to landingpage/data/OfferUp_data.csv
2025-03-07 11:03:04,321 - INFO - Data saved to landingpage/data/facebook_data.csv
2025-03-07 11:03:15,117 - INFO - Data saved to landingpage/data/facebook_data.csv
2025-03-07 11:03:15,956 - INFO - Data saved to landingpage/data/OfferUp_data.csv
2025-03-07 11:03:20,502 - INFO - Data saved to landingpage/data/facebook_data.csv
2025-03-07 11:03:26,139 - INFO - Data saved to landingpage/data/OfferUp_data.csv
2025-03-07 11:03:30,148 - INFO - Data saved to landingpage/data/facebook_data.csv
2025-03-07 11:03:33,392 - INFO - Data saved to landingpage/data/OfferUp_data.csv
2025-03-07 11:03:39,970 - INFO - Data saved to landingpage/data/facebook_data.csv
2025-03-07 11:03:40,946 - INFO - Data saved to landingpage/data/OfferUp_data.csv
2025-03-07 11:03:53,873 - INFO - Data saved to landingpage/data/OfferUp_data.csv
2025-03-07 11:04:04,487 - INFO - Data saved to landingpage/data/facebook_data.csv
2025-03-07 11:04:09,580 - INFO - Data saved to landingpage/data/OfferUp_data.csv
2025-03-07 11:04:12,794 - INFO - Data saved to landingpage/data/facebook_data.csv
2025-03-07 11:04:17,030 - INFO - Data saved to landingpage/data/OfferUp_data.csv
2025-03-07 11:04:20,895 - INFO - Data saved to landingpage/data/facebook_data.csv
2025-03-07 11:04:29,609 - INFO - Data saved to landingpage/data/facebook_data.csv
2025-03-07 11:04:31,130 - INFO - Data saved to landingpage/data/OfferUp_data.csv
2025-03-07 11:04:39,082 - INFO - Data saved to landingpage/data/facebook_data.csv
2025-03-07 11:04:43,710 - INFO - Data saved to landingpage/data/OfferUp_data.csv
2025-03-07 11:04:52,832 - INFO - Data saved to landingpage/data/facebook_data.csv
2025-03-07 11:04:57,243 - INFO - Data saved to landingpage/data/OfferUp_data.csv
2025-03-07 11:05:11,012 - INFO - Data saved to landingpage/data/OfferUp_data.csv
2025-03-07 11:05:16,274 - INFO - Data saved to landingpage/data/facebook_data.csv
2025-03-07 11:05:20,439 - INFO - Data saved to landingpage/data/facebook_data.csv
2025-03-07 11:05:23,278 - INFO - Data saved to landingpage/data/OfferUp_data.csv
2025-03-07 11:05:25,115 - INFO - Data saved to landingpage/data/facebook_data.csv
2025-03-07 11:05:30,260 - INFO - Data saved to landingpage/data/facebook_data.csv
2025-03-07 11:05:37,726 - INFO - Data saved to landingpage/data/OfferUp_data.csv
2025-03-07 11:05:38,070 - INFO - Data saved to landingpage/data/facebook_data.csv
2025-03-07 11:05:43,377 - INFO - Data saved to landingpage/data/facebook_data.csv
2025-03-07 11:05:49,746 - INFO - Data saved to landingpage/data/facebook_data.csv
2025-03-07 11:05:50,797 - INFO - Data saved to landingpage/data/OfferUp_data.csv
2025-03-07 11:05:56,589 - INFO - Data saved to landingpage/data/facebook_data.csv
2025-03-07 11:06:03,575 - INFO - Data saved to landingpage/data/facebook_data.csv
2025-03-07 11:06:07,715 - INFO - Data saved to landingpage/data/OfferUp_data.csv
2025-03-07 11:06:13,009 - INFO - Data saved to landingpage/data/facebook_data.csv
2025-03-07 11:06:18,769 - INFO - Data saved to landingpage/data/facebook_data.csv
2025-03-07 11:06:21,178 - INFO - Data saved to landingpage/data/OfferUp_data.csv
2025-03-07 11:06:24,106 - INFO - Data saved to landingpage/data/facebook_data.csv
2025-03-09 02:04:32,669 - INFO - Already Login
2025-03-09 02:04:38,733 - INFO - 0
2025-03-09 02:04:39,431 - INFO - in
2025-03-09 02:04:40,005 - INFO - in
2025-03-09 02:04:40,121 - INFO - in
2025-03-09 02:04:40,149 - INFO - in
2025-03-09 02:04:40,160 - INFO - in
2025-03-09 02:04:40,170 - INFO - in
2025-03-09 02:04:40,181 - INFO - in
2025-03-09 02:04:40,192 - INFO - in
2025-03-09 02:04:40,201 - INFO - in
2025-03-09 02:04:40,254 - INFO - in
2025-03-09 02:04:40,264 - INFO - in
2025-03-09 02:04:40,276 - INFO - in
2025-03-09 02:04:40,288 - INFO - in
2025-03-09 02:04:40,302 - INFO - in
2025-03-09 02:04:40,317 - INFO - in
2025-03-09 02:04:40,331 - INFO - in
2025-03-09 02:04:40,344 - INFO - in
2025-03-09 02:04:40,357 - INFO - in
2025-03-09 02:04:40,388 - INFO - in
2025-03-09 02:04:40,400 - INFO - in
2025-03-09 02:04:40,410 - INFO - in
2025-03-09 02:04:40,423 - INFO - in
2025-03-09 02:04:40,435 - INFO - in
2025-03-09 02:04:40,449 - INFO - in
2025-03-09 02:04:40,485 - INFO - 1
2025-03-09 02:04:40,542 - INFO - in
2025-03-09 02:04:40,630 - INFO - in
2025-03-09 02:04:40,748 - INFO - in
2025-03-09 02:04:40,760 - INFO - in
2025-03-09 02:04:40,771 - INFO - in
2025-03-09 02:04:40,784 - INFO - in
2025-03-09 02:04:40,798 - INFO - in
2025-03-09 02:04:40,808 - INFO - in
2025-03-09 02:04:40,821 - INFO - in
2025-03-09 02:04:40,833 - INFO - in
2025-03-09 02:04:40,847 - INFO - in
2025-03-09 02:04:40,864 - INFO - in
2025-03-09 02:04:40,875 - INFO - in
2025-03-09 02:04:40,889 - INFO - in
2025-03-09 02:04:40,913 - INFO - in
2025-03-09 02:04:40,925 - INFO - in
2025-03-09 02:04:40,938 - INFO - in
2025-03-09 02:04:40,983 - INFO - in
2025-03-09 02:04:41,006 - INFO - in
2025-03-09 02:04:41,023 - INFO - in
2025-03-09 02:04:41,040 - INFO - in
2025-03-09 02:04:41,052 - INFO - in
2025-03-09 02:04:41,063 - INFO - in
2025-03-09 02:04:41,073 - INFO - in
2025-03-09 02:04:41,084 - INFO - in
2025-03-09 02:04:41,122 - INFO - 2
2025-03-09 02:04:41,160 - INFO - in
2025-03-09 02:04:41,172 - INFO - in
2025-03-09 02:04:41,184 - INFO - in
2025-03-09 02:04:41,196 - INFO - in
2025-03-09 02:04:41,207 - INFO - in
2025-03-09 02:04:41,219 - INFO - in
2025-03-09 02:04:41,233 - INFO - in
2025-03-09 02:04:41,248 - INFO - in
2025-03-09 02:04:41,260 - INFO - in
2025-03-09 02:04:41,271 - INFO - in
2025-03-09 02:04:41,284 - INFO - in
2025-03-09 02:04:41,295 - INFO - in
2025-03-09 02:04:41,305 - INFO - in
2025-03-09 02:04:41,362 - INFO - in
2025-03-09 02:04:41,376 - INFO - in
2025-03-09 02:04:41,398 - INFO - in
2025-03-09 02:04:41,410 - INFO - in
2025-03-09 02:04:41,420 - INFO - in
2025-03-09 02:04:41,433 - INFO - in
2025-03-09 02:04:41,443 - INFO - in
2025-03-09 02:04:41,454 - INFO - in
2025-03-09 02:04:41,465 - INFO - in
2025-03-09 02:04:41,474 - INFO - in
2025-03-09 02:04:41,486 - INFO - in
2025-03-09 02:04:41,498 - INFO - in
2025-03-09 02:04:41,508 - INFO - in
2025-03-09 02:04:41,519 - INFO - in
2025-03-09 02:04:41,530 - INFO - in
2025-03-09 02:04:41,542 - INFO - in
2025-03-09 02:04:41,552 - INFO - in
2025-03-09 02:04:41,573 - INFO - in
2025-03-09 02:04:41,589 - INFO - in
2025-03-09 02:04:41,601 - INFO - in
2025-03-09 02:04:41,612 - INFO - in
2025-03-09 02:04:41,623 - INFO - in
2025-03-09 02:04:41,634 - INFO - in
2025-03-09 02:04:41,646 - INFO - in
2025-03-09 02:04:41,659 - INFO - in
2025-03-09 02:04:41,670 - INFO - in
2025-03-09 02:04:41,681 - INFO - in
2025-03-09 02:04:41,692 - INFO - in
2025-03-09 02:04:41,717 - INFO - in
2025-03-09 02:04:41,730 - INFO - in
2025-03-09 02:04:41,744 - INFO - in
2025-03-09 02:04:41,755 - INFO - in
2025-03-09 02:04:41,766 - INFO - in
2025-03-09 02:04:41,777 - INFO - in
2025-03-09 02:04:41,790 - INFO - in
2025-03-09 02:04:41,803 - INFO - in
2025-03-09 02:04:41,827 - INFO - 3
2025-03-09 02:04:41,866 - INFO - in
2025-03-09 02:04:41,879 - INFO - in
2025-03-09 02:04:41,891 - INFO - in
2025-03-09 02:04:41,903 - INFO - in
2025-03-09 02:04:41,935 - INFO - in
2025-03-09 02:04:42,100 - INFO - in
2025-03-09 02:04:42,256 - INFO - in
2025-03-09 02:04:42,272 - INFO - in
2025-03-09 02:04:42,285 - INFO - in
2025-03-09 02:04:42,304 - INFO - in
2025-03-09 02:04:42,320 - INFO - in
2025-03-09 02:04:42,338 - INFO - in
2025-03-09 02:04:42,352 - INFO - in
2025-03-09 02:04:42,368 - INFO - in
2025-03-09 02:04:42,383 - INFO - in
2025-03-09 02:04:42,403 - INFO - in
2025-03-09 02:04:42,422 - INFO - in
2025-03-09 02:04:42,441 - INFO - in
2025-03-09 02:04:42,455 - INFO - in
2025-03-09 02:04:42,470 - INFO - in
2025-03-09 02:04:42,482 - INFO - in
2025-03-09 02:04:42,499 - INFO - in
2025-03-09 02:04:42,516 - INFO - in
2025-03-09 02:04:42,532 - INFO - in
2025-03-09 02:04:42,544 - INFO - in
2025-03-09 02:04:42,555 - INFO - in
2025-03-09 02:04:42,566 - INFO - in
2025-03-09 02:04:42,577 - INFO - in
2025-03-09 02:04:42,587 - INFO - in
2025-03-09 02:04:42,598 - INFO - in
2025-03-09 02:04:42,611 - INFO - in
2025-03-09 02:04:42,621 - INFO - in
2025-03-09 02:04:42,639 - INFO - in
2025-03-09 02:04:42,651 - INFO - in
2025-03-09 02:04:42,662 - INFO - in
2025-03-09 02:04:42,673 - INFO - in
2025-03-09 02:04:42,685 - INFO - in
2025-03-09 02:04:42,699 - INFO - in
2025-03-09 02:04:42,710 - INFO - in
2025-03-09 02:04:42,720 - INFO - in
2025-03-09 02:04:42,735 - INFO - in
2025-03-09 02:04:42,941 - INFO - in
2025-03-09 02:04:42,958 - INFO - in
2025-03-09 02:04:42,973 - INFO - in
2025-03-09 02:04:42,988 - INFO - in
2025-03-09 02:04:43,006 - INFO - in
2025-03-09 02:04:43,023 - INFO - in
2025-03-09 02:04:43,039 - INFO - in
2025-03-09 02:04:43,056 - INFO - in
2025-03-09 02:04:43,092 - INFO - 4
2025-03-09 02:04:43,171 - INFO - in
2025-03-09 02:04:43,191 - INFO - in
2025-03-09 02:04:43,210 - INFO - in
2025-03-09 02:04:43,225 - INFO - in
2025-03-09 02:04:43,236 - INFO - in
2025-03-09 02:04:43,253 - INFO - in
2025-03-09 02:04:43,270 - INFO - in
2025-03-09 02:04:43,283 - INFO - in
2025-03-09 02:04:43,294 - INFO - in
2025-03-09 02:04:43,307 - INFO - in
2025-03-09 02:04:43,318 - INFO - in
2025-03-09 02:04:43,338 - INFO - in
2025-03-09 02:04:43,357 - INFO - in
2025-03-09 02:04:43,368 - INFO - in
2025-03-09 02:04:43,381 - INFO - in
2025-03-09 02:04:43,395 - INFO - in
2025-03-09 02:04:43,407 - INFO - in
2025-03-09 02:04:43,420 - INFO - in
2025-03-09 02:04:43,432 - INFO - in
2025-03-09 02:04:43,463 - INFO - in
2025-03-09 02:04:43,475 - INFO - in
2025-03-09 02:04:43,486 - INFO - in
2025-03-09 02:04:43,500 - INFO - in
2025-03-09 02:04:43,519 - INFO - in
2025-03-09 02:04:43,536 - INFO - in
2025-03-09 02:04:43,552 - INFO - in
2025-03-09 02:04:43,568 - INFO - in
2025-03-09 02:04:43,584 - INFO - in
2025-03-09 02:04:43,602 - INFO - in
2025-03-09 02:04:43,618 - INFO - in
2025-03-09 02:04:43,633 - INFO - in
2025-03-09 02:04:43,648 - INFO - in
2025-03-09 02:04:43,664 - INFO - in
2025-03-09 02:04:43,681 - INFO - in
2025-03-09 02:04:43,697 - INFO - in
2025-03-09 02:04:43,714 - INFO - in
2025-03-09 02:04:43,733 - INFO - in
2025-03-09 02:04:43,751 - INFO - in
2025-03-09 02:04:43,772 - INFO - in
2025-03-09 02:04:43,787 - INFO - in
2025-03-09 02:04:43,805 - INFO - in
2025-03-09 02:04:43,829 - INFO - in
2025-03-09 02:04:43,848 - INFO - in
2025-03-09 02:04:43,868 - INFO - in
2025-03-09 02:04:43,884 - INFO - in
2025-03-09 02:04:43,904 - INFO - in
2025-03-09 02:04:43,918 - INFO - in
2025-03-09 02:04:43,939 - INFO - in
2025-03-09 02:04:43,953 - INFO - in
2025-03-09 02:04:43,968 - INFO - in
2025-03-09 02:04:43,983 - INFO - in
2025-03-09 02:04:44,002 - INFO - in
2025-03-09 02:04:44,013 - INFO - in
2025-03-09 02:04:44,021 - INFO - in
2025-03-09 02:04:44,033 - INFO - in
2025-03-09 02:04:44,045 - INFO - in
2025-03-09 02:04:44,056 - INFO - in
2025-03-09 02:04:44,067 - INFO - in
2025-03-09 02:04:44,078 - INFO - in
2025-03-09 02:04:44,105 - INFO - in
2025-03-09 02:04:44,123 - INFO - in
2025-03-09 02:04:44,132 - INFO - in
2025-03-09 02:04:44,143 - INFO - in
2025-03-09 02:04:44,154 - INFO - in
2025-03-09 02:04:44,166 - INFO - in
2025-03-09 02:04:44,178 - INFO - in
2025-03-09 02:04:44,188 - INFO - in
2025-03-09 02:04:44,200 - INFO - in
2025-03-09 02:04:44,210 - INFO - in
2025-03-09 02:04:44,221 - INFO - in
2025-03-09 02:04:44,230 - INFO - in
2025-03-09 02:04:44,241 - INFO - in
2025-03-09 02:04:44,252 - INFO - in
2025-03-09 02:04:44,276 - INFO - 5
2025-03-09 02:04:44,320 - INFO - in
2025-03-09 02:04:44,333 - INFO - in
2025-03-09 02:04:44,345 - INFO - in
2025-03-09 02:04:44,355 - INFO - in
2025-03-09 02:04:44,367 - INFO - in
2025-03-09 02:04:44,378 - INFO - in
2025-03-09 02:04:44,387 - INFO - in
2025-03-09 02:04:44,399 - INFO - in
2025-03-09 02:04:44,422 - INFO - in
2025-03-09 02:04:44,433 - INFO - in
2025-03-09 02:04:44,445 - INFO - in
2025-03-09 02:04:44,464 - INFO - in
2025-03-09 02:04:44,477 - INFO - in
2025-03-09 02:04:44,493 - INFO - in
2025-03-09 02:04:44,507 - INFO - in
2025-03-09 02:04:44,520 - INFO - in
2025-03-09 02:04:44,534 - INFO - in
2025-03-09 02:04:44,548 - INFO - in
2025-03-09 02:04:44,572 - INFO - in
2025-03-09 02:04:44,613 - INFO - in
2025-03-09 02:04:44,625 - INFO - in
2025-03-09 02:04:44,636 - INFO - in
2025-03-09 02:04:44,649 - INFO - in
2025-03-09 02:04:44,664 - INFO - in
2025-03-09 02:04:44,682 - INFO - in
2025-03-09 02:04:44,701 - INFO - in
2025-03-09 02:04:44,715 - INFO - in
2025-03-09 02:04:44,727 - INFO - in
2025-03-09 02:04:44,738 - INFO - in
2025-03-09 02:04:44,753 - INFO - in
2025-03-09 02:04:44,765 - INFO - in
2025-03-09 02:04:44,778 - INFO - in
2025-03-09 02:04:44,791 - INFO - in
2025-03-09 02:04:44,807 - INFO - in
2025-03-09 02:04:44,827 - INFO - in
2025-03-09 02:04:44,838 - INFO - in
2025-03-09 02:04:44,852 - INFO - in
2025-03-09 02:04:44,865 - INFO - in
2025-03-09 02:04:44,876 - INFO - in
2025-03-09 02:04:44,889 - INFO - in
2025-03-09 02:04:44,904 - INFO - in
2025-03-09 02:04:44,920 - INFO - in
2025-03-09 02:04:44,934 - INFO - in
2025-03-09 02:04:44,949 - INFO - in
2025-03-09 02:04:44,962 - INFO - in
2025-03-09 02:04:44,978 - INFO - in
2025-03-09 02:04:45,004 - INFO - in
2025-03-09 02:04:45,017 - INFO - in
2025-03-09 02:04:45,028 - INFO - in
2025-03-09 02:04:45,039 - INFO - in
2025-03-09 02:04:45,053 - INFO - in
2025-03-09 02:04:45,066 - INFO - in
2025-03-09 02:04:45,103 - INFO - in
2025-03-09 02:04:45,218 - INFO - in
2025-03-09 02:04:45,273 - INFO - in
2025-03-09 02:04:45,284 - INFO - in
2025-03-09 02:04:45,296 - INFO - in
2025-03-09 02:04:45,310 - INFO - in
2025-03-09 02:04:45,323 - INFO - in
2025-03-09 02:04:45,338 - INFO - in
2025-03-09 02:04:45,352 - INFO - in
2025-03-09 02:04:45,364 - INFO - in
2025-03-09 02:04:45,376 - INFO - in
2025-03-09 02:04:45,387 - INFO - in
2025-03-09 02:04:45,405 - INFO - in
2025-03-09 02:04:45,424 - INFO - in
2025-03-09 02:04:45,440 - INFO - in
2025-03-09 02:04:45,487 - INFO - 6
2025-03-09 02:04:45,565 - INFO - in
2025-03-09 02:04:45,576 - INFO - in
2025-03-09 02:04:45,587 - INFO - in
2025-03-09 02:04:45,596 - INFO - in
2025-03-09 02:04:45,607 - INFO - in
2025-03-09 02:04:45,619 - INFO - in
2025-03-09 02:04:45,632 - INFO - in
2025-03-09 02:04:45,645 - INFO - in
2025-03-09 02:04:45,670 - INFO - in
2025-03-09 02:04:45,684 - INFO - in
2025-03-09 02:04:45,710 - INFO - in
2025-03-09 02:04:45,722 - INFO - in
2025-03-09 02:04:45,737 - INFO - in
2025-03-09 02:04:45,749 - INFO - in
2025-03-09 02:04:45,767 - INFO - in
2025-03-09 02:04:45,781 - INFO - in
2025-03-09 02:04:45,795 - INFO - in
2025-03-09 02:04:45,810 - INFO - in
2025-03-09 02:04:45,827 - INFO - in
2025-03-09 02:04:45,851 - INFO - in
2025-03-09 02:04:45,868 - INFO - in
2025-03-09 02:04:45,881 - INFO - in
2025-03-09 02:04:45,902 - INFO - in
2025-03-09 02:04:45,915 - INFO - in
2025-03-09 02:04:45,925 - INFO - in
2025-03-09 02:04:45,945 - INFO - in
2025-03-09 02:04:45,960 - INFO - in
2025-03-09 02:04:45,975 - INFO - in
2025-03-09 02:04:45,988 - INFO - in
2025-03-09 02:04:46,002 - INFO - in
2025-03-09 02:04:46,018 - INFO - in
2025-03-09 02:04:46,043 - INFO - in
2025-03-09 02:04:46,053 - INFO - in
2025-03-09 02:04:46,068 - INFO - in
2025-03-09 02:04:46,080 - INFO - in
2025-03-09 02:04:46,091 - INFO - in
2025-03-09 02:04:46,104 - INFO - in
2025-03-09 02:04:46,118 - INFO - in
2025-03-09 02:04:46,130 - INFO - in
2025-03-09 02:04:46,141 - INFO - in
2025-03-09 02:04:46,154 - INFO - in
2025-03-09 02:04:46,166 - INFO - in
2025-03-09 02:04:46,179 - INFO - in
2025-03-09 02:04:46,190 - INFO - in
2025-03-09 02:04:46,201 - INFO - in
2025-03-09 02:04:46,214 - INFO - in
2025-03-09 02:04:46,242 - INFO - in
2025-03-09 02:04:46,309 - INFO - in
2025-03-09 02:04:46,457 - INFO - in
2025-03-09 02:04:46,473 - INFO - in
2025-03-09 02:04:46,485 - INFO - in
2025-03-09 02:04:46,497 - INFO - in
2025-03-09 02:04:46,507 - INFO - in
2025-03-09 02:04:46,523 - INFO - in
2025-03-09 02:04:46,550 - INFO - in
2025-03-09 02:04:46,564 - INFO - in
2025-03-09 02:04:46,582 - INFO - in
2025-03-09 02:04:46,595 - INFO - in
2025-03-09 02:04:46,605 - INFO - in
2025-03-09 02:04:46,631 - INFO - in
2025-03-09 02:04:46,649 - INFO - in
2025-03-09 02:04:46,665 - INFO - in
2025-03-09 02:04:46,682 - INFO - in
2025-03-09 02:04:46,693 - INFO - in
2025-03-09 02:04:46,709 - INFO - in
2025-03-09 02:04:46,721 - INFO - in
2025-03-09 02:04:46,733 - INFO - in
2025-03-09 02:04:46,754 - INFO - 7
2025-03-09 02:04:46,823 - INFO - in
2025-03-09 02:04:46,834 - INFO - in
2025-03-09 02:04:46,857 - INFO - in
2025-03-09 02:04:46,872 - INFO - in
2025-03-09 02:04:46,886 - INFO - in
2025-03-09 02:04:46,900 - INFO - in
2025-03-09 02:04:46,914 - INFO - in
2025-03-09 02:04:46,946 - INFO - in
2025-03-09 02:04:47,018 - INFO - in
2025-03-09 02:04:47,045 - INFO - in
2025-03-09 02:04:47,059 - INFO - in
2025-03-09 02:04:47,085 - INFO - in
2025-03-09 02:04:47,101 - INFO - in
2025-03-09 02:04:47,111 - INFO - in
2025-03-09 02:04:47,123 - INFO - in
2025-03-09 02:04:47,137 - INFO - in
2025-03-09 02:04:47,150 - INFO - in
2025-03-09 02:04:47,161 - INFO - in
2025-03-09 02:04:47,175 - INFO - in
2025-03-09 02:04:47,203 - INFO - in
2025-03-09 02:04:47,215 - INFO - in
2025-03-09 02:04:47,229 - INFO - in
2025-03-09 02:04:47,244 - INFO - in
2025-03-09 02:04:47,256 - INFO - in
2025-03-09 02:04:47,275 - INFO - in
2025-03-09 02:04:47,287 - INFO - in
2025-03-09 02:04:47,300 - INFO - in
2025-03-09 02:04:47,318 - INFO - in
2025-03-09 02:04:47,334 - INFO - in
2025-03-09 02:04:47,349 - INFO - in
2025-03-09 02:04:47,362 - INFO - in
2025-03-09 02:04:47,373 - INFO - in
2025-03-09 02:04:47,387 - INFO - in
2025-03-09 02:04:47,399 - INFO - in
2025-03-09 02:04:47,408 - INFO - in
2025-03-09 02:04:47,422 - INFO - in
2025-03-09 02:04:47,434 - INFO - in
2025-03-09 02:04:47,446 - INFO - in
2025-03-09 02:04:47,457 - INFO - in
2025-03-09 02:04:47,469 - INFO - in
2025-03-09 02:04:47,481 - INFO - in
2025-03-09 02:04:47,493 - INFO - in
2025-03-09 02:04:47,505 - INFO - in
2025-03-09 02:04:47,532 - INFO - in
2025-03-09 02:04:47,555 - INFO - in
2025-03-09 02:04:47,573 - INFO - in
2025-03-09 02:04:47,586 - INFO - in
2025-03-09 02:04:47,631 - INFO - in
2025-03-09 02:04:47,657 - INFO - in
2025-03-09 02:04:47,676 - INFO - in
2025-03-09 02:04:47,699 - INFO - in
2025-03-09 02:04:47,716 - INFO - in
2025-03-09 02:04:47,739 - INFO - in
2025-03-09 02:04:47,753 - INFO - in
2025-03-09 02:04:47,768 - INFO - in
2025-03-09 02:04:47,779 - INFO - in
2025-03-09 02:04:47,795 - INFO - in
2025-03-09 02:04:47,808 - INFO - in
2025-03-09 02:04:47,820 - INFO - in
2025-03-09 02:04:47,832 - INFO - in
2025-03-09 02:04:47,850 - INFO - in
2025-03-09 02:04:47,871 - INFO - in
2025-03-09 02:04:47,896 - INFO - in
2025-03-09 02:04:47,919 - INFO - in
2025-03-09 02:04:47,949 - INFO - in
2025-03-09 02:04:47,998 - INFO - in
2025-03-09 02:04:48,045 - INFO - in
2025-03-09 02:04:48,080 - INFO - in
2025-03-09 02:04:48,106 - INFO - in
2025-03-09 02:04:48,229 - INFO - in
2025-03-09 02:04:48,285 - INFO - in
2025-03-09 02:04:48,378 - INFO - in
2025-03-09 02:04:48,431 - INFO - in
2025-03-09 02:04:48,478 - INFO - in
2025-03-09 02:04:48,511 - INFO - in
2025-03-09 02:04:48,561 - INFO - in
2025-03-09 02:04:48,577 - INFO - in
2025-03-09 02:04:48,602 - INFO - in
2025-03-09 02:04:48,652 - INFO - in
2025-03-09 02:04:48,683 - INFO - in
2025-03-09 02:04:48,719 - INFO - in
2025-03-09 02:04:48,800 - INFO - in
2025-03-09 02:04:48,836 - INFO - in
2025-03-09 02:04:48,877 - INFO - in
2025-03-09 02:04:48,895 - INFO - in
2025-03-09 02:04:48,938 - INFO - 8
2025-03-09 02:04:49,097 - INFO - in
2025-03-09 02:04:49,139 - INFO - in
2025-03-09 02:04:49,186 - INFO - in
2025-03-09 02:04:49,207 - INFO - in
2025-03-09 02:04:49,274 - INFO - in
2025-03-09 02:04:49,332 - INFO - in
2025-03-09 02:04:49,347 - INFO - in
2025-03-09 02:04:49,361 - INFO - in
2025-03-09 02:04:49,375 - INFO - in
2025-03-09 02:04:49,389 - INFO - in
2025-03-09 02:04:49,407 - INFO - in
2025-03-09 02:04:49,435 - INFO - in
2025-03-09 02:04:49,453 - INFO - in
2025-03-09 02:04:49,470 - INFO - in
2025-03-09 02:04:49,499 - INFO - in
2025-03-09 02:04:49,518 - INFO - in
2025-03-09 02:04:49,538 - INFO - in
2025-03-09 02:04:49,556 - INFO - in
2025-03-09 02:04:49,573 - INFO - in
2025-03-09 02:04:49,588 - INFO - in
2025-03-09 02:04:49,600 - INFO - in
2025-03-09 02:04:49,615 - INFO - in
2025-03-09 02:04:49,626 - INFO - in
2025-03-09 02:04:49,637 - INFO - in
2025-03-09 02:04:49,649 - INFO - in
2025-03-09 02:04:49,661 - INFO - in
2025-03-09 02:04:49,671 - INFO - in
2025-03-09 02:04:49,684 - INFO - in
2025-03-09 02:04:49,697 - INFO - in
2025-03-09 02:04:49,711 - INFO - in
2025-03-09 02:04:49,722 - INFO - in
2025-03-09 02:04:49,736 - INFO - in
2025-03-09 02:04:49,747 - INFO - in
2025-03-09 02:04:49,760 - INFO - in
2025-03-09 02:04:49,918 - INFO - in
2025-03-09 02:04:50,022 - INFO - in
2025-03-09 02:04:50,038 - INFO - in
2025-03-09 02:04:50,059 - INFO - in
2025-03-09 02:04:50,072 - INFO - in
2025-03-09 02:04:50,084 - INFO - in
2025-03-09 02:04:50,096 - INFO - in
2025-03-09 02:04:50,106 - INFO - in
2025-03-09 02:04:50,130 - INFO - in
2025-03-09 02:04:50,143 - INFO - in
2025-03-09 02:04:50,156 - INFO - in
2025-03-09 02:04:50,170 - INFO - in
2025-03-09 02:04:50,192 - INFO - in
2025-03-09 02:04:50,224 - INFO - in
2025-03-09 02:04:50,255 - INFO - in
2025-03-09 02:04:50,301 - INFO - in
2025-03-09 02:04:50,321 - INFO - in
2025-03-09 02:04:50,335 - INFO - in
2025-03-09 02:04:50,354 - INFO - in
2025-03-09 02:04:50,374 - INFO - in
2025-03-09 02:04:50,395 - INFO - in
2025-03-09 02:04:50,405 - INFO - in
2025-03-09 02:04:50,420 - INFO - in
2025-03-09 02:04:50,435 - INFO - in
2025-03-09 02:04:50,449 - INFO - in
2025-03-09 02:04:50,459 - INFO - in
2025-03-09 02:04:50,476 - INFO - in
2025-03-09 02:04:50,488 - INFO - in
2025-03-09 02:04:50,502 - INFO - in
2025-03-09 02:04:50,515 - INFO - in
2025-03-09 02:04:50,527 - INFO - in
2025-03-09 02:04:50,542 - INFO - in
2025-03-09 02:04:50,555 - INFO - in
2025-03-09 02:04:50,569 - INFO - in
2025-03-09 02:04:50,585 - INFO - in
2025-03-09 02:04:50,597 - INFO - in
2025-03-09 02:04:50,609 - INFO - in
2025-03-09 02:04:50,625 - INFO - in
2025-03-09 02:04:50,649 - INFO - 9
2025-03-09 02:04:50,728 - INFO - in
2025-03-09 02:04:50,745 - INFO - in
2025-03-09 02:04:50,763 - INFO - in
2025-03-09 02:04:50,777 - INFO - in
2025-03-09 02:04:50,793 - INFO - in
2025-03-09 02:04:50,806 - INFO - in
2025-03-09 02:04:50,821 - INFO - in
2025-03-09 02:04:50,837 - INFO - in
2025-03-09 02:04:50,856 - INFO - in
2025-03-09 02:04:50,895 - INFO - in
2025-03-09 02:04:50,907 - INFO - in
2025-03-09 02:04:50,919 - INFO - in
2025-03-09 02:04:50,933 - INFO - in
2025-03-09 02:04:50,952 - INFO - in
2025-03-09 02:04:50,970 - INFO - in
2025-03-09 02:04:50,987 - INFO - in
2025-03-09 02:04:51,004 - INFO - in
2025-03-09 02:04:51,023 - INFO - in
2025-03-09 02:04:51,036 - INFO - in
2025-03-09 02:04:51,051 - INFO - in
2025-03-09 02:04:51,065 - INFO - in
2025-03-09 02:04:51,079 - INFO - in
2025-03-09 02:04:51,091 - INFO - in
2025-03-09 02:04:51,101 - INFO - in
2025-03-09 02:04:51,113 - INFO - in
2025-03-09 02:04:51,122 - INFO - in
2025-03-09 02:04:51,137 - INFO - in
2025-03-09 02:04:51,151 - INFO - in
2025-03-09 02:04:51,164 - INFO - in
2025-03-09 02:04:51,175 - INFO - in
2025-03-09 02:04:51,187 - INFO - in
2025-03-09 02:04:51,200 - INFO - in
2025-03-09 02:04:51,212 - INFO - in
2025-03-09 02:04:51,225 - INFO - in
2025-03-09 02:04:51,238 - INFO - in
2025-03-09 02:04:51,252 - INFO - in
2025-03-09 02:04:51,263 - INFO - in
2025-03-09 02:04:51,278 - INFO - in
2025-03-09 02:04:51,289 - INFO - in
2025-03-09 02:04:51,302 - INFO - in
2025-03-09 02:04:51,314 - INFO - in
2025-03-09 02:04:51,329 - INFO - in
2025-03-09 02:04:51,345 - INFO - in
2025-03-09 02:04:51,356 - INFO - in
2025-03-09 02:04:51,367 - INFO - in
2025-03-09 02:04:51,383 - INFO - in
2025-03-09 02:04:51,392 - INFO - in
2025-03-09 02:04:51,405 - INFO - in
2025-03-09 02:04:51,419 - INFO - in
2025-03-09 02:04:51,429 - INFO - in
2025-03-09 02:04:51,440 - INFO - in
2025-03-09 02:04:51,452 - INFO - in
2025-03-09 02:04:51,464 - INFO - in
2025-03-09 02:04:51,478 - INFO - in
2025-03-09 02:04:51,488 - INFO - in
2025-03-09 02:04:51,502 - INFO - in
2025-03-09 02:04:51,516 - INFO - in
2025-03-09 02:04:51,529 - INFO - in
2025-03-09 02:04:51,540 - INFO - in
2025-03-09 02:04:51,551 - INFO - in
2025-03-09 02:04:51,565 - INFO - in
2025-03-09 02:04:51,577 - INFO - in
2025-03-09 02:04:51,592 - INFO - in
2025-03-09 02:04:51,605 - INFO - in
2025-03-09 02:04:51,616 - INFO - in
2025-03-09 02:04:51,629 - INFO - in
2025-03-09 02:04:51,644 - INFO - in
2025-03-09 02:04:51,657 - INFO - in
2025-03-09 02:04:51,671 - INFO - in
2025-03-09 02:04:51,685 - INFO - in
2025-03-09 02:04:51,699 - INFO - in
2025-03-09 02:04:51,711 - INFO - in
2025-03-09 02:04:51,724 - INFO - in
2025-03-09 02:04:51,739 - INFO - in
2025-03-09 02:04:51,751 - INFO - in
2025-03-09 02:04:51,762 - INFO - in
2025-03-09 02:04:51,778 - INFO - in
2025-03-09 02:04:51,789 - INFO - in
2025-03-09 02:04:56,016 - INFO - Data saved to landingpage/data/facebook_data.csv
2025-03-09 02:05:01,901 - INFO - Data saved to landingpage/data/facebook_data.csv
2025-03-09 02:05:06,898 - INFO - Data saved to landingpage/data/facebook_data.csv
2025-03-09 02:05:11,560 - INFO - Data saved to landingpage/data/facebook_data.csv
2025-03-09 02:05:15,861 - INFO - Data saved to landingpage/data/facebook_data.csv
2025-03-09 02:05:20,437 - INFO - Data saved to landingpage/data/facebook_data.csv
2025-03-09 02:05:24,853 - INFO - Data saved to landingpage/data/facebook_data.csv
2025-03-09 02:05:31,364 - INFO - Data saved to landingpage/data/facebook_data.csv
2025-03-09 02:05:35,597 - INFO - Data saved to landingpage/data/facebook_data.csv
2025-03-09 02:05:39,995 - INFO - Data saved to landingpage/data/facebook_data.csv
2025-03-09 02:05:47,152 - INFO - Data saved to landingpage/data/facebook_data.csv
2025-03-09 02:05:52,882 - INFO - Data saved to landingpage/data/facebook_data.csv
2025-03-09 02:05:57,100 - INFO - Data saved to landingpage/data/facebook_data.csv
2025-03-09 02:05:59,844 - INFO - Data saved to landingpage/data/facebook_data.csv
2025-03-09 02:06:03,477 - INFO - Data saved to landingpage/data/facebook_data.csv
2025-03-09 02:06:07,126 - INFO - Data saved to landingpage/data/facebook_data.csv
2025-03-09 02:06:10,248 - INFO - Data saved to landingpage/data/facebook_data.csv
2025-03-09 02:06:13,768 - INFO - Data saved to landingpage/data/facebook_data.csv
2025-03-09 02:06:18,137 - INFO - Data saved to landingpage/data/facebook_data.csv
2025-03-09 02:06:21,813 - INFO - Data saved to landingpage/data/facebook_data.csv
2025-03-09 02:06:24,352 - INFO - Data saved to landingpage/data/facebook_data.csv
2025-03-09 02:06:27,752 - INFO - Data saved to landingpage/data/facebook_data.csv
2025-03-09 02:06:30,906 - INFO - Data saved to landingpage/data/facebook_data.csv
2025-03-09 02:06:33,921 - INFO - Data saved to landingpage/data/facebook_data.csv
2025-03-09 02:06:37,078 - INFO - Data saved to landingpage/data/facebook_data.csv
2025-03-09 02:06:41,182 - INFO - Data saved to landingpage/data/facebook_data.csv
2025-03-09 02:06:44,485 - INFO - Data saved to landingpage/data/facebook_data.csv
2025-03-09 02:06:47,879 - INFO - Data saved to landingpage/data/facebook_data.csv
2025-03-09 02:06:50,712 - INFO - Data saved to landingpage/data/facebook_data.csv
2025-03-09 02:06:53,803 - INFO - Data saved to landingpage/data/facebook_data.csv
2025-03-09 02:06:56,771 - INFO - Data saved to landingpage/data/facebook_data.csv
2025-03-09 02:06:59,214 - INFO - Data saved to landingpage/data/facebook_data.csv
2025-03-09 02:07:02,703 - INFO - Data saved to landingpage/data/facebook_data.csv
2025-03-09 02:07:05,676 - INFO - Data saved to landingpage/data/facebook_data.csv
