2025-03-07 10:48:13,727 - INFO - {"id": 4f5da6b8-fb11-11ef-8c66-0ae38422392b, "type": "FIXED_PRICE"}
2025-03-07 10:48:13,756 - INFO - {"id": 4f4ff22a-fb11-11ef-b123-0ae38422392b, "type": "FIXED_PRICE"}
2025-03-07 10:48:13,758 - INFO - {"id": 4f42a502-fb11-11ef-a62d-0ae38422392b, "type": "FIXED_PRICE"}
2025-03-07 10:48:13,758 - INFO - {"id": 4f3522a6-fb11-11ef-9721-0ae38422392b, "type": "FIXED_PRICE"}
2025-03-07 10:48:13,759 - INFO - {"id": 4f2653a2-fb11-11ef-96e9-0ae38422392b, "type": "FIXED_PRICE"}
2025-03-07 10:48:13,760 - INFO - {"id": 4f187160-fb11-11ef-8057-0ae38422392b, "type": "FIXED_PRICE"}
2025-03-07 10:48:13,760 - INFO - {"id": 4f0ab6c4-fb11-11ef-a841-0ae38422392b, "type": "FIXED_PRICE"}
2025-03-07 10:48:13,761 - INFO - {"id": 4efc0de0-fb11-11ef-88f3-0ae38422392b, "type": "FIXED_PRICE"}
2025-03-07 10:48:13,761 - INFO - {"id": 4eee23a6-fb11-11ef-bf35-0ae38422392b, "type": "FIXED_PRICE"}
2025-03-07 10:48:13,761 - INFO - {"id": 4ee0490c-fb11-11ef-a158-0ae38422392b, "type": "FIXED_PRICE"}
2025-03-07 10:48:13,761 - INFO - {"id": 4ed15e60-fb11-11ef-bf8a-0ae38422392b, "type": "FIXED_PRICE"}
2025-03-07 10:48:13,762 - INFO - {"id": 4ec2b734-fb11-11ef-834e-0ae38422392b, "type": "FIXED_PRICE"}
2025-03-07 10:48:13,762 - INFO - {"id": 4eb50972-fb11-11ef-9ff2-0ae38422392b, "type": "FIXED_PRICE"}
2025-03-07 10:48:13,762 - INFO - {"id": 4ea5c5c0-fb11-11ef-97d3-0ae38422392b, "type": "FIXED_PRICE"}
2025-03-07 10:48:13,762 - INFO - {"id": 4e97eacc-fb11-11ef-8536-0ae38422392b, "type": "FIXED_PRICE"}
2025-03-07 10:48:13,762 - INFO - {"id": 4e88b2b4-fb11-11ef-9db4-0ae38422392b, "type": "FIXED_PRICE"}
2025-03-07 10:48:13,763 - INFO - {"id": 4e7a6f2e-fb11-11ef-bcfe-0ae38422392b, "type": "FIXED_PRICE"}
2025-03-07 10:48:13,763 - INFO - {"id": 4e60ffc6-fb11-11ef-8ec0-0ae38422392b, "type": "FIXED_PRICE"}
2025-03-07 10:48:13,763 - INFO - {"id": adb8be74-fb10-11ef-bdb0-0ae38422392b, "type": "FIXED_PRICE"}
2025-03-07 10:48:13,763 - INFO - {"id": 7405bd1c-fb10-11ef-adda-0a58a9feac02, "type": "FIXED_PRICE"}
2025-03-07 10:48:13,765 - INFO - {"id": 465a77c2-fb10-11ef-8cd7-0278a23d4ac3, "type": "FIXED_PRICE"}
2025-03-07 10:48:13,765 - INFO - {"id": 41460c74-fb10-11ef-95ee-0a58a9feac02, "type": "FIXED_PRICE"}
2025-03-07 10:48:13,765 - INFO - {"id": 1ba4a5ac-fb10-11ef-8429-0a58a9feac02, "type": "FIXED_PRICE"}
2025-03-07 10:48:13,765 - INFO - {"id": 0b2b15b2-fb10-11ef-b4f0-0a16a2ce41bf, "type": "FIXED_PRICE"}
2025-03-07 10:48:13,765 - INFO - {"id": b7c6d938-fb0f-11ef-940a-0ae38422392b, "type": "FIXED_PRICE"}
2025-03-07 10:48:13,766 - INFO - {"id": 50ca4fd2-fb08-11ef-9622-0a58a9feac02, "type": "FIXED_PRICE"}
2025-03-07 10:48:13,766 - INFO - {"id": 03dd427e-fb08-11ef-a728-0278a23d4ac3, "type": "FIXED_PRICE"}
2025-03-07 10:48:13,766 - INFO - {"id": ff2ef594-faf6-11ef-a81a-0278a23d4ac3, "type": "FIXED_PRICE"}
2025-03-07 10:48:13,766 - INFO - {"id": 77e6f786-faf5-11ef-94f5-0a16a2ce41bf, "type": "FIXED_PRICE"}
2025-03-07 10:48:13,766 - INFO - {"id": 09775fec-faf1-11ef-921a-0a58a9feac02, "type": "FIXED_PRICE"}
2025-03-07 10:48:13,767 - INFO - {"id": fea3d2f8-faf0-11ef-8fab-0a58a9feac02, "type": "FIXED_PRICE"}
2025-03-07 10:48:13,767 - INFO - {"id": 0f761610-faef-11ef-b42a-0a58a9feac02, "type": "FIXED_PRICE"}
2025-03-07 10:48:13,767 - INFO - {"id": cee9e276-faed-11ef-a69a-0a16a2ce41bf, "type": "FIXED_PRICE"}
2025-03-07 10:48:13,767 - INFO - {"id": 66884e84-faed-11ef-ae3c-0278a23d4ac3, "type": "FIXED_PRICE"}
2025-03-07 10:48:13,767 - INFO - {"id": 4b24a502-faed-11ef-a8de-0278a23d4ac3, "type": "FIXED_PRICE"}
2025-03-07 10:48:13,768 - INFO - {"id": 9a61ac84-faeb-11ef-8c49-0a16a2ce41bf, "type": "FIXED_PRICE"}
2025-03-07 10:48:13,768 - INFO - {"id": d738c6bc-fae9-11ef-ac88-0a58a9feac02, "type": "FIXED_PRICE"}
2025-03-07 10:48:13,768 - INFO - {"id": 60034504-fae9-11ef-8a57-0a58a9feac02, "type": "FIXED_PRICE"}
2025-03-07 10:48:13,768 - INFO - {"id": 5339d0c2-fae9-11ef-95da-0a16a2ce41bf, "type": "FIXED_PRICE"}
2025-03-07 10:48:13,768 - INFO - {"id": 36d60f4a-fae9-11ef-a4d6-0a58a9feac02, "type": "FIXED_PRICE"}
2025-03-07 10:48:13,769 - INFO - {"id": 23fb5ff6-fae9-11ef-bdd4-0ae38422392b, "type": "FIXED_PRICE"}
2025-03-07 10:48:13,769 - INFO - {"id": 13fefa54-fae9-11ef-af47-0278a23d4ac3, "type": "FIXED_PRICE"}
2025-03-07 10:48:13,769 - INFO - {"id": fa2fe200-fae8-11ef-bdb3-0a58a9feac02, "type": "FIXED_PRICE"}
2025-03-07 10:48:13,769 - INFO - {"id": d890dc30-fae8-11ef-90cc-0a16a2ce41bf, "type": "FIXED_PRICE"}
2025-03-07 10:48:13,770 - INFO - {"id": ba7a8aca-fae8-11ef-912a-0ae38422392b, "type": "FIXED_PRICE"}
2025-03-07 10:48:13,770 - INFO - {"id": 96c2c430-fae8-11ef-9c5d-0ae38422392b, "type": "FIXED_PRICE"}
2025-03-07 10:48:13,770 - INFO - {"id": 573f3d2a-fae8-11ef-b4b4-0278a23d4ac3, "type": "FIXED_PRICE"}
2025-03-07 10:48:13,770 - INFO - {"id": a6aa07a6-fae7-11ef-a8b6-0ae38422392b, "type": "FIXED_PRICE"}
2025-03-07 10:48:13,771 - INFO - {"id": a3e4f414-faff-11ef-9969-0278a23d4ac3, "type": "FIXED_PRICE"}
2025-03-07 10:48:13,771 - INFO - {"id": eda93ce6-fafe-11ef-9f96-0a58a9feac02, "type": "FIXED_PRICE"}
2025-03-07 10:48:13,771 - INFO - {"id": e03fdb9a-fafa-11ef-921b-0278a23d4ac3, "type": "FIXED_PRICE"}
2025-03-07 10:48:13,771 - INFO - {"id": 799e40fa-faf7-11ef-ad8f-0278a23d4ac3, "type": "FIXED_PRICE"}
2025-03-07 10:48:13,771 - INFO - {"id": 60c3b230-fae4-11ef-ac01-0ae38422392b, "type": "FIXED_PRICE"}
2025-03-07 10:48:13,772 - INFO - {"id": 7a20a9ca-fae1-11ef-bd08-0a16a2ce41bf, "type": "FIXED_PRICE"}
2025-03-07 10:48:13,773 - INFO - {"id": 978df87a-fadf-11ef-8929-0ae38422392b, "type": "FIXED_PRICE"}
2025-03-07 10:48:13,773 - INFO - {"id": 3b9a0d48-fade-11ef-af20-02dec1e3f3b1, "type": "FIXED_PRICE"}
2025-03-07 10:48:13,773 - INFO - {"id": 2e826c04-fade-11ef-9016-02dec1e3f3b1, "type": "FIXED_PRICE"}
2025-03-07 10:48:13,774 - INFO - {"id": dfa21d96-fadd-11ef-bdb0-02dec1e3f3b1, "type": "FIXED_PRICE"}
2025-03-07 10:48:13,774 - INFO - {"id": d1b18820-fadd-11ef-94d4-02dec1e3f3b1, "type": "FIXED_PRICE"}
2025-03-07 10:48:13,774 - INFO - {"id": ce50deb0-fadd-11ef-8c5b-02dec1e3f3b1, "type": "FIXED_PRICE"}
2025-03-07 10:48:13,775 - INFO - {"id": cc704b12-fadd-11ef-886e-02dec1e3f3b1, "type": "FIXED_PRICE"}
2025-03-07 10:48:13,775 - INFO - {"id": ca976622-fadd-11ef-972a-02dec1e3f3b1, "type": "FIXED_PRICE"}
2025-03-07 10:48:13,775 - INFO - {"id": c81ca16e-fadd-11ef-adb4-02dec1e3f3b1, "type": "FIXED_PRICE"}
2025-03-07 10:48:13,775 - INFO - {"id": c7660382-fadd-11ef-97be-02dec1e3f3b1, "type": "FIXED_PRICE"}
2025-03-07 10:48:13,776 - INFO - {"id": ace43754-fadd-11ef-a47f-0ae38422392b, "type": "FIXED_PRICE"}
2025-03-07 10:48:13,776 - INFO - {"id": aca9fea4-fadd-11ef-8a06-0ae38422392b, "type": "FIXED_PRICE"}
2025-03-07 10:48:13,776 - INFO - {"id": ac8d1604-fadd-11ef-a47e-0ae38422392b, "type": "FIXED_PRICE"}
2025-03-07 10:48:13,778 - INFO - {"id": ac528ae8-fadd-11ef-8de8-0ae38422392b, "type": "FIXED_PRICE"}
2025-03-07 10:48:13,778 - INFO - {"id": ac44b58a-fadd-11ef-a811-0ae38422392b, "type": "FIXED_PRICE"}
2025-03-07 10:48:13,780 - INFO - {"id": ac28c528-fadd-11ef-b954-0ae38422392b, "type": "FIXED_PRICE"}
2025-03-07 10:48:13,780 - INFO - {"id": ac0c5f6e-fadd-11ef-9468-0ae38422392b, "type": "FIXED_PRICE"}
2025-03-07 10:48:13,781 - INFO - {"id": abfcaea2-fadd-11ef-988b-0ae38422392b, "type": "FIXED_PRICE"}
2025-03-07 10:48:13,781 - INFO - {"id": abede098-fadd-11ef-a97a-0ae38422392b, "type": "FIXED_PRICE"}
2025-03-07 10:48:13,781 - INFO - {"id": abde692e-fadd-11ef-b606-0ae38422392b, "type": "FIXED_PRICE"}
2025-03-07 10:48:13,781 - INFO - {"id": abc279b2-fadd-11ef-a85a-0ae38422392b, "type": "FIXED_PRICE"}
2025-03-07 10:48:13,781 - INFO - {"id": aba47890-fadd-11ef-8fb4-0ae38422392b, "type": "FIXED_PRICE"}
2025-03-07 10:48:13,782 - INFO - {"id": ab969f0e-fadd-11ef-b7a6-0ae38422392b, "type": "FIXED_PRICE"}
2025-03-07 10:48:13,782 - INFO - {"id": ab88ac50-fadd-11ef-9dae-0ae38422392b, "type": "FIXED_PRICE"}
2025-03-07 10:48:13,783 - INFO - {"id": ab7abcd0-fadd-11ef-8191-0ae38422392b, "type": "FIXED_PRICE"}
2025-03-07 10:48:13,783 - INFO - {"id": ab6aec88-fadd-11ef-8288-0ae38422392b, "type": "FIXED_PRICE"}
2025-03-07 10:48:13,783 - INFO - {"id": ab5cd378-fadd-11ef-9754-0ae38422392b, "type": "FIXED_PRICE"}
2025-03-07 10:48:13,784 - INFO - {"id": ab4ecfee-fadd-11ef-848e-0ae38422392b, "type": "FIXED_PRICE"}
2025-03-07 10:48:13,785 - INFO - {"id": ab406346-fadd-11ef-8dac-0ae38422392b, "type": "FIXED_PRICE"}
2025-03-07 10:48:13,785 - INFO - {"id": aacdd0e2-fadd-11ef-bfc2-0ae38422392b, "type": "FIXED_PRICE"}
2025-03-07 10:48:13,785 - INFO - {"id": aac00336-fadd-11ef-9acb-0ae38422392b, "type": "FIXED_PRICE"}
2025-03-07 10:48:13,785 - INFO - {"id": aab1ea1c-fadd-11ef-a9cf-0ae38422392b, "type": "FIXED_PRICE"}
2025-03-07 10:48:13,786 - INFO - {"id": aaa3bfdc-fadd-11ef-8258-0ae38422392b, "type": "FIXED_PRICE"}
2025-03-07 10:48:13,790 - INFO - {"id": aa5ce706-fadd-11ef-80bc-0ae38422392b, "type": "FIXED_PRICE"}
2025-03-07 10:48:13,790 - INFO - {"id": aa4f16da-fadd-11ef-8167-0ae38422392b, "type": "FIXED_PRICE"}
2025-03-07 10:48:13,791 - INFO - {"id": aa32b814-fadd-11ef-b326-0ae38422392b, "type": "FIXED_PRICE"}
2025-03-07 10:48:13,791 - INFO - {"id": a9da521e-fadd-11ef-af3e-0ae38422392b, "type": "FIXED_PRICE"}
2025-03-07 10:48:13,791 - INFO - {"id": a9cb5c28-fadd-11ef-86eb-0ae38422392b, "type": "FIXED_PRICE"}
2025-03-07 10:48:13,792 - INFO - {"id": a9bd6c8a-fadd-11ef-b047-0ae38422392b, "type": "FIXED_PRICE"}
2025-03-07 10:48:13,792 - INFO - {"id": a99fa0d8-fadd-11ef-a846-0ae38422392b, "type": "FIXED_PRICE"}
2025-03-07 10:48:13,792 - INFO - {"id": a9912f26-fadd-11ef-98f6-0ae38422392b, "type": "FIXED_PRICE"}
2025-03-07 10:48:13,793 - INFO - {"id": a950d7aa-fadd-11ef-b11c-0ae38422392b, "type": "FIXED_PRICE"}
