2025-03-03 14:56:22,704 - INFO - Data saved to landingpage/data/Ebay_data.csv
2025-03-03 14:56:27,448 - INFO - Data saved to landingpage/data/Ebay_data.csv
2025-03-03 14:56:31,860 - INFO - Data saved to landingpage/data/Ebay_data.csv
2025-03-03 14:56:35,924 - INFO - Data saved to landingpage/data/Ebay_data.csv
2025-03-03 14:56:40,021 - INFO - Data saved to landingpage/data/Ebay_data.csv
2025-03-03 14:56:44,397 - INFO - Data saved to landingpage/data/Ebay_data.csv
2025-03-03 14:56:48,957 - INFO - Data saved to landingpage/data/Ebay_data.csv
2025-03-03 14:56:53,378 - INFO - Data saved to landingpage/data/Ebay_data.csv
2025-03-03 14:56:57,682 - INFO - Data saved to landingpage/data/Ebay_data.csv
2025-03-03 14:56:58,055 - INFO - Data saved to landingpage/data/craglist.csv
2025-03-03 14:56:58,257 - INFO - Data saved to landingpage/data/craglist.csv
2025-03-03 14:56:58,378 - INFO - Data saved to landingpage/data/craglist.csv
2025-03-03 14:56:58,527 - INFO - Data saved to landingpage/data/craglist.csv
2025-03-03 14:56:58,605 - INFO - Data saved to landingpage/data/craglist.csv
2025-03-03 14:56:58,730 - INFO - Data saved to landingpage/data/craglist.csv
2025-03-03 14:56:58,830 - INFO - Data saved to landingpage/data/craglist.csv
2025-03-03 14:56:58,932 - INFO - Data saved to landingpage/data/craglist.csv
2025-03-03 14:56:59,034 - INFO - Data saved to landingpage/data/craglist.csv
2025-03-03 14:56:59,163 - INFO - Data saved to landingpage/data/craglist.csv
2025-03-03 14:56:59,276 - INFO - Data saved to landingpage/data/craglist.csv
2025-03-03 14:56:59,372 - INFO - Data saved to landingpage/data/craglist.csv
2025-03-03 14:56:59,469 - INFO - Data saved to landingpage/data/craglist.csv
2025-03-03 14:56:59,572 - INFO - Data saved to landingpage/data/craglist.csv
2025-03-03 14:56:59,676 - INFO - Data saved to landingpage/data/craglist.csv
2025-03-03 14:56:59,770 - INFO - Data saved to landingpage/data/craglist.csv
2025-03-03 14:56:59,869 - INFO - Data saved to landingpage/data/craglist.csv
2025-03-03 14:56:59,971 - INFO - Data saved to landingpage/data/craglist.csv
2025-03-03 14:57:00,085 - INFO - Data saved to landingpage/data/craglist.csv
2025-03-03 14:57:00,191 - INFO - Data saved to landingpage/data/craglist.csv
2025-03-03 14:57:00,287 - INFO - Data saved to landingpage/data/craglist.csv
2025-03-03 14:57:00,376 - INFO - Data saved to landingpage/data/craglist.csv
2025-03-03 14:57:00,475 - INFO - Data saved to landingpage/data/craglist.csv
2025-03-03 14:57:00,581 - INFO - Data saved to landingpage/data/craglist.csv
2025-03-03 14:57:00,683 - INFO - Data saved to landingpage/data/craglist.csv
2025-03-03 14:57:00,788 - INFO - Data saved to landingpage/data/craglist.csv
2025-03-03 14:57:00,888 - INFO - Data saved to landingpage/data/craglist.csv
2025-03-03 14:57:01,000 - INFO - Data saved to landingpage/data/craglist.csv
2025-03-03 14:57:01,110 - INFO - Data saved to landingpage/data/craglist.csv
2025-03-03 14:57:01,214 - INFO - Data saved to landingpage/data/craglist.csv
2025-03-03 14:57:01,313 - INFO - Data saved to landingpage/data/craglist.csv
2025-03-03 14:57:01,413 - INFO - Data saved to landingpage/data/craglist.csv
2025-03-03 14:57:01,508 - INFO - Data saved to landingpage/data/craglist.csv
2025-03-03 14:57:01,594 - INFO - Data saved to landingpage/data/craglist.csv
2025-03-03 14:57:01,698 - INFO - Data saved to landingpage/data/craglist.csv
2025-03-03 14:57:01,799 - INFO - Data saved to landingpage/data/craglist.csv
2025-03-03 14:57:01,895 - INFO - Data saved to landingpage/data/craglist.csv
2025-03-03 14:57:02,002 - INFO - Data saved to landingpage/data/craglist.csv
2025-03-03 14:57:02,105 - INFO - Data saved to landingpage/data/craglist.csv
2025-03-03 14:57:02,208 - INFO - Data saved to landingpage/data/craglist.csv
2025-03-03 14:57:02,290 - INFO - Data saved to landingpage/data/Ebay_data.csv
2025-03-03 14:57:02,311 - INFO - Data saved to landingpage/data/craglist.csv
2025-03-03 14:57:02,419 - INFO - Data saved to landingpage/data/craglist.csv
2025-03-03 14:57:02,521 - INFO - Data saved to landingpage/data/craglist.csv
2025-03-03 14:57:02,575 - INFO - Data saved to landingpage/data/craglist.csv
2025-03-03 14:57:02,635 - INFO - Data saved to landingpage/data/craglist.csv
2025-03-03 14:57:07,306 - INFO - Data saved to landingpage/data/Ebay_data.csv
2025-03-03 14:57:11,116 - INFO - Data saved to landingpage/data/Ebay_data.csv
2025-03-03 14:57:15,442 - INFO - Data saved to landingpage/data/Ebay_data.csv
2025-03-03 14:57:16,461 - INFO - Extracted 9 'See All' category links.
2025-03-03 14:57:19,482 - INFO - see_all_links : [('Auto Racing Trading Cards', 'https://www.mercari.com/search/?categoryIds=2596'), ('Baseball Trading Cards', 'https://www.mercari.com/search/?categoryIds=2597'), ('Basketball Trading Cards', 'https://www.mercari.com/search/?categoryIds=2598'), ('Boxing Trading Cards', 'https://www.mercari.com/search/?categoryIds=2599'), ('Football Trading Cards', 'https://www.mercari.com/search/?categoryIds=2600'), ('Hockey Trading Cards', 'https://www.mercari.com/search/?categoryIds=2601'), ('Other Sports Trading Cards', 'https://www.mercari.com/search/?categoryIds=1787'), ('Soccer Trading Cards', 'https://www.mercari.com/search/?categoryIds=2602'), ('Wrestling Trading Cards', 'https://www.mercari.com/search/?categoryIds=3512')]
2025-03-03 14:57:19,715 - INFO - Data saved to landingpage/data/Ebay_data.csv
2025-03-03 14:57:24,008 - INFO - Data saved to landingpage/data/Ebay_data.csv
2025-03-03 14:57:28,281 - INFO - Data saved to landingpage/data/Ebay_data.csv
2025-03-03 14:57:31,242 - INFO - Data saved to landingpage/data/craglist.csv
2025-03-03 14:57:31,346 - INFO - Data saved to landingpage/data/craglist.csv
2025-03-03 14:57:31,441 - INFO - Data saved to landingpage/data/craglist.csv
2025-03-03 14:57:31,546 - INFO - Data saved to landingpage/data/craglist.csv
2025-03-03 14:57:31,648 - INFO - Data saved to landingpage/data/craglist.csv
2025-03-03 14:57:31,752 - INFO - Data saved to landingpage/data/craglist.csv
2025-03-03 14:57:31,851 - INFO - Data saved to landingpage/data/craglist.csv
2025-03-03 14:57:31,956 - INFO - Data saved to landingpage/data/craglist.csv
2025-03-03 14:57:32,082 - INFO - Data saved to landingpage/data/craglist.csv
2025-03-03 14:57:32,168 - INFO - Data saved to landingpage/data/craglist.csv
2025-03-03 14:57:32,266 - INFO - Data saved to landingpage/data/craglist.csv
2025-03-03 14:57:32,355 - INFO - Data saved to landingpage/data/craglist.csv
2025-03-03 14:57:32,456 - INFO - Data saved to landingpage/data/craglist.csv
2025-03-03 14:57:32,560 - INFO - Data saved to landingpage/data/craglist.csv
2025-03-03 14:57:32,606 - INFO - Data saved to landingpage/data/Ebay_data.csv
2025-03-03 14:57:32,668 - INFO - Auto Racing Trading Cards: Found 30 product cards.
2025-03-03 14:57:32,679 - INFO - Data saved to landingpage/data/craglist.csv
2025-03-03 14:57:32,783 - INFO - Data saved to landingpage/data/craglist.csv
2025-03-03 14:57:32,860 - INFO - Data saved to landingpage/data/craglist.csv
2025-03-03 14:57:32,955 - INFO - Data saved to landingpage/data/craglist.csv
2025-03-03 14:57:33,054 - INFO - Data saved to landingpage/data/craglist.csv
2025-03-03 14:57:33,151 - INFO - Data saved to landingpage/data/craglist.csv
2025-03-03 14:57:33,253 - INFO - Data saved to landingpage/data/craglist.csv
2025-03-03 14:57:33,347 - INFO - Data saved to landingpage/data/craglist.csv
2025-03-03 14:57:33,439 - INFO - Data saved to landingpage/data/craglist.csv
2025-03-03 14:57:33,523 - INFO - Data saved to landingpage/data/craglist.csv
2025-03-03 14:57:33,631 - INFO - Data saved to landingpage/data/craglist.csv
2025-03-03 14:57:33,729 - INFO - Data saved to landingpage/data/craglist.csv
2025-03-03 14:57:33,840 - INFO - Data saved to landingpage/data/craglist.csv
2025-03-03 14:57:33,957 - INFO - Data saved to landingpage/data/craglist.csv
2025-03-03 14:57:34,074 - INFO - Data saved to landingpage/data/craglist.csv
2025-03-03 14:57:34,168 - INFO - Data saved to landingpage/data/craglist.csv
2025-03-03 14:57:34,263 - INFO - Data saved to landingpage/data/craglist.csv
2025-03-03 14:57:34,358 - INFO - Data saved to landingpage/data/craglist.csv
2025-03-03 14:57:34,450 - INFO - Data saved to landingpage/data/craglist.csv
2025-03-03 14:57:34,530 - INFO - Data saved to landingpage/data/craglist.csv
2025-03-03 14:57:34,601 - INFO - Data saved to landingpage/data/craglist.csv
2025-03-03 14:57:34,669 - INFO - Data saved to landingpage/data/craglist.csv
2025-03-03 14:57:34,743 - INFO - Data saved to landingpage/data/craglist.csv
2025-03-03 14:57:34,844 - INFO - Data saved to landingpage/data/craglist.csv
2025-03-03 14:57:34,934 - INFO - Data saved to landingpage/data/craglist.csv
2025-03-03 14:57:35,027 - INFO - Data saved to landingpage/data/craglist.csv
2025-03-03 14:57:35,126 - INFO - Data saved to landingpage/data/craglist.csv
2025-03-03 14:57:35,227 - INFO - Data saved to landingpage/data/craglist.csv
2025-03-03 14:57:35,328 - INFO - Data saved to landingpage/data/craglist.csv
2025-03-03 14:57:35,418 - INFO - Data saved to landingpage/data/craglist.csv
2025-03-03 14:57:35,487 - INFO - Data saved to landingpage/data/craglist.csv
2025-03-03 14:57:35,557 - INFO - Data saved to landingpage/data/craglist.csv
2025-03-03 14:57:35,627 - INFO - Data saved to landingpage/data/craglist.csv
2025-03-03 14:57:35,716 - INFO - Data saved to landingpage/data/craglist.csv
2025-03-03 14:57:35,802 - INFO - Data saved to landingpage/data/craglist.csv
2025-03-03 14:57:35,896 - INFO - Data saved to landingpage/data/craglist.csv
2025-03-03 14:57:35,986 - INFO - Data saved to landingpage/data/craglist.csv
2025-03-03 14:57:36,043 - INFO - Auto Racing Trading Cards: Found 30 product cards.
2025-03-03 14:57:36,053 - INFO - https://www.mercari.com/us/item/m25975437601/?ref=search_results is already in cards_links
2025-03-03 14:57:36,066 - INFO - https://www.mercari.com/us/item/m89490635224/?ref=search_results is already in cards_links
2025-03-03 14:57:36,078 - INFO - https://www.mercari.com/us/item/m29998117132/?ref=search_results is already in cards_links
2025-03-03 14:57:36,084 - INFO - Data saved to landingpage/data/craglist.csv
2025-03-03 14:57:36,092 - INFO - https://www.mercari.com/us/item/m84995954487/?ref=search_results is already in cards_links
2025-03-03 14:57:36,102 - INFO - https://www.mercari.com/us/item/m22853527952/?ref=search_results is already in cards_links
2025-03-03 14:57:36,112 - INFO - https://www.mercari.com/us/item/m14792465204/?ref=search_results is already in cards_links
2025-03-03 14:57:36,123 - INFO - https://www.mercari.com/us/item/m45647258700/?ref=search_results is already in cards_links
2025-03-03 14:57:36,134 - INFO - https://www.mercari.com/us/item/m26311455506/?ref=search_results is already in cards_links
2025-03-03 14:57:36,144 - INFO - https://www.mercari.com/us/item/m13794955985/?ref=search_results is already in cards_links
2025-03-03 14:57:36,154 - INFO - https://www.mercari.com/us/item/m35968063430/?ref=search_results is already in cards_links
2025-03-03 14:57:36,165 - INFO - https://www.mercari.com/us/item/m47110242211/?ref=search_results is already in cards_links
2025-03-03 14:57:36,170 - INFO - Data saved to landingpage/data/craglist.csv
2025-03-03 14:57:36,176 - INFO - https://www.mercari.com/us/item/m15686713917/?ref=search_results is already in cards_links
2025-03-03 14:57:36,187 - INFO - https://www.mercari.com/us/item/m77532336463/?ref=search_results is already in cards_links
2025-03-03 14:57:36,198 - INFO - https://www.mercari.com/us/item/m67070552376/?ref=search_results is already in cards_links
2025-03-03 14:57:36,207 - INFO - https://www.mercari.com/us/item/m68060726469/?ref=search_results is already in cards_links
2025-03-03 14:57:36,218 - INFO - https://www.mercari.com/us/item/m11695042869/?ref=search_results is already in cards_links
2025-03-03 14:57:36,228 - INFO - https://www.mercari.com/us/item/m88410251633/?ref=search_results is already in cards_links
2025-03-03 14:57:36,239 - INFO - https://www.mercari.com/us/item/m84558862184/?ref=search_results is already in cards_links
2025-03-03 14:57:36,250 - INFO - https://www.mercari.com/us/item/m92040395883/?ref=search_results is already in cards_links
2025-03-03 14:57:36,257 - INFO - Data saved to landingpage/data/craglist.csv
2025-03-03 14:57:36,260 - INFO - https://www.mercari.com/us/item/m17778668378/?ref=search_results is already in cards_links
2025-03-03 14:57:36,271 - INFO - https://www.mercari.com/us/item/m89554100519/?ref=search_results is already in cards_links
2025-03-03 14:57:36,283 - INFO - https://www.mercari.com/us/item/m33132944351/?ref=search_results is already in cards_links
2025-03-03 14:57:36,294 - INFO - https://www.mercari.com/us/item/m77706186038/?ref=search_results is already in cards_links
2025-03-03 14:57:36,305 - INFO - https://www.mercari.com/us/item/m16890763996/?ref=search_results is already in cards_links
2025-03-03 14:57:36,316 - INFO - https://www.mercari.com/us/item/m13084335285/?ref=search_results is already in cards_links
2025-03-03 14:57:36,327 - INFO - https://www.mercari.com/us/item/m19320573530/?ref=search_results is already in cards_links
2025-03-03 14:57:36,340 - INFO - https://www.mercari.com/us/item/m61601391149/?ref=search_results is already in cards_links
2025-03-03 14:57:36,348 - INFO - Data saved to landingpage/data/craglist.csv
2025-03-03 14:57:36,352 - INFO - https://www.mercari.com/us/item/m56111643133/?ref=search_results is already in cards_links
2025-03-03 14:57:36,364 - INFO - https://www.mercari.com/us/item/m95904072230/?ref=search_results is already in cards_links
2025-03-03 14:57:36,376 - INFO - https://www.mercari.com/us/item/m20625202989/?ref=search_results is already in cards_links
2025-03-03 14:57:36,387 - INFO - Auto Racing Trading Cards: No new links found. Stopping scrolling.
2025-03-03 14:57:36,390 - INFO - Links successfully saved to Auto Racing Trading Cards.csv
2025-03-03 14:57:36,460 - INFO - Data saved to landingpage/data/craglist.csv
2025-03-03 14:57:36,557 - INFO - Data saved to landingpage/data/craglist.csv
2025-03-03 14:57:36,661 - INFO - Data saved to landingpage/data/craglist.csv
2025-03-03 14:57:36,762 - INFO - Data saved to landingpage/data/craglist.csv
2025-03-03 14:57:36,801 - INFO - Data saved to landingpage/data/Ebay_data.csv
2025-03-03 14:57:36,843 - INFO - Data saved to landingpage/data/craglist.csv
2025-03-03 14:57:42,468 - INFO - Data saved to landingpage/data/Ebay_data.csv
2025-03-03 14:57:42,625 - INFO - Data saved to landingpage/data/fanatics_data.csv
2025-03-03 14:57:42,698 - INFO - Data saved to landingpage/data/fanatics_data.csv
2025-03-03 14:57:42,709 - INFO - Data saved to landingpage/data/fanatics_data.csv
2025-03-03 14:57:42,720 - INFO - Data saved to landingpage/data/fanatics_data.csv
2025-03-03 14:57:42,733 - INFO - Data saved to landingpage/data/fanatics_data.csv
2025-03-03 14:57:42,747 - INFO - Data saved to landingpage/data/fanatics_data.csv
2025-03-03 14:57:42,759 - INFO - Data saved to landingpage/data/fanatics_data.csv
2025-03-03 14:57:42,772 - INFO - Data saved to landingpage/data/fanatics_data.csv
2025-03-03 14:57:42,784 - INFO - Data saved to landingpage/data/fanatics_data.csv
2025-03-03 14:57:42,796 - INFO - Data saved to landingpage/data/fanatics_data.csv
2025-03-03 14:57:42,808 - INFO - Data saved to landingpage/data/fanatics_data.csv
2025-03-03 14:57:42,817 - INFO - Data saved to landingpage/data/fanatics_data.csv
2025-03-03 14:57:42,828 - INFO - Data saved to landingpage/data/fanatics_data.csv
2025-03-03 14:57:42,837 - INFO - Data saved to landingpage/data/fanatics_data.csv
2025-03-03 14:57:42,848 - INFO - Data saved to landingpage/data/fanatics_data.csv
2025-03-03 14:57:42,859 - INFO - Data saved to landingpage/data/fanatics_data.csv
2025-03-03 14:57:42,870 - INFO - Data saved to landingpage/data/fanatics_data.csv
2025-03-03 14:57:42,881 - INFO - Data saved to landingpage/data/fanatics_data.csv
2025-03-03 14:57:42,891 - INFO - Data saved to landingpage/data/fanatics_data.csv
2025-03-03 14:57:42,903 - INFO - Data saved to landingpage/data/fanatics_data.csv
2025-03-03 14:57:42,916 - INFO - Data saved to landingpage/data/fanatics_data.csv
2025-03-03 14:57:42,928 - INFO - Data saved to landingpage/data/fanatics_data.csv
2025-03-03 14:57:42,944 - INFO - Data saved to landingpage/data/fanatics_data.csv
2025-03-03 14:57:42,958 - INFO - Data saved to landingpage/data/fanatics_data.csv
2025-03-03 14:57:42,969 - INFO - Data saved to landingpage/data/fanatics_data.csv
2025-03-03 14:57:42,981 - INFO - Data saved to landingpage/data/fanatics_data.csv
2025-03-03 14:57:42,993 - INFO - Data saved to landingpage/data/fanatics_data.csv
2025-03-03 14:57:43,008 - INFO - Data saved to landingpage/data/fanatics_data.csv
2025-03-03 14:57:43,023 - INFO - Data saved to landingpage/data/fanatics_data.csv
2025-03-03 14:57:43,039 - INFO - Data saved to landingpage/data/fanatics_data.csv
2025-03-03 14:57:43,053 - INFO - Data saved to landingpage/data/fanatics_data.csv
2025-03-03 14:57:43,069 - INFO - Data saved to landingpage/data/fanatics_data.csv
2025-03-03 14:57:43,084 - INFO - Data saved to landingpage/data/fanatics_data.csv
2025-03-03 14:57:43,095 - INFO - Data saved to landingpage/data/fanatics_data.csv
2025-03-03 14:57:43,109 - INFO - Data saved to landingpage/data/fanatics_data.csv
2025-03-03 14:57:43,122 - INFO - Data saved to landingpage/data/fanatics_data.csv
2025-03-03 14:57:43,134 - INFO - Data saved to landingpage/data/fanatics_data.csv
2025-03-03 14:57:43,146 - INFO - Data saved to landingpage/data/fanatics_data.csv
2025-03-03 14:57:43,157 - INFO - Data saved to landingpage/data/fanatics_data.csv
2025-03-03 14:57:43,167 - INFO - Data saved to landingpage/data/fanatics_data.csv
2025-03-03 14:57:43,179 - INFO - Data saved to landingpage/data/fanatics_data.csv
2025-03-03 14:57:43,190 - INFO - Data saved to landingpage/data/fanatics_data.csv
2025-03-03 14:57:43,202 - INFO - Data saved to landingpage/data/fanatics_data.csv
2025-03-03 14:57:43,215 - INFO - Data saved to landingpage/data/fanatics_data.csv
2025-03-03 14:57:43,227 - INFO - Data saved to landingpage/data/fanatics_data.csv
2025-03-03 14:57:43,239 - INFO - Data saved to landingpage/data/fanatics_data.csv
2025-03-03 14:57:43,249 - INFO - Data saved to landingpage/data/fanatics_data.csv
2025-03-03 14:57:43,262 - INFO - Data saved to landingpage/data/fanatics_data.csv
2025-03-03 14:57:43,273 - INFO - Data saved to landingpage/data/fanatics_data.csv
2025-03-03 14:57:43,284 - INFO - Data saved to landingpage/data/fanatics_data.csv
2025-03-03 14:57:43,295 - INFO - Data saved to landingpage/data/fanatics_data.csv
2025-03-03 14:57:43,307 - INFO - Data saved to landingpage/data/fanatics_data.csv
2025-03-03 14:57:43,316 - INFO - Data saved to landingpage/data/fanatics_data.csv
2025-03-03 14:57:43,326 - INFO - Data saved to landingpage/data/fanatics_data.csv
2025-03-03 14:57:43,336 - INFO - Data saved to landingpage/data/fanatics_data.csv
2025-03-03 14:57:43,347 - INFO - Data saved to landingpage/data/fanatics_data.csv
2025-03-03 14:57:43,357 - INFO - Data saved to landingpage/data/fanatics_data.csv
2025-03-03 14:57:43,367 - INFO - Data saved to landingpage/data/fanatics_data.csv
2025-03-03 14:57:43,378 - INFO - Data saved to landingpage/data/fanatics_data.csv
2025-03-03 14:57:43,388 - INFO - Data saved to landingpage/data/fanatics_data.csv
2025-03-03 14:57:43,401 - INFO - Data saved to landingpage/data/fanatics_data.csv
2025-03-03 14:57:43,411 - INFO - Data saved to landingpage/data/fanatics_data.csv
2025-03-03 14:57:43,422 - INFO - Data saved to landingpage/data/fanatics_data.csv
2025-03-03 14:57:43,431 - INFO - Data saved to landingpage/data/fanatics_data.csv
2025-03-03 14:57:43,443 - INFO - Data saved to landingpage/data/fanatics_data.csv
2025-03-03 14:57:43,452 - INFO - Data saved to landingpage/data/fanatics_data.csv
2025-03-03 14:57:43,462 - INFO - Data saved to landingpage/data/fanatics_data.csv
2025-03-03 14:57:43,472 - INFO - Data saved to landingpage/data/fanatics_data.csv
2025-03-03 14:57:43,481 - INFO - Data saved to landingpage/data/fanatics_data.csv
2025-03-03 14:57:43,491 - INFO - Data saved to landingpage/data/fanatics_data.csv
2025-03-03 14:57:43,502 - INFO - Data saved to landingpage/data/fanatics_data.csv
2025-03-03 14:57:43,511 - INFO - Data saved to landingpage/data/fanatics_data.csv
2025-03-03 14:57:43,522 - INFO - Data saved to landingpage/data/fanatics_data.csv
2025-03-03 14:57:43,532 - INFO - Data saved to landingpage/data/fanatics_data.csv
2025-03-03 14:57:43,544 - INFO - Data saved to landingpage/data/fanatics_data.csv
2025-03-03 14:57:43,553 - INFO - Data saved to landingpage/data/fanatics_data.csv
2025-03-03 14:57:43,563 - INFO - Data saved to landingpage/data/fanatics_data.csv
2025-03-03 14:57:43,573 - INFO - Data saved to landingpage/data/fanatics_data.csv
2025-03-03 14:57:43,584 - INFO - Data saved to landingpage/data/fanatics_data.csv
2025-03-03 14:57:43,595 - INFO - Data saved to landingpage/data/fanatics_data.csv
2025-03-03 14:57:43,607 - INFO - Data saved to landingpage/data/fanatics_data.csv
2025-03-03 14:57:43,617 - INFO - Data saved to landingpage/data/fanatics_data.csv
2025-03-03 14:57:43,630 - INFO - Data saved to landingpage/data/fanatics_data.csv
2025-03-03 14:57:43,642 - INFO - Data saved to landingpage/data/fanatics_data.csv
2025-03-03 14:57:43,653 - INFO - Data saved to landingpage/data/fanatics_data.csv
2025-03-03 14:57:43,664 - INFO - Data saved to landingpage/data/fanatics_data.csv
2025-03-03 14:57:43,677 - INFO - Data saved to landingpage/data/fanatics_data.csv
2025-03-03 14:57:43,692 - INFO - Data saved to landingpage/data/fanatics_data.csv
2025-03-03 14:57:43,707 - INFO - Data saved to landingpage/data/fanatics_data.csv
2025-03-03 14:57:43,719 - INFO - Data saved to landingpage/data/fanatics_data.csv
2025-03-03 14:57:43,730 - INFO - Data saved to landingpage/data/fanatics_data.csv
2025-03-03 14:57:43,742 - INFO - Data saved to landingpage/data/fanatics_data.csv
2025-03-03 14:57:43,752 - INFO - Data saved to landingpage/data/fanatics_data.csv
2025-03-03 14:57:43,764 - INFO - Data saved to landingpage/data/fanatics_data.csv
2025-03-03 14:57:43,774 - INFO - Data saved to landingpage/data/fanatics_data.csv
2025-03-03 14:57:43,786 - INFO - Data saved to landingpage/data/fanatics_data.csv
2025-03-03 14:57:46,699 - INFO - Data saved to landingpage/data/Ebay_data.csv
2025-03-03 14:57:51,174 - INFO - Data saved to landingpage/data/Ebay_data.csv
2025-03-03 14:57:53,039 - INFO - Baseball Trading Cards: Found 30 product cards.
2025-03-03 14:57:55,557 - INFO - Data saved to landingpage/data/Ebay_data.csv
2025-03-03 14:57:56,742 - INFO - Baseball Trading Cards: Found 30 product cards.
2025-03-03 14:57:56,766 - INFO - https://www.mercari.com/us/item/m68380865685/?ref=search_results is already in cards_links
2025-03-03 14:57:56,780 - INFO - https://www.mercari.com/us/item/m67697625116/?ref=search_results is already in cards_links
2025-03-03 14:57:56,802 - INFO - https://www.mercari.com/us/item/m40212583499/?ref=search_results is already in cards_links
2025-03-03 14:57:56,817 - INFO - https://www.mercari.com/us/item/m24835244552/?ref=search_results is already in cards_links
2025-03-03 14:57:56,832 - INFO - https://www.mercari.com/us/item/m62519034349/?ref=search_results is already in cards_links
2025-03-03 14:57:56,846 - INFO - https://www.mercari.com/us/item/m63350800391/?ref=search_results is already in cards_links
2025-03-03 14:57:56,877 - INFO - https://www.mercari.com/us/item/m95377425658/?ref=search_results is already in cards_links
2025-03-03 14:57:56,904 - INFO - https://www.mercari.com/us/item/m42124091239/?ref=search_results is already in cards_links
2025-03-03 14:57:56,921 - INFO - https://www.mercari.com/us/item/m81042289815/?ref=search_results is already in cards_links
2025-03-03 14:57:57,433 - INFO - https://www.mercari.com/us/item/m96043701687/?ref=search_results is already in cards_links
2025-03-03 14:57:57,487 - INFO - https://www.mercari.com/us/item/m28423997159/?ref=search_results is already in cards_links
2025-03-03 14:57:57,519 - INFO - https://www.mercari.com/us/item/m79796109141/?ref=search_results is already in cards_links
2025-03-03 14:57:57,565 - INFO - https://www.mercari.com/us/item/m67632295892/?ref=search_results is already in cards_links
2025-03-03 14:57:57,580 - INFO - https://www.mercari.com/us/item/m39281317229/?ref=search_results is already in cards_links
2025-03-03 14:57:57,594 - INFO - https://www.mercari.com/us/item/m29667480273/?ref=search_results is already in cards_links
2025-03-03 14:57:57,607 - INFO - https://www.mercari.com/us/item/m78102022642/?ref=search_results is already in cards_links
2025-03-03 14:57:57,617 - INFO - https://www.mercari.com/us/item/m34403119176/?ref=search_results is already in cards_links
2025-03-03 14:57:57,628 - INFO - https://www.mercari.com/us/item/m26074139656/?ref=search_results is already in cards_links
2025-03-03 14:57:57,638 - INFO - https://www.mercari.com/us/item/m83248959975/?ref=search_results is already in cards_links
2025-03-03 14:57:57,648 - INFO - https://www.mercari.com/us/item/m94040835816/?ref=search_results is already in cards_links
2025-03-03 14:57:57,659 - INFO - https://www.mercari.com/us/item/m73663100692/?ref=search_results is already in cards_links
2025-03-03 14:57:57,678 - INFO - https://www.mercari.com/us/item/m34928468521/?ref=search_results is already in cards_links
2025-03-03 14:57:57,688 - INFO - https://www.mercari.com/us/item/m30660271028/?ref=search_results is already in cards_links
2025-03-03 14:57:57,698 - INFO - https://www.mercari.com/us/item/m71750046120/?ref=search_results is already in cards_links
2025-03-03 14:57:57,708 - INFO - https://www.mercari.com/us/item/m95660215388/?ref=search_results is already in cards_links
2025-03-03 14:57:57,718 - INFO - https://www.mercari.com/us/item/m56612870595/?ref=search_results is already in cards_links
2025-03-03 14:57:57,728 - INFO - https://www.mercari.com/us/item/m55563387365/?ref=search_results is already in cards_links
2025-03-03 14:57:57,738 - INFO - https://www.mercari.com/us/item/m10705693765/?ref=search_results is already in cards_links
2025-03-03 14:57:57,749 - INFO - https://www.mercari.com/us/item/m75256375241/?ref=search_results is already in cards_links
2025-03-03 14:57:57,759 - INFO - https://www.mercari.com/us/item/m41221464105/?ref=search_results is already in cards_links
2025-03-03 14:57:57,769 - INFO - Baseball Trading Cards: No new links found. Stopping scrolling.
2025-03-03 14:57:57,772 - INFO - Links successfully saved to Baseball Trading Cards.csv
2025-03-03 14:57:59,811 - INFO - Data saved to landingpage/data/Ebay_data.csv
2025-03-03 14:58:04,055 - INFO - Data saved to landingpage/data/Ebay_data.csv
2025-03-03 14:58:08,309 - INFO - Data saved to landingpage/data/Ebay_data.csv
2025-03-03 14:58:12,628 - INFO - Extracted product: 2022 Topps Chrome Sapphire Edition Formula 1 #22 Sergio Perez
2025-03-03 14:58:12,743 - INFO - Data saved to landingpage/data/Ebay_data.csv
2025-03-03 14:58:17,443 - INFO - Data saved to landingpage/data/Ebay_data.csv
2025-03-03 14:58:21,701 - INFO - Data saved to landingpage/data/Ebay_data.csv
2025-03-03 15:16:09,999 - INFO - Data saved to landingpage/data/Ebay_data.csv
2025-03-03 15:16:14,288 - INFO - Data saved to landingpage/data/Ebay_data.csv
2025-03-03 15:16:18,440 - INFO - Data saved to landingpage/data/Ebay_data.csv
2025-03-03 15:16:20,175 - INFO - Extracted 0 'See All' category links.
2025-03-03 15:16:22,805 - INFO - Data saved to landingpage/data/Ebay_data.csv
2025-03-03 15:16:23,211 - INFO - see_all_links : []
2025-03-03 15:16:26,469 - INFO - Data saved to landingpage/data/Ebay_data.csv
2025-03-03 15:16:31,025 - INFO - Data saved to landingpage/data/Ebay_data.csv
2025-03-03 15:16:35,389 - INFO - Data saved to landingpage/data/Ebay_data.csv
2025-03-03 15:16:39,788 - INFO - Data saved to landingpage/data/Ebay_data.csv
2025-03-03 15:16:44,047 - INFO - Data saved to landingpage/data/Ebay_data.csv
2025-03-03 15:16:48,630 - INFO - Data saved to landingpage/data/Ebay_data.csv
2025-03-03 15:16:50,138 - INFO - Data saved to landingpage/data/craglist.csv
2025-03-03 15:16:50,209 - INFO - Data saved to landingpage/data/craglist.csv
2025-03-03 15:16:50,256 - INFO - Data saved to landingpage/data/craglist.csv
2025-03-03 15:16:50,302 - INFO - Data saved to landingpage/data/craglist.csv
2025-03-03 15:16:50,347 - INFO - Data saved to landingpage/data/craglist.csv
2025-03-03 15:16:50,436 - INFO - Data saved to landingpage/data/craglist.csv
2025-03-03 15:16:50,551 - INFO - Data saved to landingpage/data/craglist.csv
2025-03-03 15:16:50,649 - INFO - Data saved to landingpage/data/craglist.csv
2025-03-03 15:16:50,747 - INFO - Data saved to landingpage/data/craglist.csv
2025-03-03 15:16:50,840 - INFO - Data saved to landingpage/data/craglist.csv
2025-03-03 15:16:50,940 - INFO - Data saved to landingpage/data/craglist.csv
2025-03-03 15:16:51,035 - INFO - Data saved to landingpage/data/craglist.csv
2025-03-03 15:16:51,159 - INFO - Data saved to landingpage/data/craglist.csv
2025-03-03 15:16:51,313 - INFO - Data saved to landingpage/data/craglist.csv
2025-03-03 15:16:51,417 - INFO - Data saved to landingpage/data/craglist.csv
2025-03-03 15:16:51,518 - INFO - Data saved to landingpage/data/craglist.csv
2025-03-03 15:16:51,615 - INFO - Data saved to landingpage/data/craglist.csv
2025-03-03 15:16:51,711 - INFO - Data saved to landingpage/data/craglist.csv
2025-03-03 15:16:51,797 - INFO - Data saved to landingpage/data/craglist.csv
2025-03-03 15:16:51,890 - INFO - Data saved to landingpage/data/craglist.csv
2025-03-03 15:16:51,976 - INFO - Data saved to landingpage/data/craglist.csv
2025-03-03 15:16:52,084 - INFO - Data saved to landingpage/data/craglist.csv
2025-03-03 15:16:52,159 - INFO - Data saved to landingpage/data/craglist.csv
2025-03-03 15:16:52,230 - INFO - Data saved to landingpage/data/craglist.csv
2025-03-03 15:16:52,310 - INFO - Data saved to landingpage/data/craglist.csv
2025-03-03 15:16:52,393 - INFO - Data saved to landingpage/data/craglist.csv
2025-03-03 15:16:52,481 - INFO - Data saved to landingpage/data/craglist.csv
2025-03-03 15:16:52,582 - INFO - Data saved to landingpage/data/craglist.csv
2025-03-03 15:16:52,673 - INFO - Data saved to landingpage/data/craglist.csv
2025-03-03 15:16:52,773 - INFO - Data saved to landingpage/data/craglist.csv
2025-03-03 15:16:52,869 - INFO - Data saved to landingpage/data/craglist.csv
2025-03-03 15:16:52,941 - INFO - Data saved to landingpage/data/craglist.csv
2025-03-03 15:16:53,029 - INFO - Data saved to landingpage/data/craglist.csv
2025-03-03 15:16:53,105 - INFO - Data saved to landingpage/data/craglist.csv
2025-03-03 15:16:53,117 - INFO - Data saved to landingpage/data/Ebay_data.csv
2025-03-03 15:16:53,193 - INFO - Data saved to landingpage/data/craglist.csv
2025-03-03 15:16:53,274 - INFO - Data saved to landingpage/data/craglist.csv
2025-03-03 15:16:53,364 - INFO - Data saved to landingpage/data/craglist.csv
2025-03-03 15:16:53,450 - INFO - Data saved to landingpage/data/craglist.csv
2025-03-03 15:16:53,531 - INFO - Data saved to landingpage/data/craglist.csv
2025-03-03 15:16:53,631 - INFO - Data saved to landingpage/data/craglist.csv
2025-03-03 15:16:53,716 - INFO - Data saved to landingpage/data/craglist.csv
2025-03-03 15:16:53,811 - INFO - Data saved to landingpage/data/craglist.csv
2025-03-03 15:16:53,891 - INFO - Data saved to landingpage/data/craglist.csv
2025-03-03 15:16:54,008 - INFO - Data saved to landingpage/data/craglist.csv
2025-03-03 15:16:54,128 - INFO - Data saved to landingpage/data/craglist.csv
2025-03-03 15:16:54,232 - INFO - Data saved to landingpage/data/craglist.csv
2025-03-03 15:16:54,323 - INFO - Data saved to landingpage/data/craglist.csv
2025-03-03 15:16:54,407 - INFO - Data saved to landingpage/data/craglist.csv
2025-03-03 15:16:54,478 - INFO - Data saved to landingpage/data/craglist.csv
2025-03-03 15:16:54,554 - INFO - Data saved to landingpage/data/craglist.csv
2025-03-03 15:16:54,646 - INFO - Data saved to landingpage/data/craglist.csv
2025-03-03 15:16:54,748 - INFO - Data saved to landingpage/data/craglist.csv
2025-03-03 15:16:54,836 - INFO - Data saved to landingpage/data/craglist.csv
2025-03-03 15:16:54,924 - INFO - Data saved to landingpage/data/craglist.csv
2025-03-03 15:16:55,005 - INFO - Data saved to landingpage/data/craglist.csv
2025-03-03 15:16:55,131 - INFO - Data saved to landingpage/data/craglist.csv
2025-03-03 15:16:55,217 - INFO - Data saved to landingpage/data/craglist.csv
2025-03-03 15:16:55,292 - INFO - Data saved to landingpage/data/craglist.csv
2025-03-03 15:16:55,390 - INFO - Data saved to landingpage/data/craglist.csv
2025-03-03 15:16:55,496 - INFO - Data saved to landingpage/data/craglist.csv
2025-03-03 15:16:55,622 - INFO - Data saved to landingpage/data/craglist.csv
2025-03-03 15:16:55,726 - INFO - Data saved to landingpage/data/craglist.csv
2025-03-03 15:16:55,825 - INFO - Data saved to landingpage/data/craglist.csv
2025-03-03 15:16:55,876 - INFO - Data saved to landingpage/data/craglist.csv
2025-03-03 15:16:55,925 - INFO - Data saved to landingpage/data/craglist.csv
2025-03-03 15:16:57,456 - INFO - Data saved to landingpage/data/Ebay_data.csv
2025-03-03 15:17:01,711 - INFO - Data saved to landingpage/data/Ebay_data.csv
2025-03-03 15:17:06,075 - INFO - Data saved to landingpage/data/Ebay_data.csv
2025-03-03 15:17:10,231 - INFO - Data saved to landingpage/data/Ebay_data.csv
2025-03-03 15:17:10,368 - INFO - Data saved to landingpage/data/craglist.csv
2025-03-03 15:17:10,472 - INFO - Data saved to landingpage/data/craglist.csv
2025-03-03 15:17:10,563 - INFO - Data saved to landingpage/data/craglist.csv
2025-03-03 15:17:10,658 - INFO - Data saved to landingpage/data/craglist.csv
2025-03-03 15:17:10,751 - INFO - Data saved to landingpage/data/craglist.csv
2025-03-03 15:17:10,848 - INFO - Data saved to landingpage/data/craglist.csv
2025-03-03 15:17:10,957 - INFO - Data saved to landingpage/data/craglist.csv
2025-03-03 15:17:11,035 - INFO - Data saved to landingpage/data/craglist.csv
2025-03-03 15:17:11,153 - INFO - Data saved to landingpage/data/craglist.csv
2025-03-03 15:17:11,231 - INFO - Data saved to landingpage/data/craglist.csv
2025-03-03 15:17:11,321 - INFO - Data saved to landingpage/data/craglist.csv
2025-03-03 15:17:11,406 - INFO - Data saved to landingpage/data/craglist.csv
2025-03-03 15:17:11,503 - INFO - Data saved to landingpage/data/craglist.csv
2025-03-03 15:17:11,599 - INFO - Data saved to landingpage/data/craglist.csv
2025-03-03 15:17:11,691 - INFO - Data saved to landingpage/data/craglist.csv
2025-03-03 15:17:11,779 - INFO - Data saved to landingpage/data/craglist.csv
2025-03-03 15:17:11,849 - INFO - Data saved to landingpage/data/craglist.csv
2025-03-03 15:17:11,924 - INFO - Data saved to landingpage/data/craglist.csv
2025-03-03 15:17:12,006 - INFO - Data saved to landingpage/data/craglist.csv
2025-03-03 15:17:12,119 - INFO - Data saved to landingpage/data/craglist.csv
2025-03-03 15:17:12,230 - INFO - Data saved to landingpage/data/craglist.csv
2025-03-03 15:17:12,342 - INFO - Data saved to landingpage/data/craglist.csv
2025-03-03 15:17:12,450 - INFO - Data saved to landingpage/data/craglist.csv
2025-03-03 15:17:12,549 - INFO - Data saved to landingpage/data/craglist.csv
2025-03-03 15:17:12,645 - INFO - Data saved to landingpage/data/craglist.csv
2025-03-03 15:17:12,740 - INFO - Data saved to landingpage/data/craglist.csv
2025-03-03 15:17:12,837 - INFO - Data saved to landingpage/data/craglist.csv
2025-03-03 15:17:12,943 - INFO - Data saved to landingpage/data/craglist.csv
2025-03-03 15:17:13,046 - INFO - Data saved to landingpage/data/craglist.csv
2025-03-03 15:17:13,160 - INFO - Data saved to landingpage/data/craglist.csv
2025-03-03 15:17:13,272 - INFO - Data saved to landingpage/data/craglist.csv
2025-03-03 15:17:13,377 - INFO - Data saved to landingpage/data/craglist.csv
2025-03-03 15:17:13,483 - INFO - Data saved to landingpage/data/craglist.csv
2025-03-03 15:17:13,600 - INFO - Data saved to landingpage/data/craglist.csv
2025-03-03 15:17:13,679 - INFO - Data saved to landingpage/data/craglist.csv
2025-03-03 15:17:13,756 - INFO - Data saved to landingpage/data/craglist.csv
2025-03-03 15:17:13,834 - INFO - Data saved to landingpage/data/craglist.csv
2025-03-03 15:17:13,931 - INFO - Data saved to landingpage/data/craglist.csv
2025-03-03 15:17:14,024 - INFO - Data saved to landingpage/data/craglist.csv
2025-03-03 15:17:14,118 - INFO - Data saved to landingpage/data/craglist.csv
2025-03-03 15:17:14,210 - INFO - Data saved to landingpage/data/craglist.csv
2025-03-03 15:17:14,314 - INFO - Data saved to landingpage/data/craglist.csv
2025-03-03 15:17:14,414 - INFO - Data saved to landingpage/data/craglist.csv
2025-03-03 15:17:14,502 - INFO - Data saved to landingpage/data/Ebay_data.csv
2025-03-03 15:17:14,516 - INFO - Data saved to landingpage/data/craglist.csv
2025-03-03 15:17:14,588 - INFO - Data saved to landingpage/data/craglist.csv
2025-03-03 15:17:14,665 - INFO - Data saved to landingpage/data/craglist.csv
2025-03-03 15:17:14,738 - INFO - Data saved to landingpage/data/craglist.csv
2025-03-03 15:17:14,843 - INFO - Data saved to landingpage/data/craglist.csv
2025-03-03 15:17:14,939 - INFO - Data saved to landingpage/data/craglist.csv
2025-03-03 15:17:15,037 - INFO - Data saved to landingpage/data/craglist.csv
2025-03-03 15:17:15,124 - INFO - Data saved to landingpage/data/craglist.csv
2025-03-03 15:17:15,236 - INFO - Data saved to landingpage/data/craglist.csv
2025-03-03 15:17:15,327 - INFO - Data saved to landingpage/data/craglist.csv
2025-03-03 15:17:15,413 - INFO - Data saved to landingpage/data/craglist.csv
2025-03-03 15:17:15,501 - INFO - Data saved to landingpage/data/craglist.csv
2025-03-03 15:17:15,609 - INFO - Data saved to landingpage/data/craglist.csv
2025-03-03 15:17:15,714 - INFO - Data saved to landingpage/data/craglist.csv
2025-03-03 15:17:15,708 - INFO - Data saved to landingpage/data/fanatics_data.csv
2025-03-03 15:17:15,732 - INFO - Data saved to landingpage/data/fanatics_data.csv
2025-03-03 15:17:15,741 - INFO - Data saved to landingpage/data/fanatics_data.csv
2025-03-03 15:17:15,750 - INFO - Data saved to landingpage/data/fanatics_data.csv
2025-03-03 15:17:15,762 - INFO - Data saved to landingpage/data/fanatics_data.csv
2025-03-03 15:17:15,772 - INFO - Data saved to landingpage/data/fanatics_data.csv
2025-03-03 15:17:15,783 - INFO - Data saved to landingpage/data/fanatics_data.csv
2025-03-03 15:17:15,793 - INFO - Data saved to landingpage/data/fanatics_data.csv
2025-03-03 15:17:15,803 - INFO - Data saved to landingpage/data/fanatics_data.csv
2025-03-03 15:17:15,812 - INFO - Data saved to landingpage/data/fanatics_data.csv
2025-03-03 15:17:15,822 - INFO - Data saved to landingpage/data/fanatics_data.csv
2025-03-03 15:17:15,830 - INFO - Data saved to landingpage/data/fanatics_data.csv
2025-03-03 15:17:15,839 - INFO - Data saved to landingpage/data/fanatics_data.csv
2025-03-03 15:17:15,849 - INFO - Data saved to landingpage/data/fanatics_data.csv
2025-03-03 15:17:15,856 - INFO - Data saved to landingpage/data/craglist.csv
2025-03-03 15:17:15,870 - INFO - Data saved to landingpage/data/fanatics_data.csv
2025-03-03 15:17:15,880 - INFO - Data saved to landingpage/data/fanatics_data.csv
2025-03-03 15:17:15,888 - INFO - Data saved to landingpage/data/fanatics_data.csv
2025-03-03 15:17:15,897 - INFO - Data saved to landingpage/data/fanatics_data.csv
2025-03-03 15:17:15,907 - INFO - Data saved to landingpage/data/fanatics_data.csv
2025-03-03 15:17:15,917 - INFO - Data saved to landingpage/data/fanatics_data.csv
2025-03-03 15:17:15,927 - INFO - Data saved to landingpage/data/fanatics_data.csv
2025-03-03 15:17:15,936 - INFO - Data saved to landingpage/data/fanatics_data.csv
2025-03-03 15:17:15,945 - INFO - Data saved to landingpage/data/fanatics_data.csv
2025-03-03 15:17:15,954 - INFO - Data saved to landingpage/data/fanatics_data.csv
2025-03-03 15:17:15,961 - INFO - Data saved to landingpage/data/craglist.csv
2025-03-03 15:17:15,980 - INFO - Data saved to landingpage/data/fanatics_data.csv
2025-03-03 15:17:15,990 - INFO - Data saved to landingpage/data/fanatics_data.csv
2025-03-03 15:17:16,001 - INFO - Data saved to landingpage/data/fanatics_data.csv
2025-03-03 15:17:16,011 - INFO - Data saved to landingpage/data/fanatics_data.csv
2025-03-03 15:17:16,020 - INFO - Data saved to landingpage/data/fanatics_data.csv
2025-03-03 15:17:16,029 - INFO - Data saved to landingpage/data/fanatics_data.csv
2025-03-03 15:17:16,039 - INFO - Data saved to landingpage/data/fanatics_data.csv
2025-03-03 15:17:16,049 - INFO - Data saved to landingpage/data/fanatics_data.csv
2025-03-03 15:17:16,060 - INFO - Data saved to landingpage/data/fanatics_data.csv
2025-03-03 15:17:16,071 - INFO - Data saved to landingpage/data/fanatics_data.csv
2025-03-03 15:17:16,080 - INFO - Data saved to landingpage/data/fanatics_data.csv
2025-03-03 15:17:16,088 - INFO - Data saved to landingpage/data/craglist.csv
2025-03-03 15:17:16,104 - INFO - Data saved to landingpage/data/fanatics_data.csv
2025-03-03 15:17:16,115 - INFO - Data saved to landingpage/data/fanatics_data.csv
2025-03-03 15:17:16,127 - INFO - Data saved to landingpage/data/fanatics_data.csv
2025-03-03 15:17:16,137 - INFO - Data saved to landingpage/data/fanatics_data.csv
2025-03-03 15:17:16,147 - INFO - Data saved to landingpage/data/fanatics_data.csv
2025-03-03 15:17:16,158 - INFO - Data saved to landingpage/data/fanatics_data.csv
2025-03-03 15:17:16,170 - INFO - Data saved to landingpage/data/fanatics_data.csv
2025-03-03 15:17:16,181 - INFO - Data saved to landingpage/data/fanatics_data.csv
2025-03-03 15:17:16,192 - INFO - Data saved to landingpage/data/fanatics_data.csv
2025-03-03 15:17:16,202 - INFO - Data saved to landingpage/data/fanatics_data.csv
2025-03-03 15:17:16,212 - INFO - Data saved to landingpage/data/fanatics_data.csv
2025-03-03 15:17:16,222 - INFO - Data saved to landingpage/data/fanatics_data.csv
2025-03-03 15:17:16,232 - INFO - Data saved to landingpage/data/fanatics_data.csv
2025-03-03 15:17:16,243 - INFO - Data saved to landingpage/data/fanatics_data.csv
2025-03-03 15:17:16,254 - INFO - Data saved to landingpage/data/fanatics_data.csv
2025-03-03 15:17:16,263 - INFO - Data saved to landingpage/data/fanatics_data.csv
2025-03-03 15:17:16,274 - INFO - Data saved to landingpage/data/fanatics_data.csv
2025-03-03 15:17:16,284 - INFO - Data saved to landingpage/data/fanatics_data.csv
2025-03-03 15:17:16,294 - INFO - Data saved to landingpage/data/fanatics_data.csv
2025-03-03 15:17:16,303 - INFO - Data saved to landingpage/data/fanatics_data.csv
2025-03-03 15:17:16,314 - INFO - Data saved to landingpage/data/fanatics_data.csv
2025-03-03 15:17:16,323 - INFO - Data saved to landingpage/data/fanatics_data.csv
2025-03-03 15:17:16,332 - INFO - Data saved to landingpage/data/fanatics_data.csv
2025-03-03 15:17:16,342 - INFO - Data saved to landingpage/data/fanatics_data.csv
2025-03-03 15:17:16,353 - INFO - Data saved to landingpage/data/fanatics_data.csv
2025-03-03 15:17:16,363 - INFO - Data saved to landingpage/data/fanatics_data.csv
2025-03-03 15:17:16,375 - INFO - Data saved to landingpage/data/fanatics_data.csv
2025-03-03 15:17:16,384 - INFO - Data saved to landingpage/data/fanatics_data.csv
2025-03-03 15:17:16,393 - INFO - Data saved to landingpage/data/fanatics_data.csv
2025-03-03 15:17:16,401 - INFO - Data saved to landingpage/data/fanatics_data.csv
2025-03-03 15:17:16,409 - INFO - Data saved to landingpage/data/fanatics_data.csv
2025-03-03 15:17:16,417 - INFO - Data saved to landingpage/data/fanatics_data.csv
2025-03-03 15:17:16,426 - INFO - Data saved to landingpage/data/fanatics_data.csv
2025-03-03 15:17:16,436 - INFO - Data saved to landingpage/data/fanatics_data.csv
2025-03-03 15:17:16,445 - INFO - Data saved to landingpage/data/fanatics_data.csv
2025-03-03 15:17:16,455 - INFO - Data saved to landingpage/data/fanatics_data.csv
2025-03-03 15:17:16,463 - INFO - Data saved to landingpage/data/fanatics_data.csv
2025-03-03 15:17:16,473 - INFO - Data saved to landingpage/data/fanatics_data.csv
2025-03-03 15:17:16,482 - INFO - Data saved to landingpage/data/fanatics_data.csv
2025-03-03 15:17:16,490 - INFO - Data saved to landingpage/data/fanatics_data.csv
2025-03-03 15:17:16,499 - INFO - Data saved to landingpage/data/fanatics_data.csv
2025-03-03 15:17:16,507 - INFO - Data saved to landingpage/data/fanatics_data.csv
2025-03-03 15:17:16,516 - INFO - Data saved to landingpage/data/fanatics_data.csv
2025-03-03 15:17:16,525 - INFO - Data saved to landingpage/data/fanatics_data.csv
2025-03-03 15:17:16,534 - INFO - Data saved to landingpage/data/fanatics_data.csv
2025-03-03 15:17:16,543 - INFO - Data saved to landingpage/data/fanatics_data.csv
2025-03-03 15:17:16,551 - INFO - Data saved to landingpage/data/fanatics_data.csv
2025-03-03 15:17:16,560 - INFO - Data saved to landingpage/data/fanatics_data.csv
2025-03-03 15:17:16,569 - INFO - Data saved to landingpage/data/fanatics_data.csv
2025-03-03 15:17:16,579 - INFO - Data saved to landingpage/data/fanatics_data.csv
2025-03-03 15:17:16,588 - INFO - Data saved to landingpage/data/fanatics_data.csv
2025-03-03 15:17:16,597 - INFO - Data saved to landingpage/data/fanatics_data.csv
2025-03-03 15:17:16,605 - INFO - Data saved to landingpage/data/fanatics_data.csv
2025-03-03 15:17:16,613 - INFO - Data saved to landingpage/data/fanatics_data.csv
2025-03-03 15:17:16,621 - INFO - Data saved to landingpage/data/fanatics_data.csv
2025-03-03 15:17:16,630 - INFO - Data saved to landingpage/data/fanatics_data.csv
2025-03-03 15:17:16,639 - INFO - Data saved to landingpage/data/fanatics_data.csv
2025-03-03 15:17:16,647 - INFO - Data saved to landingpage/data/fanatics_data.csv
2025-03-03 15:17:16,655 - INFO - Data saved to landingpage/data/fanatics_data.csv
2025-03-03 15:17:16,663 - INFO - Data saved to landingpage/data/fanatics_data.csv
2025-03-03 15:17:16,673 - INFO - Data saved to landingpage/data/fanatics_data.csv
2025-03-03 15:17:18,775 - INFO - Data saved to landingpage/data/Ebay_data.csv
2025-03-03 15:17:22,983 - INFO - Data saved to landingpage/data/Ebay_data.csv
2025-03-03 15:42:30,318 - INFO - Extracted 0 'See All' category links.
2025-03-03 15:42:33,321 - INFO - see_all_links : []
2025-03-03 15:43:18,357 - INFO - Extracted 0 'See All' category links.
2025-03-03 15:43:21,359 - INFO - see_all_links : []
