[17788:12332:0303/110938.197:INFO:chrome_browser_cloud_management_controller.cc(196)] No machine level policy manager exists.
[32156:31412:0303/110938.599:WARNING:viz_main_impl.cc(85)] VizNullHypothesis is disabled (not a warning)
[14164:30296:0303/110938.771:INFO:cpu_info.cc(53)] Available number of cores: 12
[19572:30564:0303/110938.972:INFO:cpu_info.cc(53)] Available number of cores: 12
[31580:30252:0303/110939.495:INFO:cpu_info.cc(53)] Available number of cores: 12
[1988:11408:0303/110939.557:INFO:cpu_info.cc(53)] Available number of cores: 12
[17788:12332:0303/110943.349:INFO:CONSOLE(2)] "document.domain mutation is ignored because the surrounding agent cluster is origin-keyed.", source: https://signin.ebay.com/signin?ru=https%3A%2F%2Fauth2.ebay.com%2Foauth2%2Fconsents%3Fclient_id%3DFaizKhan-marketpl-PRD-cdec84608-ca82d8a7%26redirect_uri%3DFaiz_Khan-FaizKhan-market-mgaex%26scope%3Dhttps%253A%252F%252Fapi.ebay.com%252Foauth%252Fapi_scope%2Bhttps%253A%252F%252Fapi.ebay.com%252Foauth%252Fapi_scope%252Fsell.marketing.readonly%2Bhttps%253A%252F%252Fapi.ebay.com%252Foauth%252Fapi_scope%252Fsell.marketing%2Bhttps%253A%252F%252Fapi.ebay.com%252Foauth%252Fapi_scope%252Fsell.inventory.readonly%2Bhttps%253A%252F%252Fapi.ebay.com%252Foauth%252Fapi_scope%252Fsell.inventory%2Bhttps%253A%252F%252Fapi.ebay.com%252Foauth%252Fapi_scope%252Fsell.account.readonly%2Bhttps%253A%252F%252Fapi.ebay.com%252Foauth%252Fapi_scope%252Fsell.account%2Bhttps%253A%252F%252Fapi.ebay.com%252Foauth%252Fapi_scope%252Fsell.fulfillment.readonly%2Bhttps%253A%252F%252Fapi.ebay.com%252Foauth%252Fapi_scope%252Fsell.fulfillment%2Bhttps%253A%252F%252Fapi.ebay.com%252Foauth%252Fapi_scope%252Fsell.analytics.readonly%2Bhttps%253A%252F%252Fapi.ebay.com%252Foauth%252Fapi_scope%252Fsell.finances%2Bhttps%253A%252F%252Fapi.ebay.com%252Foauth%252Fapi_scope%252Fsell.payment.dispute%2Bhttps%253A%252F%252Fapi.ebay.com%252Foauth%252Fapi_scope%252Fcommerce.identity.readonly%2Bhttps%253A%252F%252Fapi.ebay.com%252Foauth%252Fapi_scope%252Fsell.reputation%2Bhttps%253A%252F%252Fapi.ebay.com%252Foauth%252Fapi_scope%252Fsell.reputation.readonly%2Bhttps%253A%252F%252Fapi.ebay.com%252Foauth%252Fapi_scope%252Fcommerce.notification.subscription%2Bhttps%253A%252F%252Fapi.ebay.com%252Foauth%252Fapi_scope%252Fcommerce.notification.subscription.readonly%2Bhttps%253A%252F%252Fapi.ebay.com%252Foauth%252Fapi_scope%252Fsell.stores%2Bhttps%253A%252F%252Fapi.ebay.com%252Foauth%252Fapi_scope%252Fsell.stores.readonly%2Bhttps%253A%252F%252Fapi.ebay.com%252Foauth%252Fscope%252Fsell.edelivery%26state%26response_type%3Dcode%26hd%26consentGiven%3Dfalse&sgfl=oauth2&AppName=FaizKhan-marketpl-PRD-cdec84608-ca82d8a7 (2)
[19572:29204:0303/110944.818:INFO:peer_connection_dependency_factory.cc(802)] Running WebRTC with a combined Network and Worker thread.
[19572:29204:0303/110944.818:INFO:webrtc_voice_engine.cc(476)] WebRtcVoiceEngine::WebRtcVoiceEngine
[19572:21956:0303/110944.819:INFO:webrtc_voice_engine.cc(498)] WebRtcVoiceEngine::Init
[19572:21956:0303/110944.819:INFO:webrtc_voice_engine.cc(604)] WebRtcVoiceEngine::ApplyOptions: AudioOptions {aec: 1, agc: 1, ns: 1, hf: 1, swap: 0, audio_jitter_buffer_max_packets: 200, audio_jitter_buffer_fast_accelerate: 0, audio_jitter_buffer_min_delay_ms: 0, }
[19572:21956:0303/110944.820:INFO:peer_connection_factory.cc(353)] Using default network controller factory
[19572:21956:0303/110944.820:INFO:bitrate_prober.cc(54)] Bandwidth probing enabled, set to inactive
[19572:21956:0303/110944.820:INFO:transport_sequence_number_feedback_generator.cc(69)] Maximum interval between transport feedback RTCP messages: 250 ms
[19572:21956:0303/110944.820:INFO:aimd_rate_control.cc(87)] Using aimd rate control with back off factor 0.85
[19572:21956:0303/110944.820:INFO:remote_bitrate_estimator_single_stream.cc(53)] RemoteBitrateEstimatorSingleStream: Instantiating.
[19572:29204:0303/110944.824:WARNING:codec.cc(390)] Explicitly added H264 constrained baseline to list of supported formats.
[19572:21956:0303/110944.826:INFO:openssl_key_pair.cc(40)] Making key pair
[19572:21956:0303/110944.827:INFO:openssl_key_pair.cc(93)] Returning key pair
[19572:21956:0303/110944.827:INFO:boringssl_certificate.cc(189)] Making certificate for WebRTC
[19572:21956:0303/110944.827:INFO:boringssl_certificate.cc(245)] Returning certificate
[19572:21956:0303/110944.852:INFO:p2p_transport_channel.cc(546)] Set backup connection ping interval to 25000 milliseconds.
[19572:21956:0303/110944.852:INFO:p2p_transport_channel.cc(555)] Set ICE receiving timeout to 2500 milliseconds
[19572:21956:0303/110944.852:INFO:p2p_transport_channel.cc(562)] Set ping most likely connection to 0
[19572:21956:0303/110944.852:INFO:p2p_transport_channel.cc(569)] Set stable_writable_connection_ping_interval to 2500
[19572:21956:0303/110944.852:INFO:p2p_transport_channel.cc(582)] Set presume writable when fully relayed to 0
[19572:21956:0303/110944.852:INFO:p2p_transport_channel.cc(600)] Set regather_on_failed_networks_interval to 300000
[19572:21956:0303/110944.852:INFO:p2p_transport_channel.cc(607)] Set receiving_switching_delay to 1000
[19572:21956:0303/110944.852:INFO:jsep_transport_controller.cc(1184)] Creating DtlsSrtpTransport.
[19572:21956:0303/110944.852:INFO:dtls_srtp_transport.cc(66)] Setting RTP Transport on 0 transport 000056EC034C1100
[19572:21956:0303/110944.852:INFO:p2p_transport_channel.cc(480)] Set ICE ufrag: ZjQb pwd: bAkab9qXUI47kcBYGuJ7UPfl on transport 0
[19572:29204:0303/110944.853:INFO:peer_connection.cc(2143)] Creating data channel, mid=0
[19572:29204:0303/110944.853:INFO:sdp_offer_answer.cc(2915)] Session: 8763809773858667556 Old state: stable New state: have-local-offer
[19572:21956:0303/110944.853:INFO:basic_port_allocator.cc(379)] Start getting ports with turn_port_prune_policy 0
[19572:21956:0303/110944.924:INFO:basic_port_allocator.cc(823)] Allocate ports on any any 
[19572:21956:0303/110944.924:INFO:basic_port_allocator.cc(913)] Network manager has started
[19572:21956:0303/110944.924:INFO:basic_port_allocator.cc(1424)] Net[any:0.0.0.x/0:Wildcard:id=0]: Allocation Phase=Udp
[19572:21956:0303/110944.924:INFO:port.cc(138)] Port[3ad5000::1:0:host:Net[any:0.0.0.x/0:Wildcard:id=0]]: Port created with network cost 999
[19572:21956:0303/110944.924:INFO:basic_port_allocator.cc(1506)] AllocationSequence: UDPPort will be handling the STUN candidate generation.
[19572:21956:0303/110944.924:INFO:basic_port_allocator.cc(936)] Adding allocated port for 0
[19572:21956:0303/110944.925:INFO:basic_port_allocator.cc(956)] Port[3ad5000:0:1:0:host:Net[any:0.0.0.x/0:Wildcard:id=0]]: Added port to allocator
[19572:21956:0303/110944.925:INFO:basic_port_allocator.cc(1424)] Net[any:0:0:0:x:x:x:x:x/0:Wildcard:id=0]: Allocation Phase=Udp
[19572:21956:0303/110944.925:INFO:port.cc(138)] Port[3ad4c00::1:0:host:Net[any:0:0:0:x:x:x:x:x/0:Wildcard:id=0]]: Port created with network cost 999
[19572:21956:0303/110944.925:INFO:basic_port_allocator.cc(1506)] AllocationSequence: UDPPort will be handling the STUN candidate generation.
[19572:21956:0303/110944.925:INFO:basic_port_allocator.cc(936)] Adding allocated port for 0
[19572:21956:0303/110944.925:INFO:basic_port_allocator.cc(956)] Port[3ad4c00:0:1:0:host:Net[any:0:0:0:x:x:x:x:x/0:Wildcard:id=0]]: Added port to allocator
[19572:21956:0303/110944.929:INFO:stun_port.cc(432)] Port[3ad5000:0:1:0:host:Net[any:0.0.0.x/0:Wildcard:id=0]]: Starting STUN host lookup for ec2-52-23-111-175.compute-1.amazonaws.com:3478
[19572:21956:0303/110944.930:INFO:stun_port.cc(432)] Port[3ad4c00:0:1:0:host:Net[any:0:0:0:x:x:x:x:x/0:Wildcard:id=0]]: Starting STUN host lookup for ec2-52-23-111-175.compute-1.amazonaws.com:3478
[19572:21956:0303/110944.933:INFO:basic_port_allocator.cc(973)] Port[3ad5000:0:1:0:host:Net[any:0.0.0.x/0:Wildcard:id=0]]: Gathered candidate: Cand[:2757639302:1:udp:2113937151:fc41b7c7-b633-4212-ae56-e05c9c3ec7f3.local:53286:host::0:ZjQb:bAkab9qXUI47kcBYGuJ7UPfl:0:999:0]
[19572:21956:0303/110944.934:INFO:basic_port_allocator.cc(1006)] Port[3ad5000:0:1:0:host:Net[any:0.0.0.x/0:Wildcard:id=0]]: Port ready.
[19572:21956:0303/110944.935:INFO:basic_port_allocator.cc(973)] Port[3ad4c00:0:1:0:host:Net[any:0:0:0:x:x:x:x:x/0:Wildcard:id=0]]: Gathered candidate: Cand[:3826961916:1:udp:2113929727:ffaea882-9aed-4531-9203-f6fdd9562901.local:53287:host::0:ZjQb:bAkab9qXUI47kcBYGuJ7UPfl:0:999:0]
[19572:21956:0303/110944.936:INFO:basic_port_allocator.cc(1006)] Port[3ad4c00:0:1:0:host:Net[any:0:0:0:x:x:x:x:x/0:Wildcard:id=0]]: Port ready.
[19572:21956:0303/110944.936:INFO:basic_port_allocator.cc(1017)] Discarding candidate because it doesn't match filter.
[27936:30964:0303/110944.967:ERROR:socket_manager.cc(147)] Failed to resolve address for ec2-52-23-111-175.compute-1.amazonaws.com., errorcode: -105
[19572:21956:0303/110944.968:WARNING:stun_port.cc(443)] Port[3ad4c00:0:1:0:host:Net[any:0:0:0:x:x:x:x:x/0:Wildcard:id=0]]: StunPort: stun host lookup received error -1
[19572:21956:0303/110944.968:INFO:basic_port_allocator.cc(1118)] Port[3ad4c00:0:1:0:host:Net[any:0:0:0:x:x:x:x:x/0:Wildcard:id=0]]: Port completed gathering candidates.
[19572:21956:0303/110944.986:INFO:basic_port_allocator.cc(1424)] Net[any:0.0.0.x/0:Wildcard:id=0]: Allocation Phase=Relay
[19572:21956:0303/110944.986:INFO:basic_port_allocator.cc(1424)] Net[any:0:0:0:x:x:x:x:x/0:Wildcard:id=0]: Allocation Phase=Relay
[19572:21956:0303/110945.042:INFO:basic_port_allocator.cc(1424)] Net[any:0.0.0.x/0:Wildcard:id=0]: Allocation Phase=Tcp
[19572:21956:0303/110945.042:INFO:port.cc(138)] Port[3a35080::1:0:host:Net[any:0.0.0.x/0:Wildcard:id=0]]: Port created with network cost 999
[19572:21956:0303/110945.042:INFO:basic_port_allocator.cc(936)] Adding allocated port for 0
[19572:21956:0303/110945.042:INFO:basic_port_allocator.cc(956)] Port[3a35080:0:1:0:host:Net[any:0.0.0.x/0:Wildcard:id=0]]: Added port to allocator
[19572:21956:0303/110945.042:INFO:tcp_port.cc(173)] Port[3a35080:0:1:0:host:Net[any:0.0.0.x/0:Wildcard:id=0]]: Not listening due to firewall restrictions.
[19572:21956:0303/110945.042:INFO:basic_port_allocator.cc(1424)] Net[any:0:0:0:x:x:x:x:x/0:Wildcard:id=0]: Allocation Phase=Tcp
[19572:21956:0303/110945.042:INFO:port.cc(138)] Port[3961b00::1:0:host:Net[any:0:0:0:x:x:x:x:x/0:Wildcard:id=0]]: Port created with network cost 999
[19572:21956:0303/110945.042:INFO:basic_port_allocator.cc(936)] Adding allocated port for 0
[19572:21956:0303/110945.042:INFO:basic_port_allocator.cc(956)] Port[3961b00:0:1:0:host:Net[any:0:0:0:x:x:x:x:x/0:Wildcard:id=0]]: Added port to allocator
[19572:21956:0303/110945.042:INFO:tcp_port.cc(173)] Port[3961b00:0:1:0:host:Net[any:0:0:0:x:x:x:x:x/0:Wildcard:id=0]]: Not listening due to firewall restrictions.
[19572:21956:0303/110945.042:INFO:basic_port_allocator.cc(973)] Port[3a35080:0:1:0:host:Net[any:0.0.0.x/0:Wildcard:id=0]]: Gathered candidate: Cand[:530578835:1:tcp:1509957375:d46d26fe-5bda-44b1-8ec0-d8ee0a7bb410.local:9:host::0:ZjQb:bAkab9qXUI47kcBYGuJ7UPfl:0:999:0]
[19572:21956:0303/110945.042:INFO:basic_port_allocator.cc(1006)] Port[3a35080:0:1:0:host:Net[any:0.0.0.x/0:Wildcard:id=0]]: Port ready.
[19572:21956:0303/110945.042:INFO:basic_port_allocator.cc(1017)] Discarding candidate because it doesn't match filter.
[19572:21956:0303/110945.042:INFO:basic_port_allocator.cc(1118)] Port[3a35080:0:1:0:host:Net[any:0.0.0.x/0:Wildcard:id=0]]: Port completed gathering candidates.
[19572:21956:0303/110945.042:INFO:basic_port_allocator.cc(973)] Port[3961b00:0:1:0:host:Net[any:0:0:0:x:x:x:x:x/0:Wildcard:id=0]]: Gathered candidate: Cand[:447748456:1:tcp:1509949951:ffaea882-9aed-4531-9203-f6fdd9562901.local:9:host::0:ZjQb:bAkab9qXUI47kcBYGuJ7UPfl:0:999:0]
[19572:21956:0303/110945.042:INFO:basic_port_allocator.cc(1006)] Port[3961b00:0:1:0:host:Net[any:0:0:0:x:x:x:x:x/0:Wildcard:id=0]]: Port ready.
[19572:21956:0303/110945.042:INFO:basic_port_allocator.cc(1017)] Discarding candidate because it doesn't match filter.
[19572:21956:0303/110945.042:INFO:basic_port_allocator.cc(1118)] Port[3961b00:0:1:0:host:Net[any:0:0:0:x:x:x:x:x/0:Wildcard:id=0]]: Port completed gathering candidates.
[19572:21956:0303/110945.191:INFO:basic_port_allocator.cc(973)] Port[3ad5000:0:1:0:host:Net[any:0.0.0.x/0:Wildcard:id=0]]: Gathered candidate: Cand[:3578232643:1:udp:1677729535:1.22.130.x:53286:srflx:192.168.1.x:53286:ZjQb:bAkab9qXUI47kcBYGuJ7UPfl:0:999:0]
[19572:21956:0303/110945.191:INFO:basic_port_allocator.cc(1118)] Port[3ad5000:0:1:0:host:Net[any:0.0.0.x/0:Wildcard:id=0]]: Port completed gathering candidates.
[19572:21956:0303/110945.192:INFO:basic_port_allocator.cc(1192)] All candidates gathered for 0:1:0
[19572:21956:0303/110945.192:INFO:p2p_transport_channel.cc(1006)] P2PTransportChannel: 0, component 1 gathering complete
[19572:21956:0303/110945.220:INFO:peer_connection_factory.cc(353)] Using default network controller factory
[19572:21956:0303/110945.220:INFO:bitrate_prober.cc(54)] Bandwidth probing enabled, set to inactive
[19572:21956:0303/110945.220:INFO:transport_sequence_number_feedback_generator.cc(69)] Maximum interval between transport feedback RTCP messages: 250 ms
[19572:21956:0303/110945.220:INFO:aimd_rate_control.cc(87)] Using aimd rate control with back off factor 0.85
[19572:21956:0303/110945.220:INFO:remote_bitrate_estimator_single_stream.cc(53)] RemoteBitrateEstimatorSingleStream: Instantiating.
[19572:29204:0303/110945.222:WARNING:codec.cc(390)] Explicitly added H264 constrained baseline to list of supported formats.
[19572:21956:0303/110945.223:INFO:openssl_key_pair.cc(40)] Making key pair
[19572:21956:0303/110945.223:INFO:openssl_key_pair.cc(93)] Returning key pair
[19572:21956:0303/110945.223:INFO:boringssl_certificate.cc(189)] Making certificate for WebRTC
[19572:21956:0303/110945.223:INFO:boringssl_certificate.cc(245)] Returning certificate
[19572:21956:0303/110945.225:INFO:p2p_transport_channel.cc(546)] Set backup connection ping interval to 25000 milliseconds.
[19572:21956:0303/110945.225:INFO:p2p_transport_channel.cc(555)] Set ICE receiving timeout to 2500 milliseconds
[19572:21956:0303/110945.225:INFO:p2p_transport_channel.cc(562)] Set ping most likely connection to 0
[19572:21956:0303/110945.225:INFO:p2p_transport_channel.cc(569)] Set stable_writable_connection_ping_interval to 2500
[19572:21956:0303/110945.225:INFO:p2p_transport_channel.cc(582)] Set presume writable when fully relayed to 0
[19572:21956:0303/110945.225:INFO:p2p_transport_channel.cc(600)] Set regather_on_failed_networks_interval to 300000
[19572:21956:0303/110945.225:INFO:p2p_transport_channel.cc(607)] Set receiving_switching_delay to 1000
[19572:21956:0303/110945.225:INFO:jsep_transport_controller.cc(1184)] Creating DtlsSrtpTransport.
[19572:21956:0303/110945.225:INFO:dtls_srtp_transport.cc(66)] Setting RTP Transport on 0 transport 000056EC034C5300
[19572:21956:0303/110945.227:INFO:p2p_transport_channel.cc(480)] Set ICE ufrag: zO1A pwd: rbwo3w7Hd+e1STGrampB9VxA on transport 0
[19572:29204:0303/110945.227:INFO:peer_connection.cc(2143)] Creating data channel, mid=0
[19572:29204:0303/110945.227:INFO:sdp_offer_answer.cc(2915)] Session: 6338200142961241613 Old state: stable New state: have-local-offer
[19572:21956:0303/110945.227:INFO:basic_port_allocator.cc(379)] Start getting ports with turn_port_prune_policy 0
[19572:21956:0303/110945.227:INFO:basic_port_allocator.cc(913)] Network manager has started
[19572:21956:0303/110945.227:INFO:basic_port_allocator.cc(823)] Allocate ports on any any 
[19572:21956:0303/110945.227:INFO:basic_port_allocator.cc(1424)] Net[any:0.0.0.x/0:Wildcard:id=0]: Allocation Phase=Udp
[19572:21956:0303/110945.227:INFO:port.cc(138)] Port[144fc00::1:0:host:Net[any:0.0.0.x/0:Wildcard:id=0]]: Port created with network cost 999
[19572:21956:0303/110945.227:INFO:basic_port_allocator.cc(1506)] AllocationSequence: UDPPort will be handling the STUN candidate generation.
[19572:21956:0303/110945.227:INFO:basic_port_allocator.cc(936)] Adding allocated port for 0
[19572:21956:0303/110945.227:INFO:basic_port_allocator.cc(956)] Port[144fc00:0:1:0:host:Net[any:0.0.0.x/0:Wildcard:id=0]]: Added port to allocator
[19572:21956:0303/110945.227:INFO:basic_port_allocator.cc(1424)] Net[any:0:0:0:x:x:x:x:x/0:Wildcard:id=0]: Allocation Phase=Udp
[19572:21956:0303/110945.227:INFO:port.cc(138)] Port[3ad5800::1:0:host:Net[any:0:0:0:x:x:x:x:x/0:Wildcard:id=0]]: Port created with network cost 999
[19572:21956:0303/110945.227:INFO:basic_port_allocator.cc(1506)] AllocationSequence: UDPPort will be handling the STUN candidate generation.
[19572:21956:0303/110945.227:INFO:basic_port_allocator.cc(936)] Adding allocated port for 0
[19572:21956:0303/110945.227:INFO:basic_port_allocator.cc(956)] Port[3ad5800:0:1:0:host:Net[any:0:0:0:x:x:x:x:x/0:Wildcard:id=0]]: Added port to allocator
[19572:21956:0303/110945.228:INFO:stun_port.cc(432)] Port[144fc00:0:1:0:host:Net[any:0.0.0.x/0:Wildcard:id=0]]: Starting STUN host lookup for aa.online-metrix.net:3478
[19572:21956:0303/110945.228:INFO:stun_port.cc(432)] Port[3ad5800:0:1:0:host:Net[any:0:0:0:x:x:x:x:x/0:Wildcard:id=0]]: Starting STUN host lookup for aa.online-metrix.net:3478
[19572:21956:0303/110945.228:INFO:basic_port_allocator.cc(973)] Port[144fc00:0:1:0:host:Net[any:0.0.0.x/0:Wildcard:id=0]]: Gathered candidate: Cand[:3901868732:1:udp:2113937151:fc41b7c7-b633-4212-ae56-e05c9c3ec7f3.local:64925:host::0:zO1A:rbwo3w7Hd+e1STGrampB9VxA:0:999:0]
[19572:21956:0303/110945.228:INFO:basic_port_allocator.cc(1006)] Port[144fc00:0:1:0:host:Net[any:0.0.0.x/0:Wildcard:id=0]]: Port ready.
[19572:21956:0303/110945.229:INFO:basic_port_allocator.cc(973)] Port[3ad5800:0:1:0:host:Net[any:0:0:0:x:x:x:x:x/0:Wildcard:id=0]]: Gathered candidate: Cand[:2832546758:1:udp:2113929727:ffaea882-9aed-4531-9203-f6fdd9562901.local:64926:host::0:zO1A:rbwo3w7Hd+e1STGrampB9VxA:0:999:0]
[19572:21956:0303/110945.229:INFO:basic_port_allocator.cc(1006)] Port[3ad5800:0:1:0:host:Net[any:0:0:0:x:x:x:x:x/0:Wildcard:id=0]]: Port ready.
[19572:21956:0303/110945.229:INFO:basic_port_allocator.cc(1017)] Discarding candidate because it doesn't match filter.
[19572:21956:0303/110945.292:INFO:basic_port_allocator.cc(1424)] Net[any:0.0.0.x/0:Wildcard:id=0]: Allocation Phase=Relay
[19572:21956:0303/110945.292:INFO:port.cc(138)] Port[62de00::1:0:relay:Net[any:0.0.0.x/0:Wildcard:id=0]]: Port created with network cost 999
[19572:21956:0303/110945.292:INFO:basic_port_allocator.cc(936)] Adding allocated port for 0
[19572:21956:0303/110945.292:INFO:basic_port_allocator.cc(956)] Port[62de00:0:1:0:relay:Net[any:0.0.0.x/0:Wildcard:id=0]]: Added port to allocator
[19572:21956:0303/110945.292:INFO:turn_port.cc(869)] Port[62de00:0:1:0:relay:Net[any:0.0.0.x/0:Wildcard:id=0]]: Starting TURN host lookup for aa.online-metrix.net:3478
[19572:21956:0303/110945.292:INFO:port.cc(138)] Port[636800::1:0:relay:Net[any:0.0.0.x/0:Wildcard:id=0]]: Port created with network cost 999
[19572:21956:0303/110945.292:INFO:basic_port_allocator.cc(936)] Adding allocated port for 0
[19572:21956:0303/110945.292:INFO:basic_port_allocator.cc(956)] Port[636800:0:1:0:relay:Net[any:0.0.0.x/0:Wildcard:id=0]]: Added port to allocator
[19572:21956:0303/110945.292:INFO:turn_port.cc(869)] Port[636800:0:1:0:relay:Net[any:0.0.0.x/0:Wildcard:id=0]]: Starting TURN host lookup for aa.online-metrix.net:3478
[19572:21956:0303/110945.292:INFO:basic_port_allocator.cc(1424)] Net[any:0:0:0:x:x:x:x:x/0:Wildcard:id=0]: Allocation Phase=Relay
[19572:21956:0303/110945.292:INFO:port.cc(138)] Port[38e5200::1:0:relay:Net[any:0:0:0:x:x:x:x:x/0:Wildcard:id=0]]: Port created with network cost 999
[19572:21956:0303/110945.292:INFO:basic_port_allocator.cc(936)] Adding allocated port for 0
[19572:21956:0303/110945.292:INFO:basic_port_allocator.cc(956)] Port[38e5200:0:1:0:relay:Net[any:0:0:0:x:x:x:x:x/0:Wildcard:id=0]]: Added port to allocator
[19572:21956:0303/110945.292:INFO:turn_port.cc(869)] Port[38e5200:0:1:0:relay:Net[any:0:0:0:x:x:x:x:x/0:Wildcard:id=0]]: Starting TURN host lookup for aa.online-metrix.net:3478
[19572:21956:0303/110945.292:INFO:port.cc(138)] Port[632c00::1:0:relay:Net[any:0:0:0:x:x:x:x:x/0:Wildcard:id=0]]: Port created with network cost 999
[19572:21956:0303/110945.292:INFO:basic_port_allocator.cc(936)] Adding allocated port for 0
[19572:21956:0303/110945.292:INFO:basic_port_allocator.cc(956)] Port[632c00:0:1:0:relay:Net[any:0:0:0:x:x:x:x:x/0:Wildcard:id=0]]: Added port to allocator
[19572:21956:0303/110945.292:INFO:turn_port.cc(869)] Port[632c00:0:1:0:relay:Net[any:0:0:0:x:x:x:x:x/0:Wildcard:id=0]]: Starting TURN host lookup for aa.online-metrix.net:3478
[19572:21956:0303/110945.292:INFO:turn_port.cc(432)] Port[62de00:0:1:0:relay:Net[any:0.0.0.x/0:Wildcard:id=0]]: Trying to connect to TURN server via tcp @ aa.online-metrix.net:3478 (192.225.158.x:3478)
[19572:21956:0303/110945.292:INFO:turn_port.cc(432)] Port[636800:0:1:0:relay:Net[any:0.0.0.x/0:Wildcard:id=0]]: Trying to connect to TURN server via udp @ aa.online-metrix.net:3478 (192.225.158.x:3478)
[19572:21956:0303/110945.292:INFO:turn_port.cc(1383)] Port[636800:0:1:0:relay:Net[any:0.0.0.x/0:Wildcard:id=0]]: TURN allocate request sent, id=494a4c6f65693337386a5a39
[27936:30964:0303/110945.299:ERROR:socket_manager.cc(147)] Failed to resolve address for aa.online-metrix.net., errorcode: -105
[19572:21956:0303/110945.300:WARNING:stun_port.cc(443)] Port[3ad5800:0:1:0:host:Net[any:0:0:0:x:x:x:x:x/0:Wildcard:id=0]]: StunPort: stun host lookup received error -1
[27936:30964:0303/110945.299:ERROR:socket_manager.cc(147)] Failed to resolve address for aa.online-metrix.net., errorcode: -105
[19572:21956:0303/110945.300:INFO:basic_port_allocator.cc(1118)] Port[3ad5800:0:1:0:host:Net[any:0:0:0:x:x:x:x:x/0:Wildcard:id=0]]: Port completed gathering candidates.
[27936:30964:0303/110945.300:ERROR:socket_manager.cc(147)] Failed to resolve address for aa.online-metrix.net., errorcode: -105
[19572:21956:0303/110945.300:WARNING:turn_port.cc(894)] Port[632c00:0:1:0:relay:Net[any:0:0:0:x:x:x:x:x/0:Wildcard:id=0]]: TURN host lookup received error -1
[19572:21956:0303/110945.300:INFO:basic_port_allocator.cc(1136)] Port[632c00:0:1:0:relay:Net[any:0:0:0:x:x:x:x:x/0:Wildcard:id=0]]: Port encountered error while gathering candidates.
[19572:21956:0303/110945.354:INFO:basic_port_allocator.cc(1424)] Net[any:0.0.0.x/0:Wildcard:id=0]: Allocation Phase=Tcp
[19572:21956:0303/110945.354:INFO:port.cc(138)] Port[3a32680::1:0:host:Net[any:0.0.0.x/0:Wildcard:id=0]]: Port created with network cost 999
[19572:21956:0303/110945.354:INFO:basic_port_allocator.cc(936)] Adding allocated port for 0
[19572:21956:0303/110945.354:INFO:basic_port_allocator.cc(956)] Port[3a32680:0:1:0:host:Net[any:0.0.0.x/0:Wildcard:id=0]]: Added port to allocator
[19572:21956:0303/110945.354:INFO:tcp_port.cc(173)] Port[3a32680:0:1:0:host:Net[any:0.0.0.x/0:Wildcard:id=0]]: Not listening due to firewall restrictions.
[19572:21956:0303/110945.354:INFO:basic_port_allocator.cc(1424)] Net[any:0:0:0:x:x:x:x:x/0:Wildcard:id=0]: Allocation Phase=Tcp
[19572:21956:0303/110945.354:INFO:port.cc(138)] Port[3a31880::1:0:host:Net[any:0:0:0:x:x:x:x:x/0:Wildcard:id=0]]: Port created with network cost 999
[19572:21956:0303/110945.354:INFO:basic_port_allocator.cc(936)] Adding allocated port for 0
[19572:21956:0303/110945.354:INFO:basic_port_allocator.cc(956)] Port[3a31880:0:1:0:host:Net[any:0:0:0:x:x:x:x:x/0:Wildcard:id=0]]: Added port to allocator
[19572:21956:0303/110945.354:INFO:tcp_port.cc(173)] Port[3a31880:0:1:0:host:Net[any:0:0:0:x:x:x:x:x/0:Wildcard:id=0]]: Not listening due to firewall restrictions.
[19572:21956:0303/110945.354:INFO:basic_port_allocator.cc(973)] Port[3a32680:0:1:0:host:Net[any:0.0.0.x/0:Wildcard:id=0]]: Gathered candidate: Cand[:1397754793:1:tcp:1509957375:d46d26fe-5bda-44b1-8ec0-d8ee0a7bb410.local:9:host::0:zO1A:rbwo3w7Hd+e1STGrampB9VxA:0:999:0]
[19572:21956:0303/110945.354:INFO:basic_port_allocator.cc(1006)] Port[3a32680:0:1:0:host:Net[any:0.0.0.x/0:Wildcard:id=0]]: Port ready.
[19572:21956:0303/110945.354:INFO:basic_port_allocator.cc(1017)] Discarding candidate because it doesn't match filter.
[19572:21956:0303/110945.354:INFO:basic_port_allocator.cc(1118)] Port[3a32680:0:1:0:host:Net[any:0.0.0.x/0:Wildcard:id=0]]: Port completed gathering candidates.
[19572:21956:0303/110945.354:INFO:basic_port_allocator.cc(973)] Port[3a31880:0:1:0:host:Net[any:0:0:0:x:x:x:x:x/0:Wildcard:id=0]]: Gathered candidate: Cand[:1451224914:1:tcp:1509949951:ffaea882-9aed-4531-9203-f6fdd9562901.local:9:host::0:zO1A:rbwo3w7Hd+e1STGrampB9VxA:0:999:0]
[19572:21956:0303/110945.354:INFO:basic_port_allocator.cc(1006)] Port[3a31880:0:1:0:host:Net[any:0:0:0:x:x:x:x:x/0:Wildcard:id=0]]: Port ready.
[19572:21956:0303/110945.354:INFO:basic_port_allocator.cc(1017)] Discarding candidate because it doesn't match filter.
[19572:21956:0303/110945.354:INFO:basic_port_allocator.cc(1118)] Port[3a31880:0:1:0:host:Net[any:0:0:0:x:x:x:x:x/0:Wildcard:id=0]]: Port completed gathering candidates.
[17788:12332:0303/110945.441:WARNING:capture_device_ranking.h(255)] Can't initialize the value of media.audio_input.user_preference_ranking because media.default_audio_capture_device isn't registered or is empty
[17788:12332:0303/110945.441:WARNING:capture_device_ranking.h(255)] Can't initialize the value of media.video_input.user_preference_ranking because media.default_video_capture_Device isn't registered or is empty
[17788:12332:0303/110945.441:WARNING:capture_device_ranking.h(255)] Can't initialize the value of media.audio_input.user_preference_ranking because media.default_audio_capture_device isn't registered or is empty
[17788:12332:0303/110945.441:WARNING:capture_device_ranking.h(255)] Can't initialize the value of media.video_input.user_preference_ranking because media.default_video_capture_Device isn't registered or is empty
[19572:21956:0303/110945.557:INFO:turn_port.cc(1383)] Port[636800:0:1:0:relay:Net[any:0.0.0.x/0:Wildcard:id=0]]: TURN allocate request sent, id=494a4c6f65693337386a5a39
[19572:21956:0303/110945.561:ERROR:stun_port.cc(82)] Binding error response: class=4 number=1 reason=Unauthorized
[19572:21956:0303/110945.561:INFO:basic_port_allocator.cc(1118)] Port[144fc00:0:1:0:host:Net[any:0.0.0.x/0:Wildcard:id=0]]: Port completed gathering candidates.
[19572:21956:0303/110945.583:INFO:turn_port.cc(1435)] Port[636800:0:1:0:relay:Net[any:0.0.0.x/0:Wildcard:id=0]]: Received TURN allocate error response, id=494a4c6f65693337386a5a39, code=401, rtt=27
[19572:21956:0303/110945.583:INFO:turn_port.cc(1383)] Port[636800:0:1:0:relay:Net[any:0.0.0.x/0:Wildcard:id=0]]: TURN allocate request sent, id=58576d5171704a4231426535
[19572:21956:0303/110945.604:WARNING:turn_port.cc(551)] Port[62de00:0:1:0:relay:Net[any:0.0.0.x/0:Wildcard:id=0]]: Socket is bound to the address:192.168.1.x:55799, rather than an address associated with network:Net[any:0.0.0.x/0:Wildcard:id=0]. Still allowing it since it's the 'any' address, possibly caused by multiple_routes being disabled.
[19572:21956:0303/110945.604:INFO:turn_port.cc(575)] TurnPort connected to aa.online-metrix.net:3478 using tcp.
[19572:21956:0303/110945.604:INFO:turn_port.cc(1383)] Port[62de00:0:1:0:relay:Net[any:0.0.0.x/0:Wildcard:id=0]]: TURN allocate request sent, id=4f336b554a755a64456e7953
[19572:21956:0303/110945.609:WARNING:turn_port.cc(551)] Port[38e5200:0:1:0:relay:Net[any:0:0:0:x:x:x:x:x/0:Wildcard:id=0]]: Socket is bound to the address:192.168.1.x:55800, rather than an address associated with network:Net[any:0:0:0:x:x:x:x:x/0:Wildcard:id=0]. Still allowing it since it's the 'any' address, possibly caused by multiple_routes being disabled.
[19572:21956:0303/110945.609:INFO:turn_port.cc(575)] TurnPort connected to aa.online-metrix.net:3478 using tcp.
[19572:21956:0303/110945.609:INFO:turn_port.cc(1383)] Port[38e5200:0:1:0:relay:Net[any:0:0:0:x:x:x:x:x/0:Wildcard:id=0]]: TURN allocate request sent, id=764a75483238707578756275
[17788:12332:0303/110945.753:INFO:CONSOLE(5)] "done", source: https://signin.ebay.com/signin?ru=https%3A%2F%2Fauth2.ebay.com%2Foauth2%2Fconsents%3Fclient_id%3DFaizKhan-marketpl-PRD-cdec84608-ca82d8a7%26redirect_uri%3DFaiz_Khan-FaizKhan-market-mgaex%26scope%3Dhttps%253A%252F%252Fapi.ebay.com%252Foauth%252Fapi_scope%2Bhttps%253A%252F%252Fapi.ebay.com%252Foauth%252Fapi_scope%252Fsell.marketing.readonly%2Bhttps%253A%252F%252Fapi.ebay.com%252Foauth%252Fapi_scope%252Fsell.marketing%2Bhttps%253A%252F%252Fapi.ebay.com%252Foauth%252Fapi_scope%252Fsell.inventory.readonly%2Bhttps%253A%252F%252Fapi.ebay.com%252Foauth%252Fapi_scope%252Fsell.inventory%2Bhttps%253A%252F%252Fapi.ebay.com%252Foauth%252Fapi_scope%252Fsell.account.readonly%2Bhttps%253A%252F%252Fapi.ebay.com%252Foauth%252Fapi_scope%252Fsell.account%2Bhttps%253A%252F%252Fapi.ebay.com%252Foauth%252Fapi_scope%252Fsell.fulfillment.readonly%2Bhttps%253A%252F%252Fapi.ebay.com%252Foauth%252Fapi_scope%252Fsell.fulfillment%2Bhttps%253A%252F%252Fapi.ebay.com%252Foauth%252Fapi_scope%252Fsell.analytics.readonly%2Bhttps%253A%252F%252Fapi.ebay.com%252Foauth%252Fapi_scope%252Fsell.finances%2Bhttps%253A%252F%252Fapi.ebay.com%252Foauth%252Fapi_scope%252Fsell.payment.dispute%2Bhttps%253A%252F%252Fapi.ebay.com%252Foauth%252Fapi_scope%252Fcommerce.identity.readonly%2Bhttps%253A%252F%252Fapi.ebay.com%252Foauth%252Fapi_scope%252Fsell.reputation%2Bhttps%253A%252F%252Fapi.ebay.com%252Foauth%252Fapi_scope%252Fsell.reputation.readonly%2Bhttps%253A%252F%252Fapi.ebay.com%252Foauth%252Fapi_scope%252Fcommerce.notification.subscription%2Bhttps%253A%252F%252Fapi.ebay.com%252Foauth%252Fapi_scope%252Fcommerce.notification.subscription.readonly%2Bhttps%253A%252F%252Fapi.ebay.com%252Foauth%252Fapi_scope%252Fsell.stores%2Bhttps%253A%252F%252Fapi.ebay.com%252Foauth%252Fapi_scope%252Fsell.stores.readonly%2Bhttps%253A%252F%252Fapi.ebay.com%252Foauth%252Fscope%252Fsell.edelivery%26state%26response_type%3Dcode%26hd%26consentGiven%3Dfalse&sgfl=oauth2&AppName=FaizKhan-marketpl-PRD-cdec84608-ca82d8a7 (5)
[19572:21956:0303/110945.840:INFO:turn_port.cc(1383)] Port[636800:0:1:0:relay:Net[any:0.0.0.x/0:Wildcard:id=0]]: TURN allocate request sent, id=58576d5171704a4231426535
[19572:21956:0303/110945.861:INFO:turn_port.cc(1389)] Port[636800:0:1:0:relay:Net[any:0.0.0.x/0:Wildcard:id=0]]: TURN allocate requested successfully, id=58576d5171704a4231426535, code=0, rtt=22
[19572:21956:0303/110945.861:INFO:basic_port_allocator.cc(973)] Port[636800:0:1:0:relay:Net[any:0.0.0.x/0:Wildcard:id=0]]: Gathered candidate: Cand[:3993919758:1:udp:33562623:1.22.130.x:13984:relay:1.22.130.x:40491:zO1A:rbwo3w7Hd+e1STGrampB9VxA:0:999:0]
[19572:21956:0303/110945.861:INFO:basic_port_allocator.cc(1006)] Port[636800:0:1:0:relay:Net[any:0.0.0.x/0:Wildcard:id=0]]: Port ready.
[19572:21956:0303/110945.861:INFO:basic_port_allocator.cc(1118)] Port[636800:0:1:0:relay:Net[any:0.0.0.x/0:Wildcard:id=0]]: Port completed gathering candidates.
[19572:21956:0303/110945.861:INFO:turn_port.cc(1181)] Port[636800:0:1:0:relay:Net[any:0.0.0.x/0:Wildcard:id=0]]: Scheduled refresh in 3540000ms.
[19572:21956:0303/110945.871:INFO:turn_port.cc(1383)] Port[62de00:0:1:0:relay:Net[any:0.0.0.x/0:Wildcard:id=0]]: TURN allocate request sent, id=4f336b554a755a64456e7953
[19572:21956:0303/110945.871:INFO:turn_port.cc(1383)] Port[38e5200:0:1:0:relay:Net[any:0:0:0:x:x:x:x:x/0:Wildcard:id=0]]: TURN allocate request sent, id=764a75483238707578756275
[19572:21956:0303/110945.898:INFO:turn_port.cc(1435)] Port[62de00:0:1:0:relay:Net[any:0.0.0.x/0:Wildcard:id=0]]: Received TURN allocate error response, id=4f336b554a755a64456e7953, code=401, rtt=28
[19572:21956:0303/110945.899:INFO:turn_port.cc(1383)] Port[62de00:0:1:0:relay:Net[any:0.0.0.x/0:Wildcard:id=0]]: TURN allocate request sent, id=654856586776515556556c70
[19572:21956:0303/110945.900:INFO:turn_port.cc(1435)] Port[38e5200:0:1:0:relay:Net[any:0:0:0:x:x:x:x:x/0:Wildcard:id=0]]: Received TURN allocate error response, id=764a75483238707578756275, code=401, rtt=29
[19572:21956:0303/110945.900:INFO:turn_port.cc(1383)] Port[38e5200:0:1:0:relay:Net[any:0:0:0:x:x:x:x:x/0:Wildcard:id=0]]: TURN allocate request sent, id=36546a6a494d6379724a6545
[32748:18080:0303/110945.982:INFO:cpu_info.cc(53)] Available number of cores: 12
[32704:28260:0303/110946.128:INFO:cpu_info.cc(53)] Available number of cores: 12
[19572:21956:0303/110946.151:INFO:turn_port.cc(1383)] Port[62de00:0:1:0:relay:Net[any:0.0.0.x/0:Wildcard:id=0]]: TURN allocate request sent, id=654856586776515556556c70
[19572:21956:0303/110946.167:INFO:turn_port.cc(1383)] Port[38e5200:0:1:0:relay:Net[any:0:0:0:x:x:x:x:x/0:Wildcard:id=0]]: TURN allocate request sent, id=36546a6a494d6379724a6545
[14828:21388:0303/110946.177:INFO:cpu_info.cc(53)] Available number of cores: 12
[24756:30220:0303/110946.182:INFO:cpu_info.cc(53)] Available number of cores: 12
[32016:23024:0303/110946.461:INFO:cpu_info.cc(53)] Available number of cores: 12
[19572:21956:0303/110946.513:INFO:turn_port.cc(1389)] Port[62de00:0:1:0:relay:Net[any:0.0.0.x/0:Wildcard:id=0]]: TURN allocate requested successfully, id=654856586776515556556c70, code=0, rtt=362
[19572:21956:0303/110946.513:INFO:basic_port_allocator.cc(973)] Port[62de00:0:1:0:relay:Net[any:0.0.0.x/0:Wildcard:id=0]]: Gathered candidate: Cand[:279229850:1:udp:16785663:1.22.130.x:42062:relay:1.22.130.x:47695:zO1A:rbwo3w7Hd+e1STGrampB9VxA:0:999:0]
[19572:21956:0303/110946.513:INFO:basic_port_allocator.cc(1006)] Port[62de00:0:1:0:relay:Net[any:0.0.0.x/0:Wildcard:id=0]]: Port ready.
[19572:21956:0303/110946.513:INFO:basic_port_allocator.cc(1118)] Port[62de00:0:1:0:relay:Net[any:0.0.0.x/0:Wildcard:id=0]]: Port completed gathering candidates.
[19572:21956:0303/110946.513:INFO:turn_port.cc(1181)] Port[62de00:0:1:0:relay:Net[any:0.0.0.x/0:Wildcard:id=0]]: Scheduled refresh in 3540000ms.
[19572:21956:0303/110946.525:INFO:turn_port.cc(1389)] Port[38e5200:0:1:0:relay:Net[any:0:0:0:x:x:x:x:x/0:Wildcard:id=0]]: TURN allocate requested successfully, id=36546a6a494d6379724a6545, code=0, rtt=359
[19572:21956:0303/110946.525:INFO:basic_port_allocator.cc(973)] Port[38e5200:0:1:0:relay:Net[any:0:0:0:x:x:x:x:x/0:Wildcard:id=0]]: Gathered candidate: Cand[:279229850:1:udp:16785663:1.22.130.x:41101:relay:1.22.130.x:47692:zO1A:rbwo3w7Hd+e1STGrampB9VxA:0:999:0]
[19572:21956:0303/110946.525:INFO:basic_port_allocator.cc(1006)] Port[38e5200:0:1:0:relay:Net[any:0:0:0:x:x:x:x:x/0:Wildcard:id=0]]: Port ready.
[19572:21956:0303/110946.525:INFO:basic_port_allocator.cc(1118)] Port[38e5200:0:1:0:relay:Net[any:0:0:0:x:x:x:x:x/0:Wildcard:id=0]]: Port completed gathering candidates.
[19572:21956:0303/110946.525:INFO:basic_port_allocator.cc(1192)] All candidates gathered for 0:1:0
[19572:21956:0303/110946.526:INFO:p2p_transport_channel.cc(1006)] P2PTransportChannel: 0, component 1 gathering complete
[19572:21956:0303/110946.526:INFO:turn_port.cc(1181)] Port[38e5200:0:1:0:relay:Net[any:0:0:0:x:x:x:x:x/0:Wildcard:id=0]]: Scheduled refresh in 3540000ms.
[19572:29204:0303/110947.418:INFO:peer_connection_dependency_factory.cc(802)] Running WebRTC with a combined Network and Worker thread.
[19572:29204:0303/110947.418:INFO:webrtc_voice_engine.cc(476)] WebRtcVoiceEngine::WebRtcVoiceEngine
[19572:21956:0303/110947.418:INFO:webrtc_voice_engine.cc(498)] WebRtcVoiceEngine::Init
[19572:21956:0303/110947.419:INFO:webrtc_voice_engine.cc(604)] WebRtcVoiceEngine::ApplyOptions: AudioOptions {aec: 1, agc: 1, ns: 1, hf: 1, swap: 0, audio_jitter_buffer_max_packets: 200, audio_jitter_buffer_fast_accelerate: 0, audio_jitter_buffer_min_delay_ms: 0, }
[19572:21956:0303/110947.419:INFO:peer_connection_factory.cc(353)] Using default network controller factory
[19572:21956:0303/110947.419:INFO:bitrate_prober.cc(54)] Bandwidth probing enabled, set to inactive
[19572:21956:0303/110947.419:INFO:transport_sequence_number_feedback_generator.cc(69)] Maximum interval between transport feedback RTCP messages: 250 ms
[19572:21956:0303/110947.419:INFO:aimd_rate_control.cc(87)] Using aimd rate control with back off factor 0.85
[19572:21956:0303/110947.419:INFO:remote_bitrate_estimator_single_stream.cc(53)] RemoteBitrateEstimatorSingleStream: Instantiating.
[19572:29204:0303/110947.420:WARNING:codec.cc(390)] Explicitly added H264 constrained baseline to list of supported formats.
[19572:21956:0303/110947.422:INFO:openssl_key_pair.cc(40)] Making key pair
[19572:21956:0303/110947.422:INFO:openssl_key_pair.cc(93)] Returning key pair
[19572:21956:0303/110947.422:INFO:boringssl_certificate.cc(189)] Making certificate for WebRTC
[19572:21956:0303/110947.422:INFO:boringssl_certificate.cc(245)] Returning certificate
[17788:12332:0303/110947.432:WARNING:capture_device_ranking.h(255)] Can't initialize the value of media.audio_input.user_preference_ranking because media.default_audio_capture_device isn't registered or is empty
[17788:12332:0303/110947.432:WARNING:capture_device_ranking.h(255)] Can't initialize the value of media.video_input.user_preference_ranking because media.default_video_capture_Device isn't registered or is empty
[19572:21956:0303/110947.475:INFO:p2p_transport_channel.cc(546)] Set backup connection ping interval to 25000 milliseconds.
[19572:21956:0303/110947.475:INFO:p2p_transport_channel.cc(555)] Set ICE receiving timeout to 2500 milliseconds
[19572:21956:0303/110947.475:INFO:p2p_transport_channel.cc(562)] Set ping most likely connection to 0
[19572:21956:0303/110947.475:INFO:p2p_transport_channel.cc(569)] Set stable_writable_connection_ping_interval to 2500
[19572:21956:0303/110947.475:INFO:p2p_transport_channel.cc(582)] Set presume writable when fully relayed to 0
[19572:21956:0303/110947.475:INFO:p2p_transport_channel.cc(600)] Set regather_on_failed_networks_interval to 300000
[19572:21956:0303/110947.475:INFO:p2p_transport_channel.cc(607)] Set receiving_switching_delay to 1000
[19572:21956:0303/110947.475:INFO:jsep_transport_controller.cc(1184)] Creating DtlsSrtpTransport.
[19572:21956:0303/110947.475:INFO:dtls_srtp_transport.cc(66)] Setting RTP Transport on 0 transport 000056EC00C30100
[19572:21956:0303/110947.475:INFO:p2p_transport_channel.cc(480)] Set ICE ufrag: pI9m pwd: VDTl1ExAtSzvVZyF3rlY9f++ on transport 0
[19572:29204:0303/110947.475:INFO:peer_connection.cc(2143)] Creating data channel, mid=0
[19572:29204:0303/110947.476:INFO:sdp_offer_answer.cc(2915)] Session: 7359003130118577951 Old state: stable New state: have-local-offer
[19572:21956:0303/110947.476:INFO:basic_port_allocator.cc(379)] Start getting ports with turn_port_prune_policy 0
[18812:29644:0303/110947.534:INFO:cpu_info.cc(53)] Available number of cores: 12
[30208:28192:0303/110947.577:INFO:cpu_info.cc(53)] Available number of cores: 12
[19572:21956:0303/110948.522:INFO:basic_port_allocator.cc(823)] Allocate ports on any any 
[19572:21956:0303/110948.522:INFO:basic_port_allocator.cc(913)] Network manager has started
[19572:21956:0303/110948.522:INFO:basic_port_allocator.cc(1424)] Net[any:0.0.0.x/0:Wildcard:id=0]: Allocation Phase=Udp
[19572:21956:0303/110948.522:INFO:port.cc(138)] Port[590f800::1:0:host:Net[any:0.0.0.x/0:Wildcard:id=0]]: Port created with network cost 999
[19572:21956:0303/110948.522:INFO:basic_port_allocator.cc(1506)] AllocationSequence: UDPPort will be handling the STUN candidate generation.
[19572:21956:0303/110948.522:INFO:basic_port_allocator.cc(936)] Adding allocated port for 0
[19572:21956:0303/110948.522:INFO:basic_port_allocator.cc(956)] Port[590f800:0:1:0:host:Net[any:0.0.0.x/0:Wildcard:id=0]]: Added port to allocator
[19572:21956:0303/110948.522:INFO:basic_port_allocator.cc(1424)] Net[any:0:0:0:x:x:x:x:x/0:Wildcard:id=0]: Allocation Phase=Udp
[19572:21956:0303/110948.522:INFO:port.cc(138)] Port[590f400::1:0:host:Net[any:0:0:0:x:x:x:x:x/0:Wildcard:id=0]]: Port created with network cost 999
[19572:21956:0303/110948.522:INFO:basic_port_allocator.cc(1506)] AllocationSequence: UDPPort will be handling the STUN candidate generation.
[19572:21956:0303/110948.522:INFO:basic_port_allocator.cc(936)] Adding allocated port for 0
[19572:21956:0303/110948.522:INFO:basic_port_allocator.cc(956)] Port[590f400:0:1:0:host:Net[any:0:0:0:x:x:x:x:x/0:Wildcard:id=0]]: Added port to allocator
[19572:21956:0303/110948.588:INFO:basic_port_allocator.cc(1424)] Net[any:0.0.0.x/0:Wildcard:id=0]: Allocation Phase=Relay
[19572:21956:0303/110948.588:INFO:port.cc(138)] Port[10ee00::1:0:relay:Net[any:0.0.0.x/0:Wildcard:id=0]]: Port created with network cost 999
[19572:21956:0303/110948.588:INFO:basic_port_allocator.cc(936)] Adding allocated port for 0
[19572:21956:0303/110948.588:INFO:basic_port_allocator.cc(956)] Port[10ee00:0:1:0:relay:Net[any:0.0.0.x/0:Wildcard:id=0]]: Added port to allocator
[19572:21956:0303/110948.588:INFO:turn_port.cc(869)] Port[10ee00:0:1:0:relay:Net[any:0.0.0.x/0:Wildcard:id=0]]: Starting TURN host lookup for aa.online-metrix.net:3478
[19572:21956:0303/110948.588:INFO:port.cc(138)] Port[10ac00::1:0:relay:Net[any:0.0.0.x/0:Wildcard:id=0]]: Port created with network cost 999
[19572:21956:0303/110948.588:INFO:basic_port_allocator.cc(936)] Adding allocated port for 0
[19572:21956:0303/110948.588:INFO:basic_port_allocator.cc(956)] Port[10ac00:0:1:0:relay:Net[any:0.0.0.x/0:Wildcard:id=0]]: Added port to allocator
[19572:21956:0303/110948.588:INFO:turn_port.cc(869)] Port[10ac00:0:1:0:relay:Net[any:0.0.0.x/0:Wildcard:id=0]]: Starting TURN host lookup for aa.online-metrix.net:3478
[19572:21956:0303/110948.588:INFO:basic_port_allocator.cc(1424)] Net[any:0:0:0:x:x:x:x:x/0:Wildcard:id=0]: Allocation Phase=Relay
[19572:21956:0303/110948.588:INFO:port.cc(138)] Port[38eb200::1:0:relay:Net[any:0:0:0:x:x:x:x:x/0:Wildcard:id=0]]: Port created with network cost 999
[19572:21956:0303/110948.588:INFO:basic_port_allocator.cc(936)] Adding allocated port for 0
[19572:21956:0303/110948.588:INFO:basic_port_allocator.cc(956)] Port[38eb200:0:1:0:relay:Net[any:0:0:0:x:x:x:x:x/0:Wildcard:id=0]]: Added port to allocator
[19572:21956:0303/110948.588:INFO:turn_port.cc(869)] Port[38eb200:0:1:0:relay:Net[any:0:0:0:x:x:x:x:x/0:Wildcard:id=0]]: Starting TURN host lookup for aa.online-metrix.net:3478
[19572:21956:0303/110948.588:INFO:port.cc(138)] Port[10fa00::1:0:relay:Net[any:0:0:0:x:x:x:x:x/0:Wildcard:id=0]]: Port created with network cost 999
[19572:21956:0303/110948.588:INFO:basic_port_allocator.cc(936)] Adding allocated port for 0
[19572:21956:0303/110948.588:INFO:basic_port_allocator.cc(956)] Port[10fa00:0:1:0:relay:Net[any:0:0:0:x:x:x:x:x/0:Wildcard:id=0]]: Added port to allocator
[19572:21956:0303/110948.588:INFO:turn_port.cc(869)] Port[10fa00:0:1:0:relay:Net[any:0:0:0:x:x:x:x:x/0:Wildcard:id=0]]: Starting TURN host lookup for aa.online-metrix.net:3478
[19572:21956:0303/110948.651:INFO:basic_port_allocator.cc(1424)] Net[any:0.0.0.x/0:Wildcard:id=0]: Allocation Phase=Tcp
[19572:21956:0303/110948.651:INFO:port.cc(138)] Port[428ff00::1:0:host:Net[any:0.0.0.x/0:Wildcard:id=0]]: Port created with network cost 999
[19572:21956:0303/110948.651:INFO:basic_port_allocator.cc(936)] Adding allocated port for 0
[19572:21956:0303/110948.651:INFO:basic_port_allocator.cc(956)] Port[428ff00:0:1:0:host:Net[any:0.0.0.x/0:Wildcard:id=0]]: Added port to allocator
[19572:21956:0303/110948.651:INFO:tcp_port.cc(173)] Port[428ff00:0:1:0:host:Net[any:0.0.0.x/0:Wildcard:id=0]]: Not listening due to firewall restrictions.
[19572:21956:0303/110948.651:INFO:basic_port_allocator.cc(1424)] Net[any:0:0:0:x:x:x:x:x/0:Wildcard:id=0]: Allocation Phase=Tcp
[19572:21956:0303/110948.651:INFO:port.cc(138)] Port[3fbb800::1:0:host:Net[any:0:0:0:x:x:x:x:x/0:Wildcard:id=0]]: Port created with network cost 999
[19572:21956:0303/110948.651:INFO:basic_port_allocator.cc(936)] Adding allocated port for 0
[19572:21956:0303/110948.651:INFO:basic_port_allocator.cc(956)] Port[3fbb800:0:1:0:host:Net[any:0:0:0:x:x:x:x:x/0:Wildcard:id=0]]: Added port to allocator
[19572:21956:0303/110948.651:INFO:tcp_port.cc(173)] Port[3fbb800:0:1:0:host:Net[any:0:0:0:x:x:x:x:x/0:Wildcard:id=0]]: Not listening due to firewall restrictions.
[27936:30964:0303/110949.048:ERROR:socket_manager.cc(147)] Failed to resolve address for aa.online-metrix.net., errorcode: -105
[27936:30964:0303/110949.048:ERROR:socket_manager.cc(147)] Failed to resolve address for aa.online-metrix.net., errorcode: -105
[19572:21956:0303/110949.243:INFO:stun_port.cc(432)] Port[590f800:0:1:0:host:Net[any:0.0.0.x/0:Wildcard:id=0]]: Starting STUN host lookup for aa.online-metrix.net:3478
[19572:21956:0303/110949.244:INFO:stun_port.cc(432)] Port[590f400:0:1:0:host:Net[any:0:0:0:x:x:x:x:x/0:Wildcard:id=0]]: Starting STUN host lookup for aa.online-metrix.net:3478
[19572:21956:0303/110949.245:INFO:turn_port.cc(432)] Port[10ee00:0:1:0:relay:Net[any:0.0.0.x/0:Wildcard:id=0]]: Trying to connect to TURN server via tcp @ aa.online-metrix.net:3478 (192.225.158.x:3478)
[19572:21956:0303/110949.245:INFO:basic_port_allocator.cc(973)] Port[428ff00:0:1:0:host:Net[any:0.0.0.x/0:Wildcard:id=0]]: Gathered candidate: Cand[:2706564750:1:tcp:1509957375:c4118302-945a-4291-9605-a9dd57ee6903.local:9:host::0:pI9m:VDTl1ExAtSzvVZyF3rlY9f++:0:999:0]
[19572:21956:0303/110949.245:INFO:basic_port_allocator.cc(1006)] Port[428ff00:0:1:0:host:Net[any:0.0.0.x/0:Wildcard:id=0]]: Port ready.
[19572:21956:0303/110949.245:INFO:basic_port_allocator.cc(1017)] Discarding candidate because it doesn't match filter.
[19572:21956:0303/110949.245:INFO:basic_port_allocator.cc(1118)] Port[428ff00:0:1:0:host:Net[any:0.0.0.x/0:Wildcard:id=0]]: Port completed gathering candidates.
[19572:21956:0303/110949.259:INFO:turn_port.cc(432)] Port[10ac00:0:1:0:relay:Net[any:0.0.0.x/0:Wildcard:id=0]]: Trying to connect to TURN server via udp @ aa.online-metrix.net:3478 (192.225.158.x:3478)
[19572:21956:0303/110949.260:INFO:turn_port.cc(1383)] Port[10ac00:0:1:0:relay:Net[any:0.0.0.x/0:Wildcard:id=0]]: TURN allocate request sent, id=6236686956496b6c77503270
[19572:21956:0303/110949.260:WARNING:turn_port.cc(894)] Port[10fa00:0:1:0:relay:Net[any:0:0:0:x:x:x:x:x/0:Wildcard:id=0]]: TURN host lookup received error -1
[19572:21956:0303/110949.260:INFO:basic_port_allocator.cc(973)] Port[3fbb800:0:1:0:host:Net[any:0:0:0:x:x:x:x:x/0:Wildcard:id=0]]: Gathered candidate: Cand[:2759656053:1:tcp:1509949951:bd5c4227-fe0a-48e8-8998-9c77c3a15af3.local:9:host::0:pI9m:VDTl1ExAtSzvVZyF3rlY9f++:0:999:0]
[19572:21956:0303/110949.260:INFO:basic_port_allocator.cc(1006)] Port[3fbb800:0:1:0:host:Net[any:0:0:0:x:x:x:x:x/0:Wildcard:id=0]]: Port ready.
[19572:21956:0303/110949.260:INFO:basic_port_allocator.cc(1017)] Discarding candidate because it doesn't match filter.
[19572:21956:0303/110949.260:INFO:basic_port_allocator.cc(1118)] Port[3fbb800:0:1:0:host:Net[any:0:0:0:x:x:x:x:x/0:Wildcard:id=0]]: Port completed gathering candidates.
[19572:21956:0303/110949.260:INFO:basic_port_allocator.cc(1136)] Port[10fa00:0:1:0:relay:Net[any:0:0:0:x:x:x:x:x/0:Wildcard:id=0]]: Port encountered error while gathering candidates.
[19572:21956:0303/110949.261:INFO:basic_port_allocator.cc(973)] Port[590f800:0:1:0:host:Net[any:0.0.0.x/0:Wildcard:id=0]]: Gathered candidate: Cand[:445851547:1:udp:2113937151:853c1474-46b9-4e37-ba84-1d19d984cb3a.local:55000:host::0:pI9m:VDTl1ExAtSzvVZyF3rlY9f++:0:999:0]
[19572:21956:0303/110949.261:INFO:basic_port_allocator.cc(1006)] Port[590f800:0:1:0:host:Net[any:0.0.0.x/0:Wildcard:id=0]]: Port ready.
[19572:21956:0303/110949.263:INFO:basic_port_allocator.cc(973)] Port[590f400:0:1:0:host:Net[any:0:0:0:x:x:x:x:x/0:Wildcard:id=0]]: Gathered candidate: Cand[:1524094689:1:udp:2113929727:bd5c4227-fe0a-48e8-8998-9c77c3a15af3.local:55001:host::0:pI9m:VDTl1ExAtSzvVZyF3rlY9f++:0:999:0]
[19572:21956:0303/110949.263:INFO:basic_port_allocator.cc(1006)] Port[590f400:0:1:0:host:Net[any:0:0:0:x:x:x:x:x/0:Wildcard:id=0]]: Port ready.
[19572:21956:0303/110949.263:INFO:basic_port_allocator.cc(1017)] Discarding candidate because it doesn't match filter.
[27936:30964:0303/110949.274:ERROR:socket_manager.cc(147)] Failed to resolve address for aa.online-metrix.net., errorcode: -105
[19572:21956:0303/110949.275:WARNING:stun_port.cc(443)] Port[590f400:0:1:0:host:Net[any:0:0:0:x:x:x:x:x/0:Wildcard:id=0]]: StunPort: stun host lookup received error -1
[19572:21956:0303/110949.275:INFO:basic_port_allocator.cc(1118)] Port[590f400:0:1:0:host:Net[any:0:0:0:x:x:x:x:x/0:Wildcard:id=0]]: Port completed gathering candidates.
[19572:21956:0303/110949.527:INFO:turn_port.cc(1383)] Port[10ac00:0:1:0:relay:Net[any:0.0.0.x/0:Wildcard:id=0]]: TURN allocate request sent, id=6236686956496b6c77503270
[19572:21956:0303/110949.533:WARNING:turn_port.cc(551)] Port[38eb200:0:1:0:relay:Net[any:0:0:0:x:x:x:x:x/0:Wildcard:id=0]]: Socket is bound to the address:192.168.1.x:55843, rather than an address associated with network:Net[any:0:0:0:x:x:x:x:x/0:Wildcard:id=0]. Still allowing it since it's the 'any' address, possibly caused by multiple_routes being disabled.
[19572:21956:0303/110949.533:INFO:turn_port.cc(575)] TurnPort connected to aa.online-metrix.net:3478 using tcp.
[19572:21956:0303/110949.533:INFO:turn_port.cc(1383)] Port[38eb200:0:1:0:relay:Net[any:0:0:0:x:x:x:x:x/0:Wildcard:id=0]]: TURN allocate request sent, id=487041525858533746386f72
[19572:21956:0303/110949.534:INFO:turn_port.cc(1435)] Port[10ac00:0:1:0:relay:Net[any:0.0.0.x/0:Wildcard:id=0]]: Received TURN allocate error response, id=6236686956496b6c77503270, code=401, rtt=7
[19572:21956:0303/110949.534:INFO:turn_port.cc(1383)] Port[10ac00:0:1:0:relay:Net[any:0.0.0.x/0:Wildcard:id=0]]: TURN allocate request sent, id=584b54767049576471355475
[19572:21956:0303/110949.534:ERROR:stun_port.cc(82)] Binding error response: class=4 number=1 reason=Unauthorized
[19572:21956:0303/110949.534:INFO:basic_port_allocator.cc(1118)] Port[590f800:0:1:0:host:Net[any:0.0.0.x/0:Wildcard:id=0]]: Port completed gathering candidates.
[19572:21956:0303/110949.543:WARNING:turn_port.cc(551)] Port[10ee00:0:1:0:relay:Net[any:0.0.0.x/0:Wildcard:id=0]]: Socket is bound to the address:192.168.1.x:55842, rather than an address associated with network:Net[any:0.0.0.x/0:Wildcard:id=0]. Still allowing it since it's the 'any' address, possibly caused by multiple_routes being disabled.
[19572:21956:0303/110949.543:INFO:turn_port.cc(575)] TurnPort connected to aa.online-metrix.net:3478 using tcp.
[19572:21956:0303/110949.543:INFO:turn_port.cc(1383)] Port[10ee00:0:1:0:relay:Net[any:0.0.0.x/0:Wildcard:id=0]]: TURN allocate request sent, id=6e476155446567776b562f72
[17788:12332:0303/110949.712:INFO:CONSOLE(17)] "WebSocket connection to 'wss://127.0.0.1:5900/' failed: WebSocket is closed before the connection is established.", source: blob:https://signin.ebay.com/ced5a3b1-2d9b-4947-9052-d082838b4f6c (17)
[17788:12332:0303/110949.712:INFO:CONSOLE(17)] "WebSocket connection to 'wss://127.0.0.1:5902/' failed: WebSocket is closed before the connection is established.", source: blob:https://signin.ebay.com/9af1ff4f-bdbf-4d08-9821-b9b08a01a225 (17)
[17788:12332:0303/110949.712:INFO:CONSOLE(17)] "WebSocket connection to 'wss://127.0.0.1:5903/' failed: WebSocket is closed before the connection is established.", source: blob:https://signin.ebay.com/95cbea2c-b865-49d4-944a-068af5c5e1be (17)
[17788:12332:0303/110949.714:INFO:CONSOLE(17)] "WebSocket connection to 'wss://127.0.0.1:5939/' failed: WebSocket is closed before the connection is established.", source: blob:https://signin.ebay.com/d5d2c989-928f-4809-9214-3401934739c1 (17)
[17788:12332:0303/110949.714:INFO:CONSOLE(17)] "WebSocket connection to 'wss://127.0.0.1:5950/' failed: WebSocket is closed before the connection is established.", source: blob:https://signin.ebay.com/c2ae334b-a9e2-4285-83a4-975173286cea (17)
[17788:12332:0303/110949.714:INFO:CONSOLE(17)] "WebSocket connection to 'wss://127.0.0.1:5279/' failed: WebSocket is closed before the connection is established.", source: blob:https://signin.ebay.com/a59b7859-f1a0-4435-b86a-5208b105d0b8 (17)
[17788:12332:0303/110949.714:INFO:CONSOLE(17)] "WebSocket connection to 'wss://127.0.0.1:63333/' failed: WebSocket is closed before the connection is established.", source: blob:https://signin.ebay.com/28555a90-1c79-48be-923a-f0abb12a2c3f (17)
[17788:12332:0303/110949.715:INFO:CONSOLE(17)] "WebSocket connection to 'wss://127.0.0.1:3389/' failed: WebSocket is closed before the connection is established.", source: blob:https://signin.ebay.com/895da27c-f381-47eb-a937-9c079f65ec6b (17)
[17788:12332:0303/110949.716:INFO:CONSOLE(17)] "WebSocket connection to 'wss://127.0.0.1:7070/' failed: WebSocket is closed before the connection is established.", source: blob:https://signin.ebay.com/ac628191-a374-46c1-8fa8-a4d7bc4eaa63 (17)
[17788:12332:0303/110949.716:INFO:CONSOLE(17)] "WebSocket connection to 'wss://127.0.0.1:6040/' failed: WebSocket is closed before the connection is established.", source: blob:https://signin.ebay.com/a38d747e-27fb-420c-83de-960c0570aeb9 (17)
[17788:12332:0303/110949.716:INFO:CONSOLE(17)] "WebSocket connection to 'wss://127.0.0.1:5938/' failed: WebSocket is closed before the connection is established.", source: blob:https://signin.ebay.com/fcfb3997-b958-44e8-bd09-996417e0e142 (17)
[17788:12332:0303/110949.719:INFO:CONSOLE(17)] "WebSocket connection to 'wss://127.0.0.1:5901/' failed: WebSocket is closed before the connection is established.", source: blob:https://signin.ebay.com/4aa45441-90a4-485c-8a4b-e63e45ea3e96 (17)
[17788:12332:0303/110949.719:INFO:CONSOLE(17)] "WebSocket connection to 'wss://127.0.0.1:5931/' failed: WebSocket is closed before the connection is established.", source: blob:https://signin.ebay.com/e41b18d7-b94f-4fa6-aaaf-544a8ce9c135 (17)
[17788:12332:0303/110949.719:INFO:CONSOLE(17)] "WebSocket connection to 'wss://127.0.0.1:2112/' failed: WebSocket is closed before the connection is established.", source: blob:https://signin.ebay.com/83510896-b909-4c5f-9384-7486d4062678 (17)
[17788:12332:0303/110949.719:INFO:CONSOLE(17)] "WebSocket connection to 'wss://127.0.0.1:6039/' failed: WebSocket is closed before the connection is established.", source: blob:https://signin.ebay.com/6d672450-92b3-409a-b571-bd04b34138c4 (17)
[17788:12332:0303/110949.720:INFO:CONSOLE(17)] "WebSocket connection to 'wss://127.0.0.1:5944/' failed: WebSocket is closed before the connection is established.", source: blob:https://signin.ebay.com/48b861de-8390-4727-acaf-5cdeea92da67 (17)
[19572:21956:0303/110949.797:INFO:turn_port.cc(1383)] Port[38eb200:0:1:0:relay:Net[any:0:0:0:x:x:x:x:x/0:Wildcard:id=0]]: TURN allocate request sent, id=487041525858533746386f72
[19572:21956:0303/110949.797:INFO:turn_port.cc(1383)] Port[10ac00:0:1:0:relay:Net[any:0.0.0.x/0:Wildcard:id=0]]: TURN allocate request sent, id=584b54767049576471355475
[19572:21956:0303/110949.808:INFO:turn_port.cc(1383)] Port[10ee00:0:1:0:relay:Net[any:0.0.0.x/0:Wildcard:id=0]]: TURN allocate request sent, id=6e476155446567776b562f72
[19572:21956:0303/110949.817:INFO:turn_port.cc(1389)] Port[10ac00:0:1:0:relay:Net[any:0.0.0.x/0:Wildcard:id=0]]: TURN allocate requested successfully, id=584b54767049576471355475, code=0, rtt=21
[19572:21956:0303/110949.817:INFO:basic_port_allocator.cc(973)] Port[10ac00:0:1:0:relay:Net[any:0.0.0.x/0:Wildcard:id=0]]: Gathered candidate: Cand[:470584361:1:udp:33562623:1.22.130.x:33964:relay:1.22.130.x:46446:pI9m:VDTl1ExAtSzvVZyF3rlY9f++:0:999:0]
[19572:21956:0303/110949.817:INFO:basic_port_allocator.cc(1006)] Port[10ac00:0:1:0:relay:Net[any:0.0.0.x/0:Wildcard:id=0]]: Port ready.
[19572:21956:0303/110949.817:INFO:basic_port_allocator.cc(1118)] Port[10ac00:0:1:0:relay:Net[any:0.0.0.x/0:Wildcard:id=0]]: Port completed gathering candidates.
[19572:21956:0303/110949.817:INFO:turn_port.cc(1181)] Port[10ac00:0:1:0:relay:Net[any:0.0.0.x/0:Wildcard:id=0]]: Scheduled refresh in 3540000ms.
[19572:21956:0303/110949.817:INFO:turn_port.cc(1435)] Port[38eb200:0:1:0:relay:Net[any:0:0:0:x:x:x:x:x/0:Wildcard:id=0]]: Received TURN allocate error response, id=487041525858533746386f72, code=401, rtt=21
[19572:21956:0303/110949.817:INFO:turn_port.cc(1383)] Port[38eb200:0:1:0:relay:Net[any:0:0:0:x:x:x:x:x/0:Wildcard:id=0]]: TURN allocate request sent, id=78534e305932385631575464
[19572:21956:0303/110949.822:INFO:turn_port.cc(1435)] Port[10ee00:0:1:0:relay:Net[any:0.0.0.x/0:Wildcard:id=0]]: Received TURN allocate error response, id=6e476155446567776b562f72, code=401, rtt=15
[19572:21956:0303/110949.822:INFO:turn_port.cc(1383)] Port[10ee00:0:1:0:relay:Net[any:0.0.0.x/0:Wildcard:id=0]]: TURN allocate request sent, id=444d6c57594674504e774671
[19572:21956:0303/110950.074:INFO:turn_port.cc(1383)] Port[38eb200:0:1:0:relay:Net[any:0:0:0:x:x:x:x:x/0:Wildcard:id=0]]: TURN allocate request sent, id=78534e305932385631575464
[19572:21956:0303/110950.074:INFO:turn_port.cc(1383)] Port[10ee00:0:1:0:relay:Net[any:0.0.0.x/0:Wildcard:id=0]]: TURN allocate request sent, id=444d6c57594674504e774671
[19572:21956:0303/110950.407:INFO:turn_port.cc(1389)] Port[38eb200:0:1:0:relay:Net[any:0:0:0:x:x:x:x:x/0:Wildcard:id=0]]: TURN allocate requested successfully, id=78534e305932385631575464, code=0, rtt=333
[19572:21956:0303/110950.407:INFO:basic_port_allocator.cc(973)] Port[38eb200:0:1:0:relay:Net[any:0:0:0:x:x:x:x:x/0:Wildcard:id=0]]: Gathered candidate: Cand[:3802552509:1:udp:16785663:1.22.130.x:62272:relay:1.22.130.x:47509:pI9m:VDTl1ExAtSzvVZyF3rlY9f++:0:999:0]
[19572:21956:0303/110950.407:INFO:basic_port_allocator.cc(1006)] Port[38eb200:0:1:0:relay:Net[any:0:0:0:x:x:x:x:x/0:Wildcard:id=0]]: Port ready.
[19572:21956:0303/110950.407:INFO:basic_port_allocator.cc(1118)] Port[38eb200:0:1:0:relay:Net[any:0:0:0:x:x:x:x:x/0:Wildcard:id=0]]: Port completed gathering candidates.
[19572:21956:0303/110950.407:INFO:turn_port.cc(1181)] Port[38eb200:0:1:0:relay:Net[any:0:0:0:x:x:x:x:x/0:Wildcard:id=0]]: Scheduled refresh in 3540000ms.
[19572:21956:0303/110950.588:INFO:turn_port.cc(1383)] Port[10ee00:0:1:0:relay:Net[any:0.0.0.x/0:Wildcard:id=0]]: TURN allocate request sent, id=444d6c57594674504e774671
[19572:21956:0303/110950.682:INFO:turn_port.cc(1389)] Port[10ee00:0:1:0:relay:Net[any:0.0.0.x/0:Wildcard:id=0]]: TURN allocate requested successfully, id=444d6c57594674504e774671, code=0, rtt=94
[19572:21956:0303/110950.682:INFO:basic_port_allocator.cc(973)] Port[10ee00:0:1:0:relay:Net[any:0.0.0.x/0:Wildcard:id=0]]: Gathered candidate: Cand[:3802552509:1:udp:16785663:1.22.130.x:26996:relay:1.22.130.x:47508:pI9m:VDTl1ExAtSzvVZyF3rlY9f++:0:999:0]
[19572:21956:0303/110950.682:INFO:basic_port_allocator.cc(1006)] Port[10ee00:0:1:0:relay:Net[any:0.0.0.x/0:Wildcard:id=0]]: Port ready.
[19572:21956:0303/110950.682:INFO:basic_port_allocator.cc(1118)] Port[10ee00:0:1:0:relay:Net[any:0.0.0.x/0:Wildcard:id=0]]: Port completed gathering candidates.
[19572:21956:0303/110950.682:INFO:basic_port_allocator.cc(1192)] All candidates gathered for 0:1:0
[19572:21956:0303/110950.682:INFO:p2p_transport_channel.cc(1006)] P2PTransportChannel: 0, component 1 gathering complete
[19572:21956:0303/110950.682:INFO:turn_port.cc(1181)] Port[10ee00:0:1:0:relay:Net[any:0.0.0.x/0:Wildcard:id=0]]: Scheduled refresh in 3540000ms.
[29460:20828:0303/110951.204:INFO:cpu_info.cc(53)] Available number of cores: 12
[29064:25012:0303/110951.966:INFO:cpu_info.cc(53)] Available number of cores: 12
[19572:29204:0303/110952.091:INFO:sdp_offer_answer.cc(2915)] Session: 7359003130118577951 Old state: have-local-offer New state: closed
[19572:21956:0303/110952.091:INFO:peer_connection.cc(2594)] Tearing down data channel transport for mid=0
[19572:21956:0303/110952.092:INFO:turn_port.cc(1573)] Port[10ee00:0:1:0:relay:Net[any:0.0.0.x/0:Wildcard:id=0]]: TURN refresh request sent, id=634c636a434563385158395a
[19572:21956:0303/110952.092:INFO:turn_port.cc(1573)] Port[10ac00:0:1:0:relay:Net[any:0.0.0.x/0:Wildcard:id=0]]: TURN refresh request sent, id=6871472b36516f3065455538
[19572:21956:0303/110952.092:INFO:turn_port.cc(1573)] Port[38eb200:0:1:0:relay:Net[any:0:0:0:x:x:x:x:x/0:Wildcard:id=0]]: TURN refresh request sent, id=336561583074474866757162
[19572:29204:0303/110952.105:INFO:sdp_offer_answer.cc(2915)] Session: 8763809773858667556 Old state: have-local-offer New state: closed
[19572:21956:0303/110952.105:INFO:peer_connection.cc(2594)] Tearing down data channel transport for mid=0
[19572:29204:0303/110952.106:INFO:sdp_offer_answer.cc(2915)] Session: 6338200142961241613 Old state: have-local-offer New state: closed
[19572:21956:0303/110952.107:INFO:peer_connection.cc(2594)] Tearing down data channel transport for mid=0
[19572:21956:0303/110952.107:INFO:turn_port.cc(1573)] Port[62de00:0:1:0:relay:Net[any:0.0.0.x/0:Wildcard:id=0]]: TURN refresh request sent, id=627261494679454571317a44
[19572:21956:0303/110952.107:INFO:turn_port.cc(1573)] Port[636800:0:1:0:relay:Net[any:0.0.0.x/0:Wildcard:id=0]]: TURN refresh request sent, id=48424f425044766b5736314d
[19572:21956:0303/110952.108:INFO:turn_port.cc(1573)] Port[38e5200:0:1:0:relay:Net[any:0:0:0:x:x:x:x:x/0:Wildcard:id=0]]: TURN refresh request sent, id=6651453659504d534a4d4a43
[17788:12332:0303/110952.314:INFO:CONSOLE(0)] "[DOM] Input elements should have autocomplete attributes (suggested: "current-password"): (More info: https://goo.gl/9p2vKq) %o", source: https://accounts.google.com/v3/signin/identifier?opparams=%253Flocale%253Den_US&dsh=S-1392147759%3A1740980395305656&client_id=510718330363-s8203tpcr3unvq2n580hoke0590m6rd8.apps.googleusercontent.com&ddm=1&o2v=2&redirect_uri=https%3A%2F%2Fsignin.ebay.com%2Fsignin%2Fggl%2Fcb&response_type=code&scope=openid+email+profile&service=lso&state=dl4xLjEjaV4xI3BeMSNyXjEjZl4wI0leMyN0XlVsNDFYems2UlRRNU9EaEVOME13T1VKQ04wUXpPREEwTlRSQk9UVXpPREJCTURZd01EZGZNVjh4STBWZU1qWXc%3D%7C%7CAQAKAAAAUGKSVxhZ6braSvW2YQLRP6QQkDrd9ufXF4UYSKGsHZ0pSxqAjawjTSCqKtyrlDifUM9C7GiYi5OgWkZqIwJCLMDBr9iSSKbXMFymlPPFAnlz&flowName=GeneralOAuthFlow&continue=https%3A%2F%2Faccounts.google.com%2Fsignin%2Foauth%2Fconsent%3Fauthuser%3Dunknown%26part%3DAJi8hANCTfXoCHPekLkv4TkdA56E_nhhuHrzfbAjlfQDM85xGj4bYx8ph1Ds2g4PBDVJiIrVcTYkg_qUR8HzoEFfX92MpreXT0FLlyg3WMfHjBucErZUJNguM9IvD0KLQDHj6k7dJemfy3_TFwecRmEJEcrb_vXNjR46yO5jh8BIXlMeKCkFqrRJctCbTw4qg3fXaz7qV2OmIZnmxgRxCMxcAg05TIxPvIsLcls6ektrsNtmHHoy60MyGz8RixRH6ordmil7D6wzg0NSo4roek_vt6uSd1pR_6iM-THihN8BSi57KOSNkjVSm1V2S_G5DQV__rXjzEYaZYPkX93PZE-Mn4QbRxNiGVwi2iPt5pI1-b2Qc_bDV_Ddyej5Xe7iae29lF4S8ezmQXDf01EYuZ67ffvSniJxqQDagUkfPaoTiiAevxwPsZ4i42srSsEu1V61w7CRxsGJULe0s_ROLslnVZX3i5Fnrw%26flowName%3DGeneralOAuthFlow%26as%3DS-1392147759%253A1740980395305656%26client_id%3D510718330363-s8203tpcr3unvq2n580hoke0590m6rd8.apps.googleusercontent.com%23&app_domain=https%3A%2F%2Fsignin.ebay.com&rart=ANgoxcf-r_98Tw2dSIr2nWwPsShS47wLSQ-CagNe34OghFCJJGEP_AMSP5-Y_UTeJ4QEgjllg4_A7aQ2arSyZUpx0yVIzchBr6WaAPCetfq692d_9eHBmE0 (0)
[17788:12332:0303/110952.329:INFO:CONSOLE(397)] "%c%s color: red; background: yellow; font-size: 24px; WARNING!", source: https://www.gstatic.com/_/mss/boq-identity/_/js/k=boq-identity.AccountsSignInUi.en_US.qb--w1ok1ms.es5.O/am=iQGTZLgGEBD_c5IBnQGNBEIGAAAAAAAAAABsAAAgcww/d=1/excm=_b,_tp,identifierview/ed=1/dg=0/wt=2/ujg=1/rs=AOaEmlHKNyVGt1o3jHTmXmj09n471DdbcQ/m=_b,_tp (397)
[17788:12332:0303/110952.329:INFO:CONSOLE(397)] "%c%s font-size: 18px; Using this console may allow attackers to impersonate you and steal your information using an attack called Self-XSS.
Do not enter or paste code that you do not understand.", source: https://www.gstatic.com/_/mss/boq-identity/_/js/k=boq-identity.AccountsSignInUi.en_US.qb--w1ok1ms.es5.O/am=iQGTZLgGEBD_c5IBnQGNBEIGAAAAAAAAAABsAAAgcww/d=1/excm=_b,_tp,identifierview/ed=1/dg=0/wt=2/ujg=1/rs=AOaEmlHKNyVGt1o3jHTmXmj09n471DdbcQ/m=_b,_tp (397)
[10976:10224:0303/110952.627:INFO:cpu_info.cc(53)] Available number of cores: 12
[17788:12332:0303/110952.782:WARNING:capture_device_ranking.h(255)] Can't initialize the value of media.audio_input.user_preference_ranking because media.default_audio_capture_device isn't registered or is empty
[17788:12332:0303/110952.782:WARNING:capture_device_ranking.h(255)] Can't initialize the value of media.video_input.user_preference_ranking because media.default_video_capture_Device isn't registered or is empty
[17788:12332:0303/110952.870:WARNING:capture_device_ranking.h(255)] Can't initialize the value of media.audio_input.user_preference_ranking because media.default_audio_capture_device isn't registered or is empty
[17788:12332:0303/110952.870:WARNING:capture_device_ranking.h(255)] Can't initialize the value of media.video_input.user_preference_ranking because media.default_video_capture_Device isn't registered or is empty
[17788:12332:0303/111044.205:WARNING:capture_device_ranking.h(255)] Can't initialize the value of media.audio_input.user_preference_ranking because media.default_audio_capture_device isn't registered or is empty
[17788:12332:0303/111044.205:WARNING:capture_device_ranking.h(255)] Can't initialize the value of media.video_input.user_preference_ranking because media.default_video_capture_Device isn't registered or is empty
[4744:5192:0303/111054.597:INFO:cpu_info.cc(53)] Available number of cores: 12
[32320:28664:0303/111054.710:INFO:cpu_info.cc(53)] Available number of cores: 12
[24316:30616:0303/111055.887:INFO:cpu_info.cc(53)] Available number of cores: 12
[17788:27260:0303/111057.695:ERROR:registration_request.cc(291)] Registration response error message: DEPRECATED_ENDPOINT
[17788:12332:0303/111103.593:INFO:CONSOLE(1)] "[object Object]", source: https://ir.ebaystatic.com/rs/c/oauthwebnode/oauth2.ThirdPartyAuthSucessFailure._index-Cnha2U20.js (1)
[17788:12332:0303/111107.598:INFO:CONSOLE(5)] "done", source: https://auth2.ebay.com/oauth2/ThirdPartyAuthSucessFailure?isAuthSuccessful=true&code=v%5E1.1%23i%5E1%23I%5E3%23p%5E3%23r%5E1%23f%5E0%23t%5EUl41XzY6NUFEMzg4QzNFN0ZBMjIxNzBBOTA3M0VCRjI1ODZEOUVfMV8xI0VeMjYw&expires_in=299 (5)
[6828:31308:0303/111107.737:INFO:cpu_info.cc(53)] Available number of cores: 12
[6192:18096:0303/111107.852:INFO:cpu_info.cc(53)] Available number of cores: 12
[13984:14744:0303/111107.910:INFO:cpu_info.cc(53)] Available number of cores: 12
[28668:11696:0303/111107.923:INFO:cpu_info.cc(53)] Available number of cores: 12
[17788:12332:0303/111107.952:INFO:CONSOLE(5)] "done", source: https://auth2.ebay.com/oauth2/ThirdPartyAuthSucessFailure?isAuthSuccessful=true&code=v%5E1.1%23i%5E1%23I%5E3%23p%5E3%23r%5E1%23f%5E0%23t%5EUl41XzY6NUFEMzg4QzNFN0ZBMjIxNzBBOTA3M0VCRjI1ODZEOUVfMV8xI0VeMjYw&expires_in=299 (5)
[30824:13028:0303/111108.443:INFO:cpu_info.cc(53)] Available number of cores: 12
[17788:27260:0303/111119.495:ERROR:registration_request.cc(291)] Registration response error message: DEPRECATED_ENDPOINT
[31772:30240:0303/111138.869:WARNING:viz_main_impl.cc(85)] VizNullHypothesis is disabled (not a warning)
[17788:27260:0303/111210.592:ERROR:registration_request.cc(291)] Registration response error message: DEPRECATED_ENDPOINT
[17788:27260:0303/111346.389:ERROR:registration_request.cc(291)] Registration response error message: DEPRECATED_ENDPOINT
